2025-03-20 09:54:16,971 [INFO] 日誌文件已切換到新日期: 20250320
2025-03-20 09:54:16,972 [INFO] File update detected: \\192.168.0.10\Files\03_IT\data\system_records_Mar2025.csv
2025-03-20 09:54:16,973 [INFO] Processing system records: system_records_Mar2025.csv
2025-03-20 09:54:17,022 [INFO] Found 297 records
2025-03-20 09:54:17,047 [INFO] Latest record: PF220G76
2025-03-20 09:54:17,210 [INFO] Last processed time: 2025-03-19 17:36:00
2025-03-20 09:54:17,214 [INFO] Current record count - main database: 1538, development database: 1538
2025-03-20 09:54:17,217 [INFO] Found 1 new records to process
2025-03-20 09:54:17,219 [INFO] Updating zerodb database...
2025-03-20 09:54:17,289 [INFO] Processing record in zerodb: SerialNumber=PF220G76, Timestamp=2025-03-20 09:54:00
2025-03-20 09:54:17,297 [INFO] Inserting new record to zerodb: {'serialnumber': 'PF220G76', 'computername': 'DESKTOP-7A5474K', 'manufacturer': 'LENOVO', 'model': '20QGS39N00', 'systemsku': 'LENOVO_MT_20QG_BU_Think_FM_ThinkPad X1 Yoga 4th', 'ram_gb': 16.0, 'disks': '512GB', 'created_at': '3/20/2025 09:54', 'operatingsystem': 'Microsoft Windows 11 Pro 10.0.26100', 'cpu': 'Intel(R) Core(TM) i5-8365U CPU @ 1.60GHz (4C/8T)', 'resolution': '1920x1080', 'graphicscard': 'Microsoft Basic Display Adapter [1920x1080]', 'touchscreen': 'Yes Detected', 'design_capacity': '51010', 'full_charge_capacity': '41780', 'cycle_count': '393', 'battery_health': '81.91'}
2025-03-20 09:54:17,303 [INFO] Successfully inserted record with ID: 1540
2025-03-20 09:54:21,035 [INFO] Label printed: PF220G76
2025-03-20 09:54:22,108 [INFO] Successfully uploaded 1 records to API
2025-03-20 09:54:22,624 [INFO] Updated preview: C:\Users\Zerouniquqe\Documents\projects\label_printer\src\preview.html
2025-03-20 09:54:22,624 [INFO] Processed 1 new records
2025-03-20 09:54:22,625 [INFO] Updating zerodev database...
2025-03-20 09:54:22,693 [INFO] Processing record in zerodev: SerialNumber=PF220G76, Timestamp=2025-03-20 09:54:00
2025-03-20 09:54:22,701 [INFO] Inserting new record to zerodev: {'serialnumber': 'PF220G76', 'computername': 'DESKTOP-7A5474K', 'manufacturer': 'LENOVO', 'model': '20QGS39N00', 'systemsku': 'LENOVO_MT_20QG_BU_Think_FM_ThinkPad X1 Yoga 4th', 'ram_gb': 16.0, 'disks': '512GB', 'created_at': '3/20/2025 09:54', 'operatingsystem': 'Microsoft Windows 11 Pro 10.0.26100', 'cpu': 'Intel(R) Core(TM) i5-8365U CPU @ 1.60GHz (4C/8T)', 'resolution': '1920x1080', 'graphicscard': 'Microsoft Basic Display Adapter [1920x1080]', 'touchscreen': 'Yes Detected', 'design_capacity': '51010', 'full_charge_capacity': '41780', 'cycle_count': '393', 'battery_health': '81.91'}
2025-03-20 09:54:22,706 [INFO] Successfully inserted record with ID: 1540
2025-03-20 09:54:23,137 [INFO] Updated preview: C:\Users\Zerouniquqe\Documents\projects\label_printer\src\preview.html
2025-03-20 09:54:23,137 [INFO] Processed 1 new records
2025-03-20 09:54:23,411 [INFO] Updated record counts - zerodb: 1539, zerodev: 1539
2025-03-20 09:54:23,826 [INFO] Updated preview: C:\Users\Zerouniquqe\Documents\projects\label_printer\src\preview.html
2025-03-20 10:34:51,755 [INFO] File update detected: \\192.168.0.10\Files\03_IT\data\system_records_Mar2025.csv
2025-03-20 10:34:51,756 [INFO] Processing system records: system_records_Mar2025.csv
2025-03-20 10:34:51,790 [INFO] Found 298 records
2025-03-20 10:34:51,812 [INFO] Latest record: PF298SLY
2025-03-20 10:34:51,997 [INFO] Last processed time: 2025-03-20 09:54:00
2025-03-20 10:34:52,001 [INFO] Current record count - main database: 1539, development database: 1539
2025-03-20 10:34:52,003 [INFO] Found 1 new records to process
2025-03-20 10:34:52,004 [INFO] Updating zerodb database...
2025-03-20 10:34:52,075 [INFO] Processing record in zerodb: SerialNumber=PF298SLY, Timestamp=2025-03-20 10:34:00
2025-03-20 10:34:52,083 [INFO] Inserting new record to zerodb: {'serialnumber': 'PF298SLY', 'computername': 'DESKTOP-L4N49BI', 'manufacturer': 'LENOVO', 'model': '20QGS39N00', 'systemsku': 'LENOVO_MT_20QG_BU_Think_FM_ThinkPad X1 Yoga 4th', 'ram_gb': 16.0, 'disks': '512GB', 'created_at': '3/20/2025 10:34', 'operatingsystem': 'Microsoft Windows 11 Pro 10.0.26100', 'cpu': 'Intel(R) Core(TM) i5-8365U CPU @ 1.60GHz (4C/8T)', 'resolution': '1920x1080', 'graphicscard': 'Microsoft Basic Display Adapter [1920x1080]', 'touchscreen': 'Yes Detected', 'design_capacity': '51010', 'full_charge_capacity': '39100', 'cycle_count': '157', 'battery_health': '76.65'}
2025-03-20 10:34:52,115 [INFO] Successfully inserted record with ID: 1541
2025-03-20 10:34:55,784 [INFO] Label printed: PF298SLY
2025-03-20 10:34:56,501 [INFO] Successfully uploaded 1 records to API
2025-03-20 10:34:56,885 [INFO] Updated preview: C:\Users\Zerouniquqe\Documents\projects\label_printer\src\preview.html
2025-03-20 10:34:56,885 [INFO] Processed 1 new records
2025-03-20 10:34:56,886 [INFO] Updating zerodev database...
2025-03-20 10:34:56,965 [INFO] Processing record in zerodev: SerialNumber=PF298SLY, Timestamp=2025-03-20 10:34:00
2025-03-20 10:34:56,973 [INFO] Inserting new record to zerodev: {'serialnumber': 'PF298SLY', 'computername': 'DESKTOP-L4N49BI', 'manufacturer': 'LENOVO', 'model': '20QGS39N00', 'systemsku': 'LENOVO_MT_20QG_BU_Think_FM_ThinkPad X1 Yoga 4th', 'ram_gb': 16.0, 'disks': '512GB', 'created_at': '3/20/2025 10:34', 'operatingsystem': 'Microsoft Windows 11 Pro 10.0.26100', 'cpu': 'Intel(R) Core(TM) i5-8365U CPU @ 1.60GHz (4C/8T)', 'resolution': '1920x1080', 'graphicscard': 'Microsoft Basic Display Adapter [1920x1080]', 'touchscreen': 'Yes Detected', 'design_capacity': '51010', 'full_charge_capacity': '39100', 'cycle_count': '157', 'battery_health': '76.65'}
2025-03-20 10:34:56,979 [INFO] Successfully inserted record with ID: 1541
2025-03-20 10:34:57,389 [INFO] Updated preview: C:\Users\Zerouniquqe\Documents\projects\label_printer\src\preview.html
2025-03-20 10:34:57,389 [INFO] Processed 1 new records
2025-03-20 10:34:57,662 [INFO] Updated record counts - zerodb: 1540, zerodev: 1540
2025-03-20 10:34:58,044 [INFO] Updated preview: C:\Users\Zerouniquqe\Documents\projects\label_printer\src\preview.html
2025-03-20 10:35:00,156 [INFO] File update detected: \\192.168.0.10\Files\03_IT\data\product_keys_Mar2025.csv
2025-03-20 10:35:00,156 [INFO] Processing product keys from: \\192.168.0.10\Files\03_IT\data\product_keys_Mar2025.csv
2025-03-20 10:35:00,175 [INFO] Found 178 records in CSV
2025-03-20 10:35:00,680 [INFO] Processed total: 178 records
2025-03-20 10:35:00,681 [INFO] Updated: 177 records
2025-03-20 10:35:00,681 [INFO] Added: 1 new records
2025-03-20 10:35:01,034 [INFO] Updated preview: C:\Users\Zerouniquqe\Documents\projects\label_printer\src\preview.html
2025-03-20 10:43:34,333 [INFO] File update detected: \\192.168.0.10\Files\03_IT\data\system_records_Mar2025.csv
2025-03-20 10:43:34,333 [INFO] Processing system records: system_records_Mar2025.csv
2025-03-20 10:43:34,364 [INFO] Found 299 records
2025-03-20 10:43:34,387 [INFO] Latest record: PF1D3MH8
2025-03-20 10:43:34,558 [INFO] Last processed time: 2025-03-20 10:34:00
2025-03-20 10:43:34,562 [INFO] Current record count - main database: 1540, development database: 1540
2025-03-20 10:43:34,565 [INFO] Found 1 new records to process
2025-03-20 10:43:34,565 [INFO] Updating zerodb database...
2025-03-20 10:43:34,640 [INFO] Processing record in zerodb: SerialNumber=PF1D3MH8, Timestamp=2025-03-20 10:43:00
2025-03-20 10:43:34,648 [INFO] Inserting new record to zerodb: {'serialnumber': 'PF1D3MH8', 'computername': 'DESKTOP-L4N49BI', 'manufacturer': 'LENOVO', 'model': '20QGS39N00', 'systemsku': 'LENOVO_MT_20QG_BU_Think_FM_ThinkPad X1 Yoga 4th', 'ram_gb': 16.0, 'disks': '512GB', 'created_at': '3/20/2025 10:43', 'operatingsystem': 'Microsoft Windows 11 Pro 10.0.26100', 'cpu': 'Intel(R) Core(TM) i5-8365U CPU @ 1.60GHz (4C/8T)', 'resolution': '1920x1080', 'graphicscard': 'Microsoft Basic Display Adapter [1920x1080]', 'touchscreen': 'Yes Detected', 'design_capacity': '51010', 'full_charge_capacity': '42340', 'cycle_count': '91', 'battery_health': '83'}
2025-03-20 10:43:34,653 [INFO] Successfully inserted record with ID: 1542
2025-03-20 10:43:38,316 [INFO] Label printed: PF1D3MH8
2025-03-20 10:43:38,801 [INFO] Successfully uploaded 1 records to API
2025-03-20 10:43:39,205 [INFO] Updated preview: C:\Users\Zerouniquqe\Documents\projects\label_printer\src\preview.html
2025-03-20 10:43:39,206 [INFO] Processed 1 new records
2025-03-20 10:43:39,206 [INFO] Updating zerodev database...
2025-03-20 10:43:39,275 [INFO] Processing record in zerodev: SerialNumber=PF1D3MH8, Timestamp=2025-03-20 10:43:00
2025-03-20 10:43:39,283 [INFO] Inserting new record to zerodev: {'serialnumber': 'PF1D3MH8', 'computername': 'DESKTOP-L4N49BI', 'manufacturer': 'LENOVO', 'model': '20QGS39N00', 'systemsku': 'LENOVO_MT_20QG_BU_Think_FM_ThinkPad X1 Yoga 4th', 'ram_gb': 16.0, 'disks': '512GB', 'created_at': '3/20/2025 10:43', 'operatingsystem': 'Microsoft Windows 11 Pro 10.0.26100', 'cpu': 'Intel(R) Core(TM) i5-8365U CPU @ 1.60GHz (4C/8T)', 'resolution': '1920x1080', 'graphicscard': 'Microsoft Basic Display Adapter [1920x1080]', 'touchscreen': 'Yes Detected', 'design_capacity': '51010', 'full_charge_capacity': '42340', 'cycle_count': '91', 'battery_health': '83'}
2025-03-20 10:43:39,288 [INFO] Successfully inserted record with ID: 1542
2025-03-20 10:43:39,692 [INFO] Updated preview: C:\Users\Zerouniquqe\Documents\projects\label_printer\src\preview.html
2025-03-20 10:43:39,693 [INFO] Processed 1 new records
2025-03-20 10:43:39,858 [INFO] Updated record counts - zerodb: 1541, zerodev: 1541
2025-03-20 10:43:40,271 [INFO] Updated preview: C:\Users\Zerouniquqe\Documents\projects\label_printer\src\preview.html
2025-03-20 11:13:10,574 [INFO] File update detected: \\192.168.0.10\Files\03_IT\data\system_records_Mar2025.csv
2025-03-20 11:13:10,575 [INFO] Processing system records: system_records_Mar2025.csv
2025-03-20 11:13:10,613 [INFO] Found 300 records
2025-03-20 11:13:10,636 [INFO] Latest record: PF27Y5TE
2025-03-20 11:13:10,776 [INFO] Last processed time: 2025-03-20 10:43:00
2025-03-20 11:13:10,779 [INFO] Current record count - main database: 1541, development database: 1541
2025-03-20 11:13:10,782 [INFO] Found 1 new records to process
2025-03-20 11:13:10,782 [INFO] Updating zerodb database...
2025-03-20 11:13:10,862 [INFO] Processing record in zerodb: SerialNumber=PF27Y5TE, Timestamp=2025-03-20 11:13:00
2025-03-20 11:13:10,870 [INFO] Inserting new record to zerodb: {'serialnumber': 'PF27Y5TE', 'computername': 'DESKTOP-L4N49BI', 'manufacturer': 'LENOVO', 'model': '20QGS39N00', 'systemsku': 'LENOVO_MT_20QG_BU_Think_FM_ThinkPad X1 Yoga 4th', 'ram_gb': 16.0, 'disks': '512GB', 'created_at': '3/20/2025 11:13', 'operatingsystem': 'Microsoft Windows 11 Pro 10.0.26100', 'cpu': 'Intel(R) Core(TM) i5-8365U CPU @ 1.60GHz (4C/8T)', 'resolution': '1920x1080', 'graphicscard': 'Microsoft Basic Display Adapter [1920x1080]', 'touchscreen': 'Yes Detected', 'design_capacity': '51000', 'full_charge_capacity': '51990', 'cycle_count': '273', 'battery_health': '101.94'}
2025-03-20 11:13:10,876 [INFO] Successfully inserted record with ID: 1543
2025-03-20 11:13:14,537 [INFO] Label printed: PF27Y5TE
2025-03-20 11:13:16,952 [INFO] Successfully uploaded 1 records to API
2025-03-20 11:13:17,356 [INFO] Updated preview: C:\Users\Zerouniquqe\Documents\projects\label_printer\src\preview.html
2025-03-20 11:13:17,356 [INFO] Processed 1 new records
2025-03-20 11:13:17,357 [INFO] Updating zerodev database...
2025-03-20 11:13:17,422 [INFO] Processing record in zerodev: SerialNumber=PF27Y5TE, Timestamp=2025-03-20 11:13:00
2025-03-20 11:13:17,430 [INFO] Inserting new record to zerodev: {'serialnumber': 'PF27Y5TE', 'computername': 'DESKTOP-L4N49BI', 'manufacturer': 'LENOVO', 'model': '20QGS39N00', 'systemsku': 'LENOVO_MT_20QG_BU_Think_FM_ThinkPad X1 Yoga 4th', 'ram_gb': 16.0, 'disks': '512GB', 'created_at': '3/20/2025 11:13', 'operatingsystem': 'Microsoft Windows 11 Pro 10.0.26100', 'cpu': 'Intel(R) Core(TM) i5-8365U CPU @ 1.60GHz (4C/8T)', 'resolution': '1920x1080', 'graphicscard': 'Microsoft Basic Display Adapter [1920x1080]', 'touchscreen': 'Yes Detected', 'design_capacity': '51000', 'full_charge_capacity': '51990', 'cycle_count': '273', 'battery_health': '101.94'}
2025-03-20 11:13:17,435 [INFO] Successfully inserted record with ID: 1543
2025-03-20 11:13:17,929 [INFO] Updated preview: C:\Users\Zerouniquqe\Documents\projects\label_printer\src\preview.html
2025-03-20 11:13:17,929 [INFO] Processed 1 new records
2025-03-20 11:13:18,099 [INFO] Updated record counts - zerodb: 1542, zerodev: 1542
2025-03-20 11:13:18,486 [INFO] Updated preview: C:\Users\Zerouniquqe\Documents\projects\label_printer\src\preview.html
2025-03-20 11:24:16,032 [INFO] File update detected: \\192.168.0.10\Files\03_IT\data\system_records_Mar2025.csv
2025-03-20 11:24:16,033 [INFO] Processing system records: system_records_Mar2025.csv
2025-03-20 11:24:16,065 [INFO] Found 301 records
2025-03-20 11:24:16,087 [INFO] Latest record: PF2204TJ
2025-03-20 11:24:16,258 [INFO] Last processed time: 2025-03-20 11:13:00
2025-03-20 11:24:16,262 [INFO] Current record count - main database: 1542, development database: 1542
2025-03-20 11:24:16,264 [INFO] Found 1 new records to process
2025-03-20 11:24:16,265 [INFO] Updating zerodb database...
2025-03-20 11:24:16,343 [INFO] Processing record in zerodb: SerialNumber=PF2204TJ, Timestamp=2025-03-20 11:24:00
2025-03-20 11:24:16,351 [INFO] Inserting new record to zerodb: {'serialnumber': 'PF2204TJ', 'computername': 'DESKTOP-L4N49BI', 'manufacturer': 'LENOVO', 'model': '20QGS39N00', 'systemsku': 'LENOVO_MT_20QG_BU_Think_FM_ThinkPad X1 Yoga 4th', 'ram_gb': 16.0, 'disks': '512GB', 'created_at': '3/20/2025 11:24', 'operatingsystem': 'Microsoft Windows 11 Pro 10.0.26100', 'cpu': 'Intel(R) Core(TM) i5-8365U CPU @ 1.60GHz (4C/8T)', 'resolution': '1920x1080', 'graphicscard': 'Microsoft Basic Display Adapter [1920x1080]', 'touchscreen': 'Yes Detected', 'design_capacity': '51010', 'full_charge_capacity': '39530', 'cycle_count': '1875', 'battery_health': '77.49'}
2025-03-20 11:24:16,356 [INFO] Successfully inserted record with ID: 1544
2025-03-20 11:24:20,014 [INFO] Label printed: PF2204TJ
2025-03-20 11:24:20,574 [INFO] Successfully uploaded 1 records to API
2025-03-20 11:24:20,980 [INFO] Updated preview: C:\Users\Zerouniquqe\Documents\projects\label_printer\src\preview.html
2025-03-20 11:24:20,981 [INFO] Processed 1 new records
2025-03-20 11:24:20,981 [INFO] Updating zerodev database...
2025-03-20 11:24:21,048 [INFO] Processing record in zerodev: SerialNumber=PF2204TJ, Timestamp=2025-03-20 11:24:00
2025-03-20 11:24:21,057 [INFO] Inserting new record to zerodev: {'serialnumber': 'PF2204TJ', 'computername': 'DESKTOP-L4N49BI', 'manufacturer': 'LENOVO', 'model': '20QGS39N00', 'systemsku': 'LENOVO_MT_20QG_BU_Think_FM_ThinkPad X1 Yoga 4th', 'ram_gb': 16.0, 'disks': '512GB', 'created_at': '3/20/2025 11:24', 'operatingsystem': 'Microsoft Windows 11 Pro 10.0.26100', 'cpu': 'Intel(R) Core(TM) i5-8365U CPU @ 1.60GHz (4C/8T)', 'resolution': '1920x1080', 'graphicscard': 'Microsoft Basic Display Adapter [1920x1080]', 'touchscreen': 'Yes Detected', 'design_capacity': '51010', 'full_charge_capacity': '39530', 'cycle_count': '1875', 'battery_health': '77.49'}
2025-03-20 11:24:21,064 [INFO] Successfully inserted record with ID: 1544
2025-03-20 11:24:21,482 [INFO] Updated preview: C:\Users\Zerouniquqe\Documents\projects\label_printer\src\preview.html
2025-03-20 11:24:21,482 [INFO] Processed 1 new records
2025-03-20 11:24:21,627 [INFO] Updated record counts - zerodb: 1543, zerodev: 1543
2025-03-20 11:24:22,046 [INFO] Updated preview: C:\Users\Zerouniquqe\Documents\projects\label_printer\src\preview.html
2025-03-20 11:24:24,160 [INFO] File update detected: \\192.168.0.10\Files\03_IT\data\product_keys_Mar2025.csv
2025-03-20 11:24:24,160 [INFO] Processing product keys from: \\192.168.0.10\Files\03_IT\data\product_keys_Mar2025.csv
2025-03-20 11:24:24,183 [INFO] Found 179 records in CSV
2025-03-20 11:24:24,830 [INFO] Processed total: 179 records
2025-03-20 11:24:24,830 [INFO] Updated: 178 records
2025-03-20 11:24:24,830 [INFO] Added: 1 new records
2025-03-20 11:24:25,204 [INFO] Updated preview: C:\Users\Zerouniquqe\Documents\projects\label_printer\src\preview.html
2025-03-20 11:44:53,444 [INFO] File update detected: \\192.168.0.10\Files\03_IT\data\system_records_Mar2025.csv
2025-03-20 11:44:53,444 [INFO] Processing system records: system_records_Mar2025.csv
2025-03-20 11:44:53,470 [INFO] Found 302 records
2025-03-20 11:44:53,493 [INFO] Latest record: PF1D8EV7
2025-03-20 11:44:53,651 [INFO] Last processed time: 2025-03-20 11:24:00
2025-03-20 11:44:53,656 [INFO] Current record count - main database: 1543, development database: 1543
2025-03-20 11:44:53,658 [INFO] Found 1 new records to process
2025-03-20 11:44:53,658 [INFO] Updating zerodb database...
2025-03-20 11:44:53,718 [INFO] Processing record in zerodb: SerialNumber=PF1D8EV7, Timestamp=2025-03-20 11:44:00
2025-03-20 11:44:53,725 [INFO] Inserting new record to zerodb: {'serialnumber': 'PF1D8EV7', 'computername': 'DESKTOP-L4N49BI', 'manufacturer': 'LENOVO', 'model': '20QGS39N00', 'systemsku': 'LENOVO_MT_20QG_BU_Think_FM_ThinkPad X1 Yoga 4th', 'ram_gb': 16.0, 'disks': '512GB', 'created_at': '3/20/2025 11:44', 'operatingsystem': 'Microsoft Windows 11 Pro 10.0.26100', 'cpu': 'Intel(R) Core(TM) i5-8365U CPU @ 1.60GHz (4C/8T)', 'resolution': '1920x1080', 'graphicscard': 'Intel(R) UHD Graphics 620 [1920x1080]', 'touchscreen': 'Yes Detected', 'design_capacity': '51010', 'full_charge_capacity': '42100', 'cycle_count': '104', 'battery_health': '82.53'}
2025-03-20 11:44:53,729 [INFO] Successfully inserted record with ID: 1545
2025-03-20 11:44:57,391 [INFO] Label printed: PF1D8EV7
2025-03-20 11:44:57,828 [INFO] Successfully uploaded 1 records to API
2025-03-20 11:44:58,254 [INFO] Updated preview: C:\Users\Zerouniquqe\Documents\projects\label_printer\src\preview.html
2025-03-20 11:44:58,254 [INFO] Processed 1 new records
2025-03-20 11:44:58,255 [INFO] Updating zerodev database...
2025-03-20 11:44:58,425 [INFO] Processing record in zerodev: SerialNumber=PF1D8EV7, Timestamp=2025-03-20 11:44:00
2025-03-20 11:44:58,439 [INFO] Inserting new record to zerodev: {'serialnumber': 'PF1D8EV7', 'computername': 'DESKTOP-L4N49BI', 'manufacturer': 'LENOVO', 'model': '20QGS39N00', 'systemsku': 'LENOVO_MT_20QG_BU_Think_FM_ThinkPad X1 Yoga 4th', 'ram_gb': 16.0, 'disks': '512GB', 'created_at': '3/20/2025 11:44', 'operatingsystem': 'Microsoft Windows 11 Pro 10.0.26100', 'cpu': 'Intel(R) Core(TM) i5-8365U CPU @ 1.60GHz (4C/8T)', 'resolution': '1920x1080', 'graphicscard': 'Intel(R) UHD Graphics 620 [1920x1080]', 'touchscreen': 'Yes Detected', 'design_capacity': '51010', 'full_charge_capacity': '42100', 'cycle_count': '104', 'battery_health': '82.53'}
2025-03-20 11:44:58,451 [INFO] Successfully inserted record with ID: 1545
2025-03-20 11:44:58,864 [INFO] Updated preview: C:\Users\Zerouniquqe\Documents\projects\label_printer\src\preview.html
2025-03-20 11:44:58,865 [INFO] Processed 1 new records
2025-03-20 11:44:59,016 [INFO] Updated record counts - zerodb: 1544, zerodev: 1544
2025-03-20 11:44:59,424 [INFO] Updated preview: C:\Users\Zerouniquqe\Documents\projects\label_printer\src\preview.html
2025-03-20 11:45:01,550 [INFO] File update detected: \\192.168.0.10\Files\03_IT\data\product_keys_Mar2025.csv
2025-03-20 11:45:01,550 [INFO] Processing product keys from: \\192.168.0.10\Files\03_IT\data\product_keys_Mar2025.csv
2025-03-20 11:45:01,575 [INFO] Found 180 records in CSV
2025-03-20 11:45:02,113 [INFO] Processed total: 180 records
2025-03-20 11:45:02,114 [INFO] Updated: 179 records
2025-03-20 11:45:02,114 [INFO] Added: 1 new records
2025-03-20 11:45:02,540 [INFO] Updated preview: C:\Users\Zerouniquqe\Documents\projects\label_printer\src\preview.html
2025-03-20 11:52:48,332 [INFO] File update detected: \\192.168.0.10\Files\03_IT\data\system_records_Mar2025.csv
2025-03-20 11:52:48,332 [INFO] Processing system records: system_records_Mar2025.csv
2025-03-20 11:52:48,366 [INFO] Found 303 records
2025-03-20 11:52:48,389 [INFO] Latest record: PF1D8GX8
2025-03-20 11:52:48,587 [INFO] Last processed time: 2025-03-20 11:44:00
2025-03-20 11:52:48,590 [INFO] Current record count - main database: 1544, development database: 1544
2025-03-20 11:52:48,592 [INFO] Found 1 new records to process
2025-03-20 11:52:48,592 [INFO] Updating zerodb database...
2025-03-20 11:52:48,662 [INFO] Processing record in zerodb: SerialNumber=PF1D8GX8, Timestamp=2025-03-20 11:52:00
2025-03-20 11:52:48,669 [INFO] Inserting new record to zerodb: {'serialnumber': 'PF1D8GX8', 'computername': 'DESKTOP-L4N49BI', 'manufacturer': 'LENOVO', 'model': '20QGS39N00', 'systemsku': 'LENOVO_MT_20QG_BU_Think_FM_ThinkPad X1 Yoga 4th', 'ram_gb': 16.0, 'disks': '512GB', 'created_at': '3/20/2025 11:52', 'operatingsystem': 'Microsoft Windows 11 Pro 10.0.26100', 'cpu': 'Intel(R) Core(TM) i5-8365U CPU @ 1.60GHz (4C/8T)', 'resolution': '1920x1080', 'graphicscard': 'Intel(R) UHD Graphics 620 [1920x1080]', 'touchscreen': 'Yes Detected', 'design_capacity': '51010', 'full_charge_capacity': '41500', 'cycle_count': '490', 'battery_health': '81.36'}
2025-03-20 11:52:48,674 [INFO] Successfully inserted record with ID: 1546
2025-03-20 11:52:52,361 [INFO] Label printed: PF1D8GX8
2025-03-20 11:52:53,075 [INFO] Successfully uploaded 1 records to API
2025-03-20 11:52:53,500 [INFO] Updated preview: C:\Users\Zerouniquqe\Documents\projects\label_printer\src\preview.html
2025-03-20 11:52:53,500 [INFO] Processed 1 new records
2025-03-20 11:52:53,500 [INFO] Updating zerodev database...
2025-03-20 11:52:53,588 [INFO] Processing record in zerodev: SerialNumber=PF1D8GX8, Timestamp=2025-03-20 11:52:00
2025-03-20 11:52:53,597 [INFO] Inserting new record to zerodev: {'serialnumber': 'PF1D8GX8', 'computername': 'DESKTOP-L4N49BI', 'manufacturer': 'LENOVO', 'model': '20QGS39N00', 'systemsku': 'LENOVO_MT_20QG_BU_Think_FM_ThinkPad X1 Yoga 4th', 'ram_gb': 16.0, 'disks': '512GB', 'created_at': '3/20/2025 11:52', 'operatingsystem': 'Microsoft Windows 11 Pro 10.0.26100', 'cpu': 'Intel(R) Core(TM) i5-8365U CPU @ 1.60GHz (4C/8T)', 'resolution': '1920x1080', 'graphicscard': 'Intel(R) UHD Graphics 620 [1920x1080]', 'touchscreen': 'Yes Detected', 'design_capacity': '51010', 'full_charge_capacity': '41500', 'cycle_count': '490', 'battery_health': '81.36'}
2025-03-20 11:52:53,603 [INFO] Successfully inserted record with ID: 1546
2025-03-20 11:52:54,017 [INFO] Updated preview: C:\Users\Zerouniquqe\Documents\projects\label_printer\src\preview.html
2025-03-20 11:52:54,018 [INFO] Processed 1 new records
2025-03-20 11:52:54,196 [INFO] Updated record counts - zerodb: 1545, zerodev: 1545
2025-03-20 11:52:54,703 [INFO] Updated preview: C:\Users\Zerouniquqe\Documents\projects\label_printer\src\preview.html
2025-03-20 11:58:48,010 [INFO] File update detected: \\192.168.0.10\Files\03_IT\data\system_records_Mar2025.csv
2025-03-20 11:58:48,010 [INFO] Processing system records: system_records_Mar2025.csv
2025-03-20 11:58:48,038 [INFO] Found 304 records
2025-03-20 11:58:48,062 [INFO] Latest record: PF27LVTH
2025-03-20 11:58:48,320 [INFO] Last processed time: 2025-03-20 11:52:00
2025-03-20 11:58:48,327 [INFO] Current record count - main database: 1545, development database: 1545
2025-03-20 11:58:48,329 [INFO] Found 1 new records to process
2025-03-20 11:58:48,329 [INFO] Updating zerodb database...
2025-03-20 11:58:48,389 [INFO] Processing record in zerodb: SerialNumber=PF27LVTH, Timestamp=2025-03-20 11:58:00
2025-03-20 11:58:48,397 [INFO] Inserting new record to zerodb: {'serialnumber': 'PF27LVTH', 'computername': 'DESKTOP-L4N49BI', 'manufacturer': 'LENOVO', 'model': '20QGS39N00', 'systemsku': 'LENOVO_MT_20QG_BU_Think_FM_ThinkPad X1 Yoga 4th', 'ram_gb': 16.0, 'disks': '512GB', 'created_at': '3/20/2025 11:58', 'operatingsystem': 'Microsoft Windows 11 Pro 10.0.26100', 'cpu': 'Intel(R) Core(TM) i5-8365U CPU @ 1.60GHz (4C/8T)', 'resolution': '1920x1080', 'graphicscard': 'Intel(R) UHD Graphics 620 [1920x1080]', 'touchscreen': 'Yes Detected', 'design_capacity': '51010', 'full_charge_capacity': '43170', 'cycle_count': '434', 'battery_health': '84.63'}
2025-03-20 11:58:48,401 [INFO] Successfully inserted record with ID: 1547
2025-03-20 11:58:52,051 [INFO] Label printed: PF27LVTH
2025-03-20 11:58:53,526 [INFO] Successfully uploaded 1 records to API
2025-03-20 11:58:53,964 [INFO] Updated preview: C:\Users\Zerouniquqe\Documents\projects\label_printer\src\preview.html
2025-03-20 11:58:53,964 [INFO] Processed 1 new records
2025-03-20 11:58:53,964 [INFO] Updating zerodev database...
2025-03-20 11:58:54,040 [INFO] Processing record in zerodev: SerialNumber=PF27LVTH, Timestamp=2025-03-20 11:58:00
2025-03-20 11:58:54,048 [INFO] Inserting new record to zerodev: {'serialnumber': 'PF27LVTH', 'computername': 'DESKTOP-L4N49BI', 'manufacturer': 'LENOVO', 'model': '20QGS39N00', 'systemsku': 'LENOVO_MT_20QG_BU_Think_FM_ThinkPad X1 Yoga 4th', 'ram_gb': 16.0, 'disks': '512GB', 'created_at': '3/20/2025 11:58', 'operatingsystem': 'Microsoft Windows 11 Pro 10.0.26100', 'cpu': 'Intel(R) Core(TM) i5-8365U CPU @ 1.60GHz (4C/8T)', 'resolution': '1920x1080', 'graphicscard': 'Intel(R) UHD Graphics 620 [1920x1080]', 'touchscreen': 'Yes Detected', 'design_capacity': '51010', 'full_charge_capacity': '43170', 'cycle_count': '434', 'battery_health': '84.63'}
2025-03-20 11:58:54,055 [INFO] Successfully inserted record with ID: 1547
2025-03-20 11:58:54,494 [INFO] Updated preview: C:\Users\Zerouniquqe\Documents\projects\label_printer\src\preview.html
2025-03-20 11:58:54,495 [INFO] Processed 1 new records
2025-03-20 11:58:54,624 [INFO] Updated record counts - zerodb: 1546, zerodev: 1546
2025-03-20 11:58:55,028 [INFO] Updated preview: C:\Users\Zerouniquqe\Documents\projects\label_printer\src\preview.html
2025-03-20 11:58:57,141 [INFO] File update detected: \\192.168.0.10\Files\03_IT\data\product_keys_Mar2025.csv
2025-03-20 11:58:57,141 [INFO] Processing product keys from: \\192.168.0.10\Files\03_IT\data\product_keys_Mar2025.csv
2025-03-20 11:58:57,160 [INFO] Found 181 records in CSV
2025-03-20 11:58:57,693 [INFO] Processed total: 181 records
2025-03-20 11:58:57,693 [INFO] Updated: 180 records
2025-03-20 11:58:57,694 [INFO] Added: 1 new records
2025-03-20 11:58:58,083 [INFO] Updated preview: C:\Users\Zerouniquqe\Documents\projects\label_printer\src\preview.html
2025-03-20 12:06:31,048 [INFO] File update detected: \\192.168.0.10\Files\03_IT\data\system_records_Mar2025.csv
2025-03-20 12:06:31,048 [INFO] Processing system records: system_records_Mar2025.csv
2025-03-20 12:06:31,076 [INFO] Found 305 records
2025-03-20 12:06:31,098 [INFO] Latest record: PF297Q4M
2025-03-20 12:06:31,292 [INFO] Last processed time: 2025-03-20 11:58:00
2025-03-20 12:06:31,296 [INFO] Current record count - main database: 1546, development database: 1546
2025-03-20 12:06:31,299 [INFO] Found 1 new records to process
2025-03-20 12:06:31,300 [INFO] Updating zerodb database...
2025-03-20 12:06:31,368 [INFO] Processing record in zerodb: SerialNumber=PF297Q4M, Timestamp=2025-03-20 12:06:00
2025-03-20 12:06:31,376 [INFO] Inserting new record to zerodb: {'serialnumber': 'PF297Q4M', 'computername': 'DESKTOP-L4N49BI', 'manufacturer': 'LENOVO', 'model': '20QGS39N00', 'systemsku': 'LENOVO_MT_20QG_BU_Think_FM_ThinkPad X1 Yoga 4th', 'ram_gb': 16.0, 'disks': '512GB', 'created_at': '3/20/2025 12:06', 'operatingsystem': 'Microsoft Windows 11 Pro 10.0.26100', 'cpu': 'Intel(R) Core(TM) i5-8365U CPU @ 1.60GHz (4C/8T)', 'resolution': '1920x1080', 'graphicscard': 'Intel(R) UHD Graphics 620 [1920x1080]', 'touchscreen': 'Yes Detected', 'design_capacity': '51010', 'full_charge_capacity': '44170', 'cycle_count': '302', 'battery_health': '86.59'}
2025-03-20 12:06:31,381 [INFO] Successfully inserted record with ID: 1548
2025-03-20 12:06:35,031 [INFO] Label printed: PF297Q4M
2025-03-20 12:06:35,847 [INFO] Successfully uploaded 1 records to API
2025-03-20 12:06:36,241 [INFO] Updated preview: C:\Users\Zerouniquqe\Documents\projects\label_printer\src\preview.html
2025-03-20 12:06:36,241 [INFO] Processed 1 new records
2025-03-20 12:06:36,242 [INFO] Updating zerodev database...
2025-03-20 12:06:36,317 [INFO] Processing record in zerodev: SerialNumber=PF297Q4M, Timestamp=2025-03-20 12:06:00
2025-03-20 12:06:36,326 [INFO] Inserting new record to zerodev: {'serialnumber': 'PF297Q4M', 'computername': 'DESKTOP-L4N49BI', 'manufacturer': 'LENOVO', 'model': '20QGS39N00', 'systemsku': 'LENOVO_MT_20QG_BU_Think_FM_ThinkPad X1 Yoga 4th', 'ram_gb': 16.0, 'disks': '512GB', 'created_at': '3/20/2025 12:06', 'operatingsystem': 'Microsoft Windows 11 Pro 10.0.26100', 'cpu': 'Intel(R) Core(TM) i5-8365U CPU @ 1.60GHz (4C/8T)', 'resolution': '1920x1080', 'graphicscard': 'Intel(R) UHD Graphics 620 [1920x1080]', 'touchscreen': 'Yes Detected', 'design_capacity': '51010', 'full_charge_capacity': '44170', 'cycle_count': '302', 'battery_health': '86.59'}
2025-03-20 12:06:36,332 [INFO] Successfully inserted record with ID: 1548
2025-03-20 12:06:36,750 [INFO] Updated preview: C:\Users\Zerouniquqe\Documents\projects\label_printer\src\preview.html
2025-03-20 12:06:36,750 [INFO] Processed 1 new records
2025-03-20 12:06:36,912 [INFO] Updated record counts - zerodb: 1547, zerodev: 1547
2025-03-20 12:06:37,310 [INFO] Updated preview: C:\Users\Zerouniquqe\Documents\projects\label_printer\src\preview.html
2025-03-20 12:15:25,878 [INFO] File update detected: \\192.168.0.10\Files\03_IT\data\system_records_Mar2025.csv
2025-03-20 12:15:25,878 [INFO] Processing system records: system_records_Mar2025.csv
2025-03-20 12:15:25,909 [INFO] Found 306 records
2025-03-20 12:15:25,932 [INFO] Latest record: PF1D8LXU
2025-03-20 12:15:26,118 [INFO] Last processed time: 2025-03-20 12:06:00
2025-03-20 12:15:26,121 [INFO] Current record count - main database: 1547, development database: 1547
2025-03-20 12:15:26,124 [INFO] Found 1 new records to process
2025-03-20 12:15:26,125 [INFO] Updating zerodb database...
2025-03-20 12:15:26,203 [INFO] Processing record in zerodb: SerialNumber=PF1D8LXU, Timestamp=2025-03-20 12:15:00
2025-03-20 12:15:26,211 [INFO] Inserting new record to zerodb: {'serialnumber': 'PF1D8LXU', 'computername': 'DESKTOP-L4N49BI', 'manufacturer': 'LENOVO', 'model': '20QGS39N00', 'systemsku': 'LENOVO_MT_20QG_BU_Think_FM_ThinkPad X1 Yoga 4th', 'ram_gb': 16.0, 'disks': '512GB', 'created_at': '3/20/2025 12:15', 'operatingsystem': 'Microsoft Windows 11 Pro 10.0.26100', 'cpu': 'Intel(R) Core(TM) i5-8365U CPU @ 1.60GHz (4C/8T)', 'resolution': '1920x1080', 'graphicscard': 'Intel(R) UHD Graphics 620 [1920x1080]', 'touchscreen': 'Yes Detected', 'design_capacity': '51010', 'full_charge_capacity': '44100', 'cycle_count': '87', 'battery_health': '86.45'}
2025-03-20 12:15:26,216 [INFO] Successfully inserted record with ID: 1549
2025-03-20 12:15:29,871 [INFO] Label printed: PF1D8LXU
2025-03-20 12:15:30,423 [INFO] Successfully uploaded 1 records to API
2025-03-20 12:15:30,806 [INFO] Updated preview: C:\Users\Zerouniquqe\Documents\projects\label_printer\src\preview.html
2025-03-20 12:15:30,806 [INFO] Processed 1 new records
2025-03-20 12:15:30,807 [INFO] Updating zerodev database...
2025-03-20 12:15:30,896 [INFO] Processing record in zerodev: SerialNumber=PF1D8LXU, Timestamp=2025-03-20 12:15:00
2025-03-20 12:15:30,905 [INFO] Inserting new record to zerodev: {'serialnumber': 'PF1D8LXU', 'computername': 'DESKTOP-L4N49BI', 'manufacturer': 'LENOVO', 'model': '20QGS39N00', 'systemsku': 'LENOVO_MT_20QG_BU_Think_FM_ThinkPad X1 Yoga 4th', 'ram_gb': 16.0, 'disks': '512GB', 'created_at': '3/20/2025 12:15', 'operatingsystem': 'Microsoft Windows 11 Pro 10.0.26100', 'cpu': 'Intel(R) Core(TM) i5-8365U CPU @ 1.60GHz (4C/8T)', 'resolution': '1920x1080', 'graphicscard': 'Intel(R) UHD Graphics 620 [1920x1080]', 'touchscreen': 'Yes Detected', 'design_capacity': '51010', 'full_charge_capacity': '44100', 'cycle_count': '87', 'battery_health': '86.45'}
2025-03-20 12:15:30,910 [INFO] Successfully inserted record with ID: 1549
2025-03-20 12:15:31,346 [INFO] Updated preview: C:\Users\Zerouniquqe\Documents\projects\label_printer\src\preview.html
2025-03-20 12:15:31,346 [INFO] Processed 1 new records
2025-03-20 12:15:31,529 [INFO] Updated record counts - zerodb: 1548, zerodev: 1548
2025-03-20 12:15:31,943 [INFO] Updated preview: C:\Users\Zerouniquqe\Documents\projects\label_printer\src\preview.html
2025-03-20 12:15:34,057 [INFO] File update detected: \\192.168.0.10\Files\03_IT\data\product_keys_Mar2025.csv
2025-03-20 12:15:34,057 [INFO] Processing product keys from: \\192.168.0.10\Files\03_IT\data\product_keys_Mar2025.csv
2025-03-20 12:15:34,076 [INFO] Found 182 records in CSV
2025-03-20 12:15:34,699 [INFO] Processed total: 182 records
2025-03-20 12:15:34,700 [INFO] Updated: 181 records
2025-03-20 12:15:34,700 [INFO] Added: 1 new records
2025-03-20 12:15:35,075 [INFO] Updated preview: C:\Users\Zerouniquqe\Documents\projects\label_printer\src\preview.html
2025-03-20 13:02:18,797 [INFO] File update detected: \\192.168.0.10\Files\03_IT\data\system_records_Mar2025.csv
2025-03-20 13:02:18,798 [INFO] Processing system records: system_records_Mar2025.csv
2025-03-20 13:02:18,830 [INFO] Found 306 records
2025-03-20 13:02:18,856 [INFO] Latest record: PF21QPFJ
2025-03-20 13:02:19,038 [INFO] Last processed time: 2025-03-20 12:15:00
2025-03-20 13:02:19,041 [INFO] Current record count - main database: 1548, development database: 1548
2025-03-20 13:02:19,043 [INFO] Found 1 new records to process
2025-03-20 13:02:19,043 [INFO] Updating zerodb database...
2025-03-20 13:02:19,110 [INFO] Processing record in zerodb: SerialNumber=PF21QPFJ, Timestamp=2025-03-20 13:02:00
2025-03-20 13:02:19,118 [INFO] Inserting new record to zerodb: {'serialnumber': 'PF21QPFJ', 'computername': 'LENOVO', 'manufacturer': 'LENOVO', 'model': '20QES30E00', 'systemsku': 'LENOVO_MT_20QE_BU_Think_FM_ThinkPad X1 Carbon 7th', 'ram_gb': 16.0, 'disks': '256GB', 'created_at': '3/20/2025 13:02', 'operatingsystem': 'Microsoft Windows 11 Pro 10.0.22631', 'cpu': 'Intel(R) Core(TM) i5-8365U CPU @ 1.60GHz (4C/8T)', 'resolution': '1920x1080', 'graphicscard': 'Intel(R) UHD Graphics 620 [1920x1080]', 'touchscreen': 'Not Detected', 'design_capacity': '51000', 'full_charge_capacity': '50990', 'cycle_count': '279', 'battery_health': '99.98'}
2025-03-20 13:02:19,122 [INFO] Successfully inserted record with ID: 1550
2025-03-20 13:02:22,942 [INFO] Label printed: PF21QPFJ
2025-03-20 13:02:23,653 [INFO] Successfully uploaded 1 records to API
2025-03-20 13:02:24,171 [INFO] Updated preview: C:\Users\Zerouniquqe\Documents\projects\label_printer\src\preview.html
2025-03-20 13:02:24,171 [INFO] Processed 1 new records
2025-03-20 13:02:24,172 [INFO] Updating zerodev database...
2025-03-20 13:02:24,240 [INFO] Processing record in zerodev: SerialNumber=PF21QPFJ, Timestamp=2025-03-20 13:02:00
2025-03-20 13:02:24,248 [INFO] Inserting new record to zerodev: {'serialnumber': 'PF21QPFJ', 'computername': 'LENOVO', 'manufacturer': 'LENOVO', 'model': '20QES30E00', 'systemsku': 'LENOVO_MT_20QE_BU_Think_FM_ThinkPad X1 Carbon 7th', 'ram_gb': 16.0, 'disks': '256GB', 'created_at': '3/20/2025 13:02', 'operatingsystem': 'Microsoft Windows 11 Pro 10.0.22631', 'cpu': 'Intel(R) Core(TM) i5-8365U CPU @ 1.60GHz (4C/8T)', 'resolution': '1920x1080', 'graphicscard': 'Intel(R) UHD Graphics 620 [1920x1080]', 'touchscreen': 'Not Detected', 'design_capacity': '51000', 'full_charge_capacity': '50990', 'cycle_count': '279', 'battery_health': '99.98'}
2025-03-20 13:02:24,253 [INFO] Successfully inserted record with ID: 1550
2025-03-20 13:02:24,743 [INFO] Updated preview: C:\Users\Zerouniquqe\Documents\projects\label_printer\src\preview.html
2025-03-20 13:02:24,743 [INFO] Processed 1 new records
2025-03-20 13:02:24,924 [INFO] Updated record counts - zerodb: 1549, zerodev: 1549
2025-03-20 13:02:25,387 [INFO] Updated preview: C:\Users\Zerouniquqe\Documents\projects\label_printer\src\preview.html
2025-03-20 13:02:27,504 [INFO] File update detected: \\192.168.0.10\Files\03_IT\data\product_keys_Mar2025.csv
2025-03-20 13:02:27,505 [INFO] Processing product keys from: \\192.168.0.10\Files\03_IT\data\product_keys_Mar2025.csv
2025-03-20 13:02:27,526 [INFO] Found 182 records in CSV
2025-03-20 13:02:28,182 [INFO] Processed total: 182 records
2025-03-20 13:02:28,182 [INFO] Updated: 182 records
2025-03-20 13:02:28,183 [INFO] Added: 0 new records
2025-03-20 13:02:28,590 [INFO] Updated preview: C:\Users\Zerouniquqe\Documents\projects\label_printer\src\preview.html
2025-03-20 13:07:02,722 [INFO] File update detected: \\192.168.0.10\Files\03_IT\data\system_records_Mar2025.csv
2025-03-20 13:07:02,722 [INFO] Processing system records: system_records_Mar2025.csv
2025-03-20 13:07:02,756 [INFO] Found 307 records
2025-03-20 13:07:02,779 [INFO] Latest record: PF59WF9K
2025-03-20 13:07:02,935 [INFO] Last processed time: 2025-03-20 13:02:00
2025-03-20 13:07:02,938 [INFO] Current record count - main database: 1549, development database: 1549
2025-03-20 13:07:02,941 [INFO] Found 1 new records to process
2025-03-20 13:07:02,941 [INFO] Updating zerodb database...
2025-03-20 13:07:03,008 [INFO] Processing record in zerodb: SerialNumber=PF59WF9K, Timestamp=2025-03-20 13:07:00
2025-03-20 13:07:03,016 [INFO] Inserting new record to zerodb: {'serialnumber': 'PF59WF9K', 'computername': 'DESKTOP-RLQB1CO', 'manufacturer': 'LENOVO', 'model': '21MDS1XL00', 'systemsku': 'LENOVO_MT_21MD_BU_Think_FM_ThinkPad T14 Gen 5', 'ram_gb': 16.0, 'disks': '256GB', 'created_at': '3/20/2025 13:07', 'operatingsystem': 'Microsoft Windows 11 Pro 10.0.26100', 'cpu': 'AMD Ryzen 7 PRO 8840U w/ Radeon 780M Graphics (8C/16T)', 'resolution': '1920x1200', 'graphicscard': 'AMD Radeon 780M Graphics [1920x1200]', 'touchscreen': 'Not Detected', 'design_capacity': '52500', 'full_charge_capacity': '52510', 'cycle_count': '0', 'battery_health': '100.02'}
2025-03-20 13:07:03,021 [INFO] Successfully inserted record with ID: 1551
2025-03-20 13:07:06,687 [INFO] Label printed: PF59WF9K
2025-03-20 13:07:07,113 [INFO] Successfully uploaded 1 records to API
2025-03-20 13:07:07,555 [INFO] Updated preview: C:\Users\Zerouniquqe\Documents\projects\label_printer\src\preview.html
2025-03-20 13:07:07,557 [INFO] Processed 1 new records
2025-03-20 13:07:07,558 [INFO] Updating zerodev database...
2025-03-20 13:07:07,641 [INFO] Processing record in zerodev: SerialNumber=PF59WF9K, Timestamp=2025-03-20 13:07:00
2025-03-20 13:07:07,650 [INFO] Inserting new record to zerodev: {'serialnumber': 'PF59WF9K', 'computername': 'DESKTOP-RLQB1CO', 'manufacturer': 'LENOVO', 'model': '21MDS1XL00', 'systemsku': 'LENOVO_MT_21MD_BU_Think_FM_ThinkPad T14 Gen 5', 'ram_gb': 16.0, 'disks': '256GB', 'created_at': '3/20/2025 13:07', 'operatingsystem': 'Microsoft Windows 11 Pro 10.0.26100', 'cpu': 'AMD Ryzen 7 PRO 8840U w/ Radeon 780M Graphics (8C/16T)', 'resolution': '1920x1200', 'graphicscard': 'AMD Radeon 780M Graphics [1920x1200]', 'touchscreen': 'Not Detected', 'design_capacity': '52500', 'full_charge_capacity': '52510', 'cycle_count': '0', 'battery_health': '100.02'}
2025-03-20 13:07:07,656 [INFO] Successfully inserted record with ID: 1551
2025-03-20 13:07:08,079 [INFO] Updated preview: C:\Users\Zerouniquqe\Documents\projects\label_printer\src\preview.html
2025-03-20 13:07:08,079 [INFO] Processed 1 new records
2025-03-20 13:07:08,367 [INFO] Updated record counts - zerodb: 1550, zerodev: 1550
2025-03-20 13:07:08,766 [INFO] Updated preview: C:\Users\Zerouniquqe\Documents\projects\label_printer\src\preview.html
2025-03-20 13:07:10,885 [INFO] File update detected: \\192.168.0.10\Files\03_IT\data\product_keys_Mar2025.csv
2025-03-20 13:07:10,886 [INFO] Processing product keys from: \\192.168.0.10\Files\03_IT\data\product_keys_Mar2025.csv
2025-03-20 13:07:10,910 [INFO] Found 183 records in CSV
2025-03-20 13:07:11,665 [INFO] Processed total: 183 records
2025-03-20 13:07:11,665 [INFO] Updated: 182 records
2025-03-20 13:07:11,666 [INFO] Added: 1 new records
2025-03-20 13:07:12,070 [INFO] Updated preview: C:\Users\Zerouniquqe\Documents\projects\label_printer\src\preview.html
2025-03-20 13:39:03,958 [INFO] File update detected: \\192.168.0.10\Files\03_IT\data\system_records_Mar2025.csv
2025-03-20 13:39:03,959 [INFO] Processing system records: system_records_Mar2025.csv
2025-03-20 13:39:03,991 [INFO] Found 308 records
2025-03-20 13:39:04,014 [INFO] Latest record: PF21ZZVR
2025-03-20 13:39:04,212 [INFO] Last processed time: 2025-03-20 13:07:00
2025-03-20 13:39:04,216 [INFO] Current record count - main database: 1550, development database: 1550
2025-03-20 13:39:04,218 [INFO] Found 1 new records to process
2025-03-20 13:39:04,219 [INFO] Updating zerodb database...
2025-03-20 13:39:04,294 [INFO] Processing record in zerodb: SerialNumber=PF21ZZVR, Timestamp=2025-03-20 13:39:00
2025-03-20 13:39:04,301 [INFO] Inserting new record to zerodb: {'serialnumber': 'PF21ZZVR', 'computername': 'DESKTOP-NH44OPM', 'manufacturer': 'LENOVO', 'model': '20QGS39N00', 'systemsku': 'LENOVO_MT_20QG_BU_Think_FM_ThinkPad X1 Yoga 4th', 'ram_gb': 16.0, 'disks': '512GB', 'created_at': '3/20/2025 13:39', 'operatingsystem': 'Microsoft Windows 11 Pro 10.0.26100', 'cpu': 'Intel(R) Core(TM) i5-8365U CPU @ 1.60GHz (4C/8T)', 'resolution': '1920x1080', 'graphicscard': 'Microsoft Basic Display Adapter [1920x1080]', 'touchscreen': 'Yes Detected', 'design_capacity': '51010', 'full_charge_capacity': '44500', 'cycle_count': '410', 'battery_health': '87.24'}
2025-03-20 13:39:04,305 [INFO] Successfully inserted record with ID: 1552
2025-03-20 13:39:08,065 [INFO] Label printed: PF21ZZVR
2025-03-20 13:39:11,348 [INFO] Successfully uploaded 1 records to API
2025-03-20 13:39:11,761 [INFO] Updated preview: C:\Users\Zerouniquqe\Documents\projects\label_printer\src\preview.html
2025-03-20 13:39:11,761 [INFO] Processed 1 new records
2025-03-20 13:39:11,761 [INFO] Updating zerodev database...
2025-03-20 13:39:11,830 [INFO] Processing record in zerodev: SerialNumber=PF21ZZVR, Timestamp=2025-03-20 13:39:00
2025-03-20 13:39:11,839 [INFO] Inserting new record to zerodev: {'serialnumber': 'PF21ZZVR', 'computername': 'DESKTOP-NH44OPM', 'manufacturer': 'LENOVO', 'model': '20QGS39N00', 'systemsku': 'LENOVO_MT_20QG_BU_Think_FM_ThinkPad X1 Yoga 4th', 'ram_gb': 16.0, 'disks': '512GB', 'created_at': '3/20/2025 13:39', 'operatingsystem': 'Microsoft Windows 11 Pro 10.0.26100', 'cpu': 'Intel(R) Core(TM) i5-8365U CPU @ 1.60GHz (4C/8T)', 'resolution': '1920x1080', 'graphicscard': 'Microsoft Basic Display Adapter [1920x1080]', 'touchscreen': 'Yes Detected', 'design_capacity': '51010', 'full_charge_capacity': '44500', 'cycle_count': '410', 'battery_health': '87.24'}
2025-03-20 13:39:11,843 [INFO] Successfully inserted record with ID: 1552
2025-03-20 13:39:12,252 [INFO] Updated preview: C:\Users\Zerouniquqe\Documents\projects\label_printer\src\preview.html
2025-03-20 13:39:12,252 [INFO] Processed 1 new records
2025-03-20 13:39:12,432 [INFO] Updated record counts - zerodb: 1551, zerodev: 1551
2025-03-20 13:39:12,862 [INFO] Updated preview: C:\Users\Zerouniquqe\Documents\projects\label_printer\src\preview.html
2025-03-20 13:39:14,977 [INFO] File update detected: \\192.168.0.10\Files\03_IT\data\product_keys_Mar2025.csv
2025-03-20 13:39:14,977 [INFO] Processing product keys from: \\192.168.0.10\Files\03_IT\data\product_keys_Mar2025.csv
2025-03-20 13:39:14,996 [INFO] Found 184 records in CSV
2025-03-20 13:39:15,543 [INFO] Processed total: 184 records
2025-03-20 13:39:15,543 [INFO] Updated: 183 records
2025-03-20 13:39:15,544 [INFO] Added: 1 new records
2025-03-20 13:39:15,919 [INFO] Updated preview: C:\Users\Zerouniquqe\Documents\projects\label_printer\src\preview.html
2025-03-20 13:43:46,461 [INFO] File update detected: \\192.168.0.10\Files\03_IT\data\system_records_Mar2025.csv
2025-03-20 13:43:46,461 [INFO] Processing system records: system_records_Mar2025.csv
2025-03-20 13:43:46,486 [INFO] Found 309 records
2025-03-20 13:43:46,510 [INFO] Latest record: PF59WCXC
2025-03-20 13:43:46,659 [INFO] Last processed time: 2025-03-20 13:39:00
2025-03-20 13:43:46,662 [INFO] Current record count - main database: 1551, development database: 1551
2025-03-20 13:43:46,663 [INFO] Found 1 new records to process
2025-03-20 13:43:46,663 [INFO] Updating zerodb database...
2025-03-20 13:43:46,711 [INFO] Processing record in zerodb: SerialNumber=PF59WCXC, Timestamp=2025-03-20 13:43:00
2025-03-20 13:43:46,715 [INFO] Inserting new record to zerodb: {'serialnumber': 'PF59WCXC', 'computername': 'DESKTOP-RLQB1CO', 'manufacturer': 'LENOVO', 'model': '21MDS1XL00', 'systemsku': 'LENOVO_MT_21MD_BU_Think_FM_ThinkPad T14 Gen 5', 'ram_gb': 16.0, 'disks': '256GB', 'created_at': '3/20/2025 13:43', 'operatingsystem': 'Microsoft Windows 11 Pro 10.0.26100', 'cpu': 'AMD Ryzen 7 PRO 8840U w/ Radeon 780M Graphics (8C/16T)', 'resolution': '1920x1200', 'graphicscard': 'AMD Radeon 780M Graphics [1920x1200]', 'touchscreen': 'Not Detected', 'design_capacity': '52500', 'full_charge_capacity': '52510', 'cycle_count': '0', 'battery_health': '100.02'}
2025-03-20 13:43:46,718 [INFO] Successfully inserted record with ID: 1553
2025-03-20 13:43:50,354 [INFO] Label printed: PF59WCXC
2025-03-20 13:43:50,827 [INFO] Successfully uploaded 1 records to API
2025-03-20 13:43:51,251 [INFO] Updated preview: C:\Users\Zerouniquqe\Documents\projects\label_printer\src\preview.html
2025-03-20 13:43:51,251 [INFO] Processed 1 new records
2025-03-20 13:43:51,252 [INFO] Updating zerodev database...
2025-03-20 13:43:51,421 [INFO] Processing record in zerodev: SerialNumber=PF59WCXC, Timestamp=2025-03-20 13:43:00
2025-03-20 13:43:51,429 [INFO] Inserting new record to zerodev: {'serialnumber': 'PF59WCXC', 'computername': 'DESKTOP-RLQB1CO', 'manufacturer': 'LENOVO', 'model': '21MDS1XL00', 'systemsku': 'LENOVO_MT_21MD_BU_Think_FM_ThinkPad T14 Gen 5', 'ram_gb': 16.0, 'disks': '256GB', 'created_at': '3/20/2025 13:43', 'operatingsystem': 'Microsoft Windows 11 Pro 10.0.26100', 'cpu': 'AMD Ryzen 7 PRO 8840U w/ Radeon 780M Graphics (8C/16T)', 'resolution': '1920x1200', 'graphicscard': 'AMD Radeon 780M Graphics [1920x1200]', 'touchscreen': 'Not Detected', 'design_capacity': '52500', 'full_charge_capacity': '52510', 'cycle_count': '0', 'battery_health': '100.02'}
2025-03-20 13:43:51,433 [INFO] Successfully inserted record with ID: 1553
2025-03-20 13:43:51,998 [INFO] Updated preview: C:\Users\Zerouniquqe\Documents\projects\label_printer\src\preview.html
2025-03-20 13:43:51,999 [INFO] Processed 1 new records
2025-03-20 13:43:52,150 [INFO] Updated record counts - zerodb: 1552, zerodev: 1552
2025-03-20 13:43:52,608 [INFO] Updated preview: C:\Users\Zerouniquqe\Documents\projects\label_printer\src\preview.html
2025-03-20 13:43:54,717 [INFO] File update detected: \\192.168.0.10\Files\03_IT\data\product_keys_Mar2025.csv
2025-03-20 13:43:54,717 [INFO] Processing product keys from: \\192.168.0.10\Files\03_IT\data\product_keys_Mar2025.csv
2025-03-20 13:43:54,736 [INFO] Found 185 records in CSV
2025-03-20 13:43:55,299 [INFO] Processed total: 185 records
2025-03-20 13:43:55,299 [INFO] Updated: 184 records
2025-03-20 13:43:55,300 [INFO] Added: 1 new records
2025-03-20 13:43:55,682 [INFO] Updated preview: C:\Users\Zerouniquqe\Documents\projects\label_printer\src\preview.html
2025-03-20 14:01:45,677 [INFO] File update detected: \\192.168.0.10\Files\03_IT\data\system_records_Mar2025.csv
2025-03-20 14:01:45,678 [INFO] Processing system records: system_records_Mar2025.csv
2025-03-20 14:01:45,711 [INFO] Found 310 records
2025-03-20 14:01:45,734 [INFO] Latest record: PF220RMN
2025-03-20 14:01:45,916 [INFO] Last processed time: 2025-03-20 13:43:00
2025-03-20 14:01:45,920 [INFO] Current record count - main database: 1552, development database: 1552
2025-03-20 14:01:45,922 [INFO] Found 1 new records to process
2025-03-20 14:01:45,922 [INFO] Updating zerodb database...
2025-03-20 14:01:45,985 [INFO] Processing record in zerodb: SerialNumber=PF220RMN, Timestamp=2025-03-20 14:01:00
2025-03-20 14:01:45,992 [INFO] Inserting new record to zerodb: {'serialnumber': 'PF220RMN', 'computername': 'DESKTOP-NH44OPM', 'manufacturer': 'LENOVO', 'model': '20QGS39N00', 'systemsku': 'LENOVO_MT_20QG_BU_Think_FM_ThinkPad X1 Yoga 4th', 'ram_gb': 16.0, 'disks': '512GB', 'created_at': '3/20/2025 14:01', 'operatingsystem': 'Microsoft Windows 11 Pro 10.0.26100', 'cpu': 'Intel(R) Core(TM) i5-8365U CPU @ 1.60GHz (4C/8T)', 'resolution': '1920x1080', 'graphicscard': 'Microsoft Basic Display Adapter [1920x1080]', 'touchscreen': 'Yes Detected', 'design_capacity': '51010', 'full_charge_capacity': '43770', 'cycle_count': '266', 'battery_health': '85.81'}
2025-03-20 14:01:45,997 [INFO] Successfully inserted record with ID: 1554
2025-03-20 14:01:49,662 [INFO] Label printed: PF220RMN
2025-03-20 14:01:50,151 [INFO] Successfully uploaded 1 records to API
2025-03-20 14:01:50,573 [INFO] Updated preview: C:\Users\Zerouniquqe\Documents\projects\label_printer\src\preview.html
2025-03-20 14:01:50,574 [INFO] Processed 1 new records
2025-03-20 14:01:50,574 [INFO] Updating zerodev database...
2025-03-20 14:01:50,658 [INFO] Processing record in zerodev: SerialNumber=PF220RMN, Timestamp=2025-03-20 14:01:00
2025-03-20 14:01:50,666 [INFO] Inserting new record to zerodev: {'serialnumber': 'PF220RMN', 'computername': 'DESKTOP-NH44OPM', 'manufacturer': 'LENOVO', 'model': '20QGS39N00', 'systemsku': 'LENOVO_MT_20QG_BU_Think_FM_ThinkPad X1 Yoga 4th', 'ram_gb': 16.0, 'disks': '512GB', 'created_at': '3/20/2025 14:01', 'operatingsystem': 'Microsoft Windows 11 Pro 10.0.26100', 'cpu': 'Intel(R) Core(TM) i5-8365U CPU @ 1.60GHz (4C/8T)', 'resolution': '1920x1080', 'graphicscard': 'Microsoft Basic Display Adapter [1920x1080]', 'touchscreen': 'Yes Detected', 'design_capacity': '51010', 'full_charge_capacity': '43770', 'cycle_count': '266', 'battery_health': '85.81'}
2025-03-20 14:01:50,671 [INFO] Successfully inserted record with ID: 1554
2025-03-20 14:01:51,085 [INFO] Updated preview: C:\Users\Zerouniquqe\Documents\projects\label_printer\src\preview.html
2025-03-20 14:01:51,085 [INFO] Processed 1 new records
2025-03-20 14:01:51,232 [INFO] Updated record counts - zerodb: 1553, zerodev: 1553
2025-03-20 14:01:51,622 [INFO] Updated preview: C:\Users\Zerouniquqe\Documents\projects\label_printer\src\preview.html
2025-03-20 14:11:33,351 [INFO] File update detected: \\192.168.0.10\Files\03_IT\data\system_records_Mar2025.csv
2025-03-20 14:11:33,351 [INFO] Processing system records: system_records_Mar2025.csv
2025-03-20 14:11:33,384 [INFO] Found 310 records
2025-03-20 14:11:33,407 [INFO] Latest record: PF28H9LF
2025-03-20 14:11:33,578 [INFO] Last processed time: 2025-03-20 14:01:00
2025-03-20 14:11:33,582 [INFO] Current record count - main database: 1553, development database: 1553
2025-03-20 14:11:33,584 [INFO] Found 1 new records to process
2025-03-20 14:11:33,584 [INFO] Updating zerodb database...
2025-03-20 14:11:33,651 [INFO] Processing record in zerodb: SerialNumber=PF28H9LF, Timestamp=2025-03-20 14:11:00
2025-03-20 14:11:33,659 [INFO] Inserting new record to zerodb: {'serialnumber': 'PF28H9LF', 'computername': 'DESKTOP-NH44OPM', 'manufacturer': 'LENOVO', 'model': '20N3S94901', 'systemsku': 'LENOVO_MT_20N3_BU_Think_FM_ThinkPad T490', 'ram_gb': 8.0, 'disks': '', 'created_at': '3/20/2025 14:11', 'operatingsystem': 'Microsoft Windows 11 Pro 10.0.26100', 'cpu': 'Intel(R) Core(TM) i5-8365U CPU @ 1.60GHz (4C/8T)', 'resolution': '1366x768', 'graphicscard': 'Microsoft Basic Display Adapter [1366x768]', 'touchscreen': 'Not Detected', 'design_capacity': '50450', 'full_charge_capacity': '52190', 'cycle_count': '9', 'battery_health': '103.45'}
2025-03-20 14:11:33,664 [INFO] Successfully inserted record with ID: 1555
2025-03-20 14:11:37,326 [INFO] Label printed: PF28H9LF
2025-03-20 14:11:37,874 [INFO] Successfully uploaded 1 records to API
2025-03-20 14:11:38,284 [INFO] Updated preview: C:\Users\Zerouniquqe\Documents\projects\label_printer\src\preview.html
2025-03-20 14:11:38,285 [INFO] Processed 1 new records
2025-03-20 14:11:38,285 [INFO] Updating zerodev database...
2025-03-20 14:11:38,354 [INFO] Processing record in zerodev: SerialNumber=PF28H9LF, Timestamp=2025-03-20 14:11:00
2025-03-20 14:11:38,362 [INFO] Inserting new record to zerodev: {'serialnumber': 'PF28H9LF', 'computername': 'DESKTOP-NH44OPM', 'manufacturer': 'LENOVO', 'model': '20N3S94901', 'systemsku': 'LENOVO_MT_20N3_BU_Think_FM_ThinkPad T490', 'ram_gb': 8.0, 'disks': '', 'created_at': '3/20/2025 14:11', 'operatingsystem': 'Microsoft Windows 11 Pro 10.0.26100', 'cpu': 'Intel(R) Core(TM) i5-8365U CPU @ 1.60GHz (4C/8T)', 'resolution': '1366x768', 'graphicscard': 'Microsoft Basic Display Adapter [1366x768]', 'touchscreen': 'Not Detected', 'design_capacity': '50450', 'full_charge_capacity': '52190', 'cycle_count': '9', 'battery_health': '103.45'}
2025-03-20 14:11:38,368 [INFO] Successfully inserted record with ID: 1555
2025-03-20 14:11:38,750 [INFO] Updated preview: C:\Users\Zerouniquqe\Documents\projects\label_printer\src\preview.html
2025-03-20 14:11:38,750 [INFO] Processed 1 new records
2025-03-20 14:11:38,925 [INFO] Updated record counts - zerodb: 1554, zerodev: 1554
2025-03-20 14:11:39,345 [INFO] Updated preview: C:\Users\Zerouniquqe\Documents\projects\label_printer\src\preview.html
2025-03-20 14:11:41,458 [INFO] File update detected: \\192.168.0.10\Files\03_IT\data\product_keys_Mar2025.csv
2025-03-20 14:11:41,458 [INFO] Processing product keys from: \\192.168.0.10\Files\03_IT\data\product_keys_Mar2025.csv
2025-03-20 14:11:41,477 [INFO] Found 186 records in CSV
2025-03-20 14:11:42,108 [INFO] Processed total: 186 records
2025-03-20 14:11:42,109 [INFO] Updated: 185 records
2025-03-20 14:11:42,109 [INFO] Added: 1 new records
2025-03-20 14:11:42,497 [INFO] Updated preview: C:\Users\Zerouniquqe\Documents\projects\label_printer\src\preview.html
2025-03-20 16:54:02,975 [INFO] File update detected: \\192.168.0.10\Files\03_IT\data\system_records_Mar2025.csv
2025-03-20 16:54:02,975 [INFO] Processing system records: system_records_Mar2025.csv
2025-03-20 16:54:03,018 [INFO] Found 310 records
2025-03-20 16:54:03,042 [INFO] Latest record: PF26JJLM
2025-03-20 16:54:03,248 [INFO] Last processed time: 2025-03-20 14:11:00
2025-03-20 16:54:03,253 [INFO] Current record count - main database: 1554, development database: 1554
2025-03-20 16:54:03,256 [INFO] Found 1 new records to process
2025-03-20 16:54:03,257 [INFO] Updating zerodb database...
2025-03-20 16:54:03,321 [INFO] Processing record in zerodb: SerialNumber=PF26JJLM, Timestamp=2025-03-20 16:53:00
2025-03-20 16:54:03,328 [INFO] Inserting new record to zerodb: {'serialnumber': 'PF26JJLM', 'computername': 'DESKTOP-NH44OPM', 'manufacturer': 'LENOVO', 'model': '20N3S94909', 'systemsku': 'LENOVO_MT_20N3_BU_Think_FM_ThinkPad T490', 'ram_gb': 8.0, 'disks': '', 'created_at': '3/20/2025 16:53', 'operatingsystem': 'Microsoft Windows 11 Pro 10.0.26100', 'cpu': 'Intel(R) Core(TM) i5-8365U CPU @ 1.60GHz (4C/8T)', 'resolution': '1366x768', 'graphicscard': 'Microsoft Basic Display Adapter [1366x768]', 'touchscreen': 'Not Detected', 'design_capacity': '50450', 'full_charge_capacity': '43530', 'cycle_count': '102', 'battery_health': '86.28'}
2025-03-20 16:54:03,332 [INFO] Successfully inserted record with ID: 1556
2025-03-20 16:54:07,013 [INFO] Label printed: PF26JJLM
2025-03-20 16:54:07,975 [INFO] Successfully uploaded 1 records to API
2025-03-20 16:54:08,397 [INFO] Updated preview: C:\Users\Zerouniquqe\Documents\projects\label_printer\src\preview.html
2025-03-20 16:54:08,397 [INFO] Processed 1 new records
2025-03-20 16:54:08,398 [INFO] Updating zerodev database...
2025-03-20 16:54:08,485 [INFO] Processing record in zerodev: SerialNumber=PF26JJLM, Timestamp=2025-03-20 16:53:00
2025-03-20 16:54:08,494 [INFO] Inserting new record to zerodev: {'serialnumber': 'PF26JJLM', 'computername': 'DESKTOP-NH44OPM', 'manufacturer': 'LENOVO', 'model': '20N3S94909', 'systemsku': 'LENOVO_MT_20N3_BU_Think_FM_ThinkPad T490', 'ram_gb': 8.0, 'disks': '', 'created_at': '3/20/2025 16:53', 'operatingsystem': 'Microsoft Windows 11 Pro 10.0.26100', 'cpu': 'Intel(R) Core(TM) i5-8365U CPU @ 1.60GHz (4C/8T)', 'resolution': '1366x768', 'graphicscard': 'Microsoft Basic Display Adapter [1366x768]', 'touchscreen': 'Not Detected', 'design_capacity': '50450', 'full_charge_capacity': '43530', 'cycle_count': '102', 'battery_health': '86.28'}
2025-03-20 16:54:08,499 [INFO] Successfully inserted record with ID: 1556
2025-03-20 16:54:08,916 [INFO] Updated preview: C:\Users\Zerouniquqe\Documents\projects\label_printer\src\preview.html
2025-03-20 16:54:08,916 [INFO] Processed 1 new records
2025-03-20 16:54:09,091 [INFO] Updated record counts - zerodb: 1555, zerodev: 1555
2025-03-20 16:54:09,523 [INFO] Updated preview: C:\Users\Zerouniquqe\Documents\projects\label_printer\src\preview.html
