2025-03-27 10:18:55,097 [INFO] File update detected: \\192.168.0.10\Files\03_IT\data\system_records_Mar2025.csv
2025-03-27 10:18:55,097 [INFO] Processing system records: system_records_Mar2025.csv
2025-03-27 10:18:55,527 [INFO] API connection successful
2025-03-27 10:18:55,566 [INFO] Found 351 records
2025-03-27 10:18:55,582 [INFO] Latest record: PF419QEZ
2025-03-27 10:18:55,776 [INFO] Last processed time: 2025-03-26 12:14:00
2025-03-27 10:18:55,776 [INFO] Current record count - main database: 1604, development database: 1604
2025-03-27 10:18:55,776 [INFO] Found 1 new records to process
2025-03-27 10:18:55,789 [INFO] Updating zerodb database...
2025-03-27 10:18:55,856 [INFO] Processing record in zerodb: SerialNumber=PF419QEZ, Timestamp=2025-03-27 10:18:00
2025-03-27 10:18:55,856 [INFO] Inserting new record to zerodb: {'serialnumber': 'PF419QEZ', 'computername': 'DESKTOP-SA29CGC', 'manufacturer': 'LENOVO', 'model': '20W1SBGE00', 'systemsku': 'LENOVO_MT_20W1_BU_Think_FM_ThinkPad T14 Gen 2i', 'ram_gb': 16.0, 'disks': '512GB', 'created_at': '3/27/2025 10:18', 'operatingsystem': 'Microsoft Windows 11 Pro 10.0.26100', 'cpu': '11th Gen Intel(R) Core(TM) i5-1145G7 @ 2.60GHz (4C/8T)', 'resolution': '1920x1080', 'graphicscard': 'Intel(R) Iris(R) Xe Graphics [1920x1080]', 'touchscreen': 'Not Detected', 'design_capacity': '51000', 'full_charge_capacity': '51210', 'cycle_count': '0', 'battery_health': '100.41'}
2025-03-27 10:18:55,923 [INFO] Successfully inserted record with ID: 1606
2025-03-27 10:19:26,746 [INFO] Label printed: PF419QEZ
2025-03-27 10:19:27,233 [INFO] Successfully uploaded 1 records to API
2025-03-27 10:19:27,696 [INFO] Updated preview: C:\Users\User\Documents\projects\label_printer\src\preview.html
2025-03-27 10:19:27,696 [INFO] Processed 1 new records
2025-03-27 10:19:27,696 [INFO] Updating zerodev database...
2025-03-27 10:19:27,759 [INFO] Processing record in zerodev: SerialNumber=PF419QEZ, Timestamp=2025-03-27 10:18:00
2025-03-27 10:19:27,776 [INFO] Inserting new record to zerodev: {'serialnumber': 'PF419QEZ', 'computername': 'DESKTOP-SA29CGC', 'manufacturer': 'LENOVO', 'model': '20W1SBGE00', 'systemsku': 'LENOVO_MT_20W1_BU_Think_FM_ThinkPad T14 Gen 2i', 'ram_gb': 16.0, 'disks': '512GB', 'created_at': '3/27/2025 10:18', 'operatingsystem': 'Microsoft Windows 11 Pro 10.0.26100', 'cpu': '11th Gen Intel(R) Core(TM) i5-1145G7 @ 2.60GHz (4C/8T)', 'resolution': '1920x1080', 'graphicscard': 'Intel(R) Iris(R) Xe Graphics [1920x1080]', 'touchscreen': 'Not Detected', 'design_capacity': '51000', 'full_charge_capacity': '51210', 'cycle_count': '0', 'battery_health': '100.41'}
2025-03-27 10:19:27,785 [INFO] Successfully inserted record with ID: 1606
2025-03-27 10:19:28,316 [INFO] Updated preview: C:\Users\User\Documents\projects\label_printer\src\preview.html
2025-03-27 10:19:28,318 [INFO] Processed 1 new records
2025-03-27 10:19:28,479 [INFO] Updated record counts - zerodb: 1605, zerodev: 1605
2025-03-27 10:19:28,997 [INFO] Updated preview: C:\Users\User\Documents\projects\label_printer\src\preview.html
2025-03-27 10:19:31,110 [INFO] File update detected: \\192.168.0.10\Files\03_IT\data\product_keys_Mar2025.csv
2025-03-27 10:19:31,110 [INFO] Processing product keys from: \\192.168.0.10\Files\03_IT\data\product_keys_Mar2025.csv
2025-03-27 10:19:31,130 [INFO] Found 229 records in CSV
2025-03-27 10:19:31,825 [INFO] Processed total: 229 records
2025-03-27 10:19:31,825 [INFO] Updated: 228 records
2025-03-27 10:19:31,825 [INFO] Added: 1 new records
2025-03-27 10:19:32,311 [INFO] Updated preview: C:\Users\User\Documents\projects\label_printer\src\preview.html
2025-03-27 10:20:19,637 [INFO] File update detected: \\192.168.0.10\Files\03_IT\data\system_records_Mar2025.csv
2025-03-27 10:20:19,637 [INFO] Processing system records: system_records_Mar2025.csv
2025-03-27 10:20:19,664 [INFO] Found 352 records
2025-03-27 10:20:19,684 [INFO] Latest record: PF2Z9X25
2025-03-27 10:20:19,877 [INFO] Last processed time: 2025-03-27 10:18:00
2025-03-27 10:20:19,881 [INFO] Current record count - main database: 1605, development database: 1605
2025-03-27 10:20:19,881 [INFO] Found 1 new records to process
2025-03-27 10:20:19,881 [INFO] Updating zerodb database...
2025-03-27 10:20:19,942 [INFO] Processing record in zerodb: SerialNumber=PF2Z9X25, Timestamp=2025-03-27 10:20:00
2025-03-27 10:20:19,961 [INFO] Inserting new record to zerodb: {'serialnumber': 'PF2Z9X25', 'computername': 'DESKTOP-2SJ19B6', 'manufacturer': 'LENOVO', 'model': '20U9002NUS', 'systemsku': 'LENOVO_MT_20U9_BU_Think_FM_ThinkPad X1 Carbon Gen 8', 'ram_gb': 16.0, 'disks': '512GB', 'created_at': '3/27/2025 10:20', 'operatingsystem': 'Microsoft Windows 11 Pro 10.0.26100', 'cpu': 'Intel(R) Core(TM) i7-10610U CPU @ 1.80GHz (4C/8T)', 'resolution': '2560x1440', 'graphicscard': 'Intel(R) UHD Graphics [2560x1440]', 'touchscreen': 'Not Detected', 'design_capacity': '51010', 'full_charge_capacity': '46080', 'cycle_count': '111', 'battery_health': '90.34'}
2025-03-27 10:20:19,961 [INFO] Successfully inserted record with ID: 1607
2025-03-27 10:20:50,617 [INFO] Label printed: PF2Z9X25
2025-03-27 10:20:52,182 [INFO] Successfully uploaded 1 records to API
2025-03-27 10:20:52,650 [INFO] Updated preview: C:\Users\User\Documents\projects\label_printer\src\preview.html
2025-03-27 10:20:52,650 [INFO] Processed 1 new records
2025-03-27 10:20:52,650 [INFO] Updating zerodev database...
2025-03-27 10:20:52,719 [INFO] Processing record in zerodev: SerialNumber=PF2Z9X25, Timestamp=2025-03-27 10:20:00
2025-03-27 10:20:52,719 [INFO] Inserting new record to zerodev: {'serialnumber': 'PF2Z9X25', 'computername': 'DESKTOP-2SJ19B6', 'manufacturer': 'LENOVO', 'model': '20U9002NUS', 'systemsku': 'LENOVO_MT_20U9_BU_Think_FM_ThinkPad X1 Carbon Gen 8', 'ram_gb': 16.0, 'disks': '512GB', 'created_at': '3/27/2025 10:20', 'operatingsystem': 'Microsoft Windows 11 Pro 10.0.26100', 'cpu': 'Intel(R) Core(TM) i7-10610U CPU @ 1.80GHz (4C/8T)', 'resolution': '2560x1440', 'graphicscard': 'Intel(R) UHD Graphics [2560x1440]', 'touchscreen': 'Not Detected', 'design_capacity': '51010', 'full_charge_capacity': '46080', 'cycle_count': '111', 'battery_health': '90.34'}
2025-03-27 10:20:52,734 [INFO] Successfully inserted record with ID: 1607
2025-03-27 10:20:53,295 [INFO] Updated preview: C:\Users\User\Documents\projects\label_printer\src\preview.html
2025-03-27 10:20:53,297 [INFO] Processed 1 new records
2025-03-27 10:20:53,447 [INFO] Updated record counts - zerodb: 1606, zerodev: 1606
2025-03-27 10:20:53,912 [INFO] Updated preview: C:\Users\User\Documents\projects\label_printer\src\preview.html
2025-03-27 10:20:56,026 [INFO] File update detected: \\192.168.0.10\Files\03_IT\data\product_keys_Mar2025.csv
2025-03-27 10:20:56,026 [INFO] Processing product keys from: \\192.168.0.10\Files\03_IT\data\product_keys_Mar2025.csv
2025-03-27 10:20:56,034 [INFO] Found 230 records in CSV
2025-03-27 10:20:56,730 [INFO] Processed total: 230 records
2025-03-27 10:20:56,730 [INFO] Updated: 230 records
2025-03-27 10:20:56,730 [INFO] Added: 0 new records
2025-03-27 10:20:57,154 [INFO] Updated preview: C:\Users\User\Documents\projects\label_printer\src\preview.html
2025-03-27 10:24:15,151 [INFO] File update detected: \\192.168.0.10\Files\03_IT\data\system_records_Mar2025.csv
2025-03-27 10:24:15,151 [INFO] Processing system records: system_records_Mar2025.csv
2025-03-27 10:24:15,189 [INFO] Found 352 records
2025-03-27 10:24:15,215 [INFO] Latest record: PF2Z9X25
2025-03-27 10:24:15,408 [INFO] Last processed time: 2025-03-27 10:20:00
2025-03-27 10:24:15,408 [INFO] Current record count - main database: 1606, development database: 1606
2025-03-27 10:24:15,408 [INFO] Found 1 new records to process
2025-03-27 10:24:15,408 [INFO] Updating zerodb database...
2025-03-27 10:24:15,487 [INFO] Processing record in zerodb: SerialNumber=PF2Z9X25, Timestamp=2025-03-27 10:24:00
2025-03-27 10:24:15,487 [INFO] Inserting new record to zerodb: {'serialnumber': 'PF2Z9X25', 'computername': 'DESKTOP-2SJ19B6', 'manufacturer': 'LENOVO', 'model': '20U9002NUS', 'systemsku': 'LENOVO_MT_20U9_BU_Think_FM_ThinkPad X1 Carbon Gen 8', 'ram_gb': 16.0, 'disks': '512GB', 'created_at': '3/27/2025 10:24', 'operatingsystem': 'Microsoft Windows 11 Pro 10.0.26100', 'cpu': 'Intel(R) Core(TM) i7-10610U CPU @ 1.80GHz (4C/8T)', 'resolution': '2560x1440', 'graphicscard': 'Intel(R) UHD Graphics [2560x1440]', 'touchscreen': 'Not Detected', 'design_capacity': '51010', 'full_charge_capacity': '46080', 'cycle_count': '111', 'battery_health': '90.34'}
2025-03-27 10:24:15,537 [INFO] Successfully inserted record with ID: 1608
2025-03-27 10:24:46,238 [INFO] Label printed: PF2Z9X25
2025-03-27 10:24:46,937 [INFO] Successfully uploaded 1 records to API
2025-03-27 10:24:47,388 [INFO] Updated preview: C:\Users\User\Documents\projects\label_printer\src\preview.html
2025-03-27 10:24:47,388 [INFO] Processed 1 new records
2025-03-27 10:24:47,388 [INFO] Updating zerodev database...
2025-03-27 10:24:47,459 [INFO] Processing record in zerodev: SerialNumber=PF2Z9X25, Timestamp=2025-03-27 10:24:00
2025-03-27 10:24:47,459 [INFO] Inserting new record to zerodev: {'serialnumber': 'PF2Z9X25', 'computername': 'DESKTOP-2SJ19B6', 'manufacturer': 'LENOVO', 'model': '20U9002NUS', 'systemsku': 'LENOVO_MT_20U9_BU_Think_FM_ThinkPad X1 Carbon Gen 8', 'ram_gb': 16.0, 'disks': '512GB', 'created_at': '3/27/2025 10:24', 'operatingsystem': 'Microsoft Windows 11 Pro 10.0.26100', 'cpu': 'Intel(R) Core(TM) i7-10610U CPU @ 1.80GHz (4C/8T)', 'resolution': '2560x1440', 'graphicscard': 'Intel(R) UHD Graphics [2560x1440]', 'touchscreen': 'Not Detected', 'design_capacity': '51010', 'full_charge_capacity': '46080', 'cycle_count': '111', 'battery_health': '90.34'}
2025-03-27 10:24:47,475 [INFO] Successfully inserted record with ID: 1608
2025-03-27 10:24:47,951 [INFO] Updated preview: C:\Users\User\Documents\projects\label_printer\src\preview.html
2025-03-27 10:24:47,951 [INFO] Processed 1 new records
2025-03-27 10:24:48,218 [INFO] Updated record counts - zerodb: 1607, zerodev: 1607
2025-03-27 10:24:48,660 [INFO] Updated preview: C:\Users\User\Documents\projects\label_printer\src\preview.html
2025-03-27 10:24:50,777 [INFO] File update detected: \\192.168.0.10\Files\03_IT\data\product_keys_Mar2025.csv
2025-03-27 10:24:50,777 [INFO] Processing product keys from: \\192.168.0.10\Files\03_IT\data\product_keys_Mar2025.csv
2025-03-27 10:24:50,798 [INFO] Found 230 records in CSV
2025-03-27 10:24:51,369 [INFO] Processed total: 230 records
2025-03-27 10:24:51,369 [INFO] Updated: 230 records
2025-03-27 10:24:51,369 [INFO] Added: 0 new records
2025-03-27 10:24:51,750 [INFO] Updated preview: C:\Users\User\Documents\projects\label_printer\src\preview.html
2025-03-27 11:00:35,123 [INFO] File update detected: \\192.168.0.10\Files\03_IT\data\system_records_Mar2025.csv
2025-03-27 11:00:35,123 [INFO] Processing system records: system_records_Mar2025.csv
2025-03-27 11:00:35,153 [INFO] Found 352 records
2025-03-27 11:00:35,185 [INFO] Latest record: PF419QEZ
2025-03-27 11:00:35,345 [INFO] Last processed time: 2025-03-27 10:24:00
2025-03-27 11:00:35,358 [INFO] Current record count - main database: 1607, development database: 1607
2025-03-27 11:00:35,361 [INFO] Found 1 new records to process
2025-03-27 11:00:35,361 [INFO] Updating zerodb database...
2025-03-27 11:00:35,442 [INFO] Processing record in zerodb: SerialNumber=PF419QEZ, Timestamp=2025-03-27 11:00:00
2025-03-27 11:00:35,442 [INFO] Inserting new record to zerodb: {'serialnumber': 'PF419QEZ', 'computername': 'DESKTOP-SA29CGC', 'manufacturer': 'LENOVO', 'model': '20W1SBGE00', 'systemsku': 'LENOVO_MT_20W1_BU_Think_FM_ThinkPad T14 Gen 2i', 'ram_gb': 16.0, 'disks': '512GB', 'created_at': '3/27/2025 11:00', 'operatingsystem': 'Microsoft Windows 11 Pro 10.0.26100', 'cpu': '11th Gen Intel(R) Core(TM) i5-1145G7 @ 2.60GHz (4C/8T)', 'resolution': '1920x1080', 'graphicscard': 'Intel(R) Iris(R) Xe Graphics [1920x1080]', 'touchscreen': 'Not Detected', 'design_capacity': '51000', 'full_charge_capacity': '51210', 'cycle_count': '1', 'battery_health': '100.41'}
2025-03-27 11:00:35,442 [INFO] Successfully inserted record with ID: 1609
2025-03-27 11:01:06,134 [INFO] Label printed: PF419QEZ
2025-03-27 11:01:07,081 [INFO] Successfully uploaded 1 records to API
2025-03-27 11:01:07,561 [INFO] Updated preview: C:\Users\User\Documents\projects\label_printer\src\preview.html
2025-03-27 11:01:07,562 [INFO] Processed 1 new records
2025-03-27 11:01:07,562 [INFO] Updating zerodev database...
2025-03-27 11:01:07,737 [INFO] Processing record in zerodev: SerialNumber=PF419QEZ, Timestamp=2025-03-27 11:00:00
2025-03-27 11:01:07,745 [INFO] Inserting new record to zerodev: {'serialnumber': 'PF419QEZ', 'computername': 'DESKTOP-SA29CGC', 'manufacturer': 'LENOVO', 'model': '20W1SBGE00', 'systemsku': 'LENOVO_MT_20W1_BU_Think_FM_ThinkPad T14 Gen 2i', 'ram_gb': 16.0, 'disks': '512GB', 'created_at': '3/27/2025 11:00', 'operatingsystem': 'Microsoft Windows 11 Pro 10.0.26100', 'cpu': '11th Gen Intel(R) Core(TM) i5-1145G7 @ 2.60GHz (4C/8T)', 'resolution': '1920x1080', 'graphicscard': 'Intel(R) Iris(R) Xe Graphics [1920x1080]', 'touchscreen': 'Not Detected', 'design_capacity': '51000', 'full_charge_capacity': '51210', 'cycle_count': '1', 'battery_health': '100.41'}
2025-03-27 11:01:07,750 [INFO] Successfully inserted record with ID: 1609
2025-03-27 11:01:08,276 [INFO] Updated preview: C:\Users\User\Documents\projects\label_printer\src\preview.html
2025-03-27 11:01:08,276 [INFO] Processed 1 new records
2025-03-27 11:01:08,420 [INFO] Updated record counts - zerodb: 1608, zerodev: 1608
2025-03-27 11:01:08,868 [INFO] Updated preview: C:\Users\User\Documents\projects\label_printer\src\preview.html
2025-03-27 11:01:10,983 [INFO] File update detected: \\192.168.0.10\Files\03_IT\data\product_keys_Mar2025.csv
2025-03-27 11:01:10,984 [INFO] Processing product keys from: \\192.168.0.10\Files\03_IT\data\product_keys_Mar2025.csv
2025-03-27 11:01:11,005 [INFO] Found 230 records in CSV
2025-03-27 11:01:11,646 [INFO] Processed total: 230 records
2025-03-27 11:01:11,646 [INFO] Updated: 230 records
2025-03-27 11:01:11,646 [INFO] Added: 0 new records
2025-03-27 11:01:12,091 [INFO] Updated preview: C:\Users\User\Documents\projects\label_printer\src\preview.html
2025-03-27 12:18:18,620 [INFO] File update detected: \\192.168.0.10\Files\03_IT\data\system_records_Mar2025.csv
2025-03-27 12:18:18,620 [INFO] Processing system records: system_records_Mar2025.csv
2025-03-27 12:18:18,662 [INFO] Found 353 records
2025-03-27 12:18:18,694 [INFO] Latest record: PF28Y6JZ
2025-03-27 12:18:18,869 [INFO] Last processed time: 2025-03-27 11:00:00
2025-03-27 12:18:18,885 [INFO] Current record count - main database: 1608, development database: 1608
2025-03-27 12:18:18,888 [INFO] Found 1 new records to process
2025-03-27 12:18:18,890 [INFO] Updating zerodb database...
2025-03-27 12:18:18,965 [INFO] Processing record in zerodb: SerialNumber=PF28Y6JZ, Timestamp=2025-03-27 12:18:00
2025-03-27 12:18:18,965 [INFO] Inserting new record to zerodb: {'serialnumber': 'PF28Y6JZ', 'computername': 'DESKTOP-HTK63BP', 'manufacturer': 'LENOVO', 'model': '20N3S94909', 'systemsku': 'LENOVO_MT_20N3_BU_Think_FM_ThinkPad T490', 'ram_gb': 16.0, 'disks': '256GB', 'created_at': '3/27/2025 12:18', 'operatingsystem': 'Microsoft Windows 11 Pro 10.0.22631', 'cpu': 'Intel(R) Core(TM) i5-8365U CPU @ 1.60GHz (4C/8T)', 'resolution': '1366x768', 'graphicscard': 'Intel(R) UHD Graphics 620 [1366x768]', 'touchscreen': 'Not Detected', 'design_capacity': '50450', 'full_charge_capacity': '46830', 'cycle_count': '23', 'battery_health': '92.82'}
2025-03-27 12:18:19,060 [INFO] Successfully inserted record with ID: 1610
2025-03-27 12:18:49,766 [INFO] Label printed: PF28Y6JZ
2025-03-27 12:18:50,933 [INFO] Successfully uploaded 1 records to API
2025-03-27 12:18:51,414 [INFO] Updated preview: C:\Users\User\Documents\projects\label_printer\src\preview.html
2025-03-27 12:18:51,415 [INFO] Processed 1 new records
2025-03-27 12:18:51,415 [INFO] Updating zerodev database...
2025-03-27 12:18:51,487 [INFO] Processing record in zerodev: SerialNumber=PF28Y6JZ, Timestamp=2025-03-27 12:18:00
2025-03-27 12:18:51,495 [INFO] Inserting new record to zerodev: {'serialnumber': 'PF28Y6JZ', 'computername': 'DESKTOP-HTK63BP', 'manufacturer': 'LENOVO', 'model': '20N3S94909', 'systemsku': 'LENOVO_MT_20N3_BU_Think_FM_ThinkPad T490', 'ram_gb': 16.0, 'disks': '256GB', 'created_at': '3/27/2025 12:18', 'operatingsystem': 'Microsoft Windows 11 Pro 10.0.22631', 'cpu': 'Intel(R) Core(TM) i5-8365U CPU @ 1.60GHz (4C/8T)', 'resolution': '1366x768', 'graphicscard': 'Intel(R) UHD Graphics 620 [1366x768]', 'touchscreen': 'Not Detected', 'design_capacity': '50450', 'full_charge_capacity': '46830', 'cycle_count': '23', 'battery_health': '92.82'}
2025-03-27 12:18:51,501 [INFO] Successfully inserted record with ID: 1610
2025-03-27 12:18:51,935 [INFO] Updated preview: C:\Users\User\Documents\projects\label_printer\src\preview.html
2025-03-27 12:18:51,935 [INFO] Processed 1 new records
2025-03-27 12:18:52,099 [INFO] Updated record counts - zerodb: 1609, zerodev: 1609
2025-03-27 12:18:52,523 [INFO] Updated preview: C:\Users\User\Documents\projects\label_printer\src\preview.html
2025-03-27 12:18:54,632 [INFO] File update detected: \\192.168.0.10\Files\03_IT\data\product_keys_Mar2025.csv
2025-03-27 12:18:54,632 [INFO] Processing product keys from: \\192.168.0.10\Files\03_IT\data\product_keys_Mar2025.csv
2025-03-27 12:18:54,654 [INFO] Found 231 records in CSV
2025-03-27 12:18:55,381 [INFO] Processed total: 231 records
2025-03-27 12:18:55,381 [INFO] Updated: 230 records
2025-03-27 12:18:55,381 [INFO] Added: 1 new records
2025-03-27 12:18:55,763 [INFO] Updated preview: C:\Users\User\Documents\projects\label_printer\src\preview.html
2025-03-27 12:52:07,569 [INFO] File update detected: \\192.168.0.10\Files\03_IT\data\system_records_Mar2025.csv
2025-03-27 12:52:07,570 [INFO] Processing system records: system_records_Mar2025.csv
2025-03-27 12:52:07,600 [INFO] Found 354 records
2025-03-27 12:52:07,629 [INFO] Latest record: PF28HFXZ
2025-03-27 12:52:07,794 [INFO] Last processed time: 2025-03-27 12:18:00
2025-03-27 12:52:07,811 [INFO] Current record count - main database: 1609, development database: 1609
2025-03-27 12:52:07,816 [INFO] Found 1 new records to process
2025-03-27 12:52:07,818 [INFO] Updating zerodb database...
2025-03-27 12:52:07,875 [INFO] Processing record in zerodb: SerialNumber=PF28HFXZ, Timestamp=2025-03-27 12:52:00
2025-03-27 12:52:07,894 [INFO] Inserting new record to zerodb: {'serialnumber': 'PF28HFXZ', 'computername': 'DESKTOP-HTK63BP', 'manufacturer': 'LENOVO', 'model': '20N3S94901', 'systemsku': 'LENOVO_MT_20N3_BU_Think_FM_ThinkPad T490', 'ram_gb': 16.0, 'disks': '256GB', 'created_at': '3/27/2025 12:52', 'operatingsystem': 'Microsoft Windows 11 Pro 10.0.22631', 'cpu': 'Intel(R) Core(TM) i5-8365U CPU @ 1.60GHz (4C/8T)', 'resolution': '1366x768', 'graphicscard': 'Intel(R) UHD Graphics 620 [1366x768]', 'touchscreen': 'Not Detected', 'design_capacity': '50450', 'full_charge_capacity': '45520', 'cycle_count': '27', 'battery_health': '90.23'}
2025-03-27 12:52:07,894 [INFO] Successfully inserted record with ID: 1611
2025-03-27 12:52:38,726 [INFO] Label printed: PF28HFXZ
2025-03-27 12:52:39,188 [INFO] Successfully uploaded 1 records to API
2025-03-27 12:52:39,610 [INFO] Updated preview: C:\Users\User\Documents\projects\label_printer\src\preview.html
2025-03-27 12:52:39,610 [INFO] Processed 1 new records
2025-03-27 12:52:39,610 [INFO] Updating zerodev database...
2025-03-27 12:52:39,706 [INFO] Processing record in zerodev: SerialNumber=PF28HFXZ, Timestamp=2025-03-27 12:52:00
2025-03-27 12:52:39,706 [INFO] Inserting new record to zerodev: {'serialnumber': 'PF28HFXZ', 'computername': 'DESKTOP-HTK63BP', 'manufacturer': 'LENOVO', 'model': '20N3S94901', 'systemsku': 'LENOVO_MT_20N3_BU_Think_FM_ThinkPad T490', 'ram_gb': 16.0, 'disks': '256GB', 'created_at': '3/27/2025 12:52', 'operatingsystem': 'Microsoft Windows 11 Pro 10.0.22631', 'cpu': 'Intel(R) Core(TM) i5-8365U CPU @ 1.60GHz (4C/8T)', 'resolution': '1366x768', 'graphicscard': 'Intel(R) UHD Graphics 620 [1366x768]', 'touchscreen': 'Not Detected', 'design_capacity': '50450', 'full_charge_capacity': '45520', 'cycle_count': '27', 'battery_health': '90.23'}
2025-03-27 12:52:39,706 [INFO] Successfully inserted record with ID: 1611
2025-03-27 12:52:40,168 [INFO] Updated preview: C:\Users\User\Documents\projects\label_printer\src\preview.html
2025-03-27 12:52:40,168 [INFO] Processed 1 new records
2025-03-27 12:52:40,319 [INFO] Updated record counts - zerodb: 1610, zerodev: 1610
2025-03-27 12:52:40,849 [INFO] Updated preview: C:\Users\User\Documents\projects\label_printer\src\preview.html
2025-03-27 12:52:42,961 [INFO] File update detected: \\192.168.0.10\Files\03_IT\data\product_keys_Mar2025.csv
2025-03-27 12:52:42,961 [INFO] Processing product keys from: \\192.168.0.10\Files\03_IT\data\product_keys_Mar2025.csv
2025-03-27 12:52:42,970 [INFO] Found 232 records in CSV
2025-03-27 12:52:43,773 [INFO] Processed total: 232 records
2025-03-27 12:52:43,773 [INFO] Updated: 231 records
2025-03-27 12:52:43,773 [INFO] Added: 1 new records
2025-03-27 12:52:44,149 [INFO] Updated preview: C:\Users\User\Documents\projects\label_printer\src\preview.html
2025-03-27 13:07:07,786 [INFO] File update detected: \\192.168.0.10\Files\03_IT\data\system_records_Mar2025.csv
2025-03-27 13:07:07,786 [INFO] Processing system records: system_records_Mar2025.csv
2025-03-27 13:07:07,815 [INFO] Found 355 records
2025-03-27 13:07:07,846 [INFO] Latest record: PF29K3G8
2025-03-27 13:07:08,021 [INFO] Last processed time: 2025-03-27 12:52:00
2025-03-27 13:07:08,021 [INFO] Current record count - main database: 1610, development database: 1610
2025-03-27 13:07:08,021 [INFO] Found 1 new records to process
2025-03-27 13:07:08,027 [INFO] Updating zerodb database...
2025-03-27 13:07:08,085 [INFO] Processing record in zerodb: SerialNumber=PF29K3G8, Timestamp=2025-03-27 13:07:00
2025-03-27 13:07:08,085 [INFO] Inserting new record to zerodb: {'serialnumber': 'PF29K3G8', 'computername': 'DESKTOP-HTK63BP', 'manufacturer': 'LENOVO', 'model': '20N3S94909', 'systemsku': 'LENOVO_MT_20N3_BU_Think_FM_ThinkPad T490', 'ram_gb': 16.0, 'disks': '256GB', 'created_at': '3/27/2025 13:07', 'operatingsystem': 'Microsoft Windows 11 Pro 10.0.22631', 'cpu': 'Intel(R) Core(TM) i5-8365U CPU @ 1.60GHz (4C/8T)', 'resolution': '1366x768', 'graphicscard': 'Intel(R) UHD Graphics 620 [1366x768]', 'touchscreen': 'Not Detected', 'design_capacity': '51000', 'full_charge_capacity': '42180', 'cycle_count': '386', 'battery_health': '82.71'}
2025-03-27 13:07:08,101 [INFO] Successfully inserted record with ID: 1612
2025-03-27 13:07:38,811 [INFO] Label printed: PF29K3G8
2025-03-27 13:07:39,505 [INFO] Successfully uploaded 1 records to API
2025-03-27 13:07:39,954 [INFO] Updated preview: C:\Users\User\Documents\projects\label_printer\src\preview.html
2025-03-27 13:07:39,954 [INFO] Processed 1 new records
2025-03-27 13:07:39,956 [INFO] Updating zerodev database...
2025-03-27 13:07:40,024 [INFO] Processing record in zerodev: SerialNumber=PF29K3G8, Timestamp=2025-03-27 13:07:00
2025-03-27 13:07:40,026 [INFO] Inserting new record to zerodev: {'serialnumber': 'PF29K3G8', 'computername': 'DESKTOP-HTK63BP', 'manufacturer': 'LENOVO', 'model': '20N3S94909', 'systemsku': 'LENOVO_MT_20N3_BU_Think_FM_ThinkPad T490', 'ram_gb': 16.0, 'disks': '256GB', 'created_at': '3/27/2025 13:07', 'operatingsystem': 'Microsoft Windows 11 Pro 10.0.22631', 'cpu': 'Intel(R) Core(TM) i5-8365U CPU @ 1.60GHz (4C/8T)', 'resolution': '1366x768', 'graphicscard': 'Intel(R) UHD Graphics 620 [1366x768]', 'touchscreen': 'Not Detected', 'design_capacity': '51000', 'full_charge_capacity': '42180', 'cycle_count': '386', 'battery_health': '82.71'}
2025-03-27 13:07:40,035 [INFO] Successfully inserted record with ID: 1612
2025-03-27 13:07:40,523 [INFO] Updated preview: C:\Users\User\Documents\projects\label_printer\src\preview.html
2025-03-27 13:07:40,523 [INFO] Processed 1 new records
2025-03-27 13:07:40,666 [INFO] Updated record counts - zerodb: 1611, zerodev: 1611
2025-03-27 13:07:41,362 [INFO] Updated preview: C:\Users\User\Documents\projects\label_printer\src\preview.html
2025-03-27 13:07:43,476 [INFO] File update detected: \\192.168.0.10\Files\03_IT\data\product_keys_Mar2025.csv
2025-03-27 13:07:43,476 [INFO] Processing product keys from: \\192.168.0.10\Files\03_IT\data\product_keys_Mar2025.csv
2025-03-27 13:07:43,496 [INFO] Found 233 records in CSV
2025-03-27 13:07:44,239 [INFO] Processed total: 233 records
2025-03-27 13:07:44,239 [INFO] Updated: 232 records
2025-03-27 13:07:44,241 [INFO] Added: 1 new records
2025-03-27 13:07:44,628 [INFO] Updated preview: C:\Users\User\Documents\projects\label_printer\src\preview.html
2025-03-27 13:46:19,534 [INFO] File update detected: \\192.168.0.10\Files\03_IT\data\system_records_Mar2025.csv
2025-03-27 13:46:19,534 [INFO] Processing system records: system_records_Mar2025.csv
2025-03-27 13:46:19,569 [INFO] Found 355 records
2025-03-27 13:46:19,597 [INFO] Latest record: PF28YN1F
2025-03-27 13:46:19,772 [INFO] Last processed time: 2025-03-27 13:07:00
2025-03-27 13:46:19,772 [INFO] Current record count - main database: 1611, development database: 1611
2025-03-27 13:46:19,781 [INFO] Found 1 new records to process
2025-03-27 13:46:19,781 [INFO] Updating zerodb database...
2025-03-27 13:46:19,844 [INFO] Processing record in zerodb: SerialNumber=PF28YN1F, Timestamp=2025-03-27 13:46:00
2025-03-27 13:46:19,856 [INFO] Inserting new record to zerodb: {'serialnumber': 'PF28YN1F', 'computername': 'DESKTOP-HTK63BP', 'manufacturer': 'LENOVO', 'model': '20N3S94909', 'systemsku': 'LENOVO_MT_20N3_BU_Think_FM_ThinkPad T490', 'ram_gb': 16.0, 'disks': '256GB', 'created_at': '3/27/2025 13:46', 'operatingsystem': 'Microsoft Windows 11 Pro 10.0.22631', 'cpu': 'Intel(R) Core(TM) i5-8365U CPU @ 1.60GHz (4C/8T)', 'resolution': '1366x768', 'graphicscard': 'Intel(R) UHD Graphics 620 [1366x768]', 'touchscreen': 'Not Detected', 'design_capacity': '50450', 'full_charge_capacity': '45850', 'cycle_count': '11', 'battery_health': '90.88'}
2025-03-27 13:46:19,858 [INFO] Successfully inserted record with ID: 1613
2025-03-27 13:46:50,561 [INFO] Label printed: PF28YN1F
2025-03-27 13:46:53,122 [INFO] Successfully uploaded 1 records to API
2025-03-27 13:46:53,562 [INFO] Updated preview: C:\Users\User\Documents\projects\label_printer\src\preview.html
2025-03-27 13:46:53,562 [INFO] Processed 1 new records
2025-03-27 13:46:53,562 [INFO] Updating zerodev database...
2025-03-27 13:46:53,628 [INFO] Processing record in zerodev: SerialNumber=PF28YN1F, Timestamp=2025-03-27 13:46:00
2025-03-27 13:46:53,644 [INFO] Inserting new record to zerodev: {'serialnumber': 'PF28YN1F', 'computername': 'DESKTOP-HTK63BP', 'manufacturer': 'LENOVO', 'model': '20N3S94909', 'systemsku': 'LENOVO_MT_20N3_BU_Think_FM_ThinkPad T490', 'ram_gb': 16.0, 'disks': '256GB', 'created_at': '3/27/2025 13:46', 'operatingsystem': 'Microsoft Windows 11 Pro 10.0.22631', 'cpu': 'Intel(R) Core(TM) i5-8365U CPU @ 1.60GHz (4C/8T)', 'resolution': '1366x768', 'graphicscard': 'Intel(R) UHD Graphics 620 [1366x768]', 'touchscreen': 'Not Detected', 'design_capacity': '50450', 'full_charge_capacity': '45850', 'cycle_count': '11', 'battery_health': '90.88'}
2025-03-27 13:46:53,644 [INFO] Successfully inserted record with ID: 1613
2025-03-27 13:46:54,109 [INFO] Updated preview: C:\Users\User\Documents\projects\label_printer\src\preview.html
2025-03-27 13:46:54,109 [INFO] Processed 1 new records
2025-03-27 13:46:54,261 [INFO] Updated record counts - zerodb: 1612, zerodev: 1612
2025-03-27 13:46:54,689 [INFO] Updated preview: C:\Users\User\Documents\projects\label_printer\src\preview.html
2025-03-27 13:46:56,813 [INFO] File update detected: \\192.168.0.10\Files\03_IT\data\product_keys_Mar2025.csv
2025-03-27 13:46:56,813 [INFO] Processing product keys from: \\192.168.0.10\Files\03_IT\data\product_keys_Mar2025.csv
2025-03-27 13:46:56,830 [INFO] Found 233 records in CSV
2025-03-27 13:46:57,578 [INFO] Processed total: 233 records
2025-03-27 13:46:57,578 [INFO] Updated: 233 records
2025-03-27 13:46:57,578 [INFO] Added: 0 new records
2025-03-27 13:46:57,974 [INFO] Updated preview: C:\Users\User\Documents\projects\label_printer\src\preview.html
2025-03-27 13:52:47,664 [INFO] File update detected: \\192.168.0.10\Files\03_IT\data\system_records_Mar2025.csv
2025-03-27 13:52:47,664 [INFO] Processing system records: system_records_Mar2025.csv
2025-03-27 13:52:47,691 [INFO] Found 355 records
2025-03-27 13:52:47,723 [INFO] Latest record: PF25B1YC
2025-03-27 13:52:47,842 [INFO] Last processed time: 2025-03-27 13:46:00
2025-03-27 13:52:47,843 [INFO] Current record count - main database: 1612, development database: 1612
2025-03-27 13:52:47,843 [INFO] Found 1 new records to process
2025-03-27 13:52:47,843 [INFO] Updating zerodb database...
2025-03-27 13:52:47,886 [INFO] Processing record in zerodb: SerialNumber=PF25B1YC, Timestamp=2025-03-27 13:52:00
2025-03-27 13:52:47,900 [INFO] Inserting new record to zerodb: {'serialnumber': 'PF25B1YC', 'computername': 'DESKTOP-HTK63BP', 'manufacturer': 'LENOVO', 'model': '20N3S94909', 'systemsku': 'LENOVO_MT_20N3_BU_Think_FM_ThinkPad T490', 'ram_gb': 16.0, 'disks': '256GB', 'created_at': '3/27/2025 13:52', 'operatingsystem': 'Microsoft Windows 11 Pro 10.0.22631', 'cpu': 'Intel(R) Core(TM) i5-8365U CPU @ 1.60GHz (4C/8T)', 'resolution': '1366x768', 'graphicscard': 'Intel(R) UHD Graphics 620 [1366x768]', 'touchscreen': 'Not Detected', 'design_capacity': '51000', 'full_charge_capacity': '47850', 'cycle_count': '7', 'battery_health': '93.82'}
2025-03-27 13:52:47,901 [INFO] Successfully inserted record with ID: 1614
2025-03-27 13:53:18,611 [INFO] Label printed: PF25B1YC
2025-03-27 13:53:19,356 [INFO] Successfully uploaded 1 records to API
2025-03-27 13:53:19,795 [INFO] Updated preview: C:\Users\User\Documents\projects\label_printer\src\preview.html
2025-03-27 13:53:19,795 [INFO] Processed 1 new records
2025-03-27 13:53:19,795 [INFO] Updating zerodev database...
2025-03-27 13:53:19,869 [INFO] Processing record in zerodev: SerialNumber=PF25B1YC, Timestamp=2025-03-27 13:52:00
2025-03-27 13:53:19,874 [INFO] Inserting new record to zerodev: {'serialnumber': 'PF25B1YC', 'computername': 'DESKTOP-HTK63BP', 'manufacturer': 'LENOVO', 'model': '20N3S94909', 'systemsku': 'LENOVO_MT_20N3_BU_Think_FM_ThinkPad T490', 'ram_gb': 16.0, 'disks': '256GB', 'created_at': '3/27/2025 13:52', 'operatingsystem': 'Microsoft Windows 11 Pro 10.0.22631', 'cpu': 'Intel(R) Core(TM) i5-8365U CPU @ 1.60GHz (4C/8T)', 'resolution': '1366x768', 'graphicscard': 'Intel(R) UHD Graphics 620 [1366x768]', 'touchscreen': 'Not Detected', 'design_capacity': '51000', 'full_charge_capacity': '47850', 'cycle_count': '7', 'battery_health': '93.82'}
2025-03-27 13:53:19,874 [INFO] Successfully inserted record with ID: 1614
2025-03-27 13:53:20,333 [INFO] Updated preview: C:\Users\User\Documents\projects\label_printer\src\preview.html
2025-03-27 13:53:20,333 [INFO] Processed 1 new records
2025-03-27 13:53:20,478 [INFO] Updated record counts - zerodb: 1613, zerodev: 1613
2025-03-27 13:53:20,870 [INFO] Updated preview: C:\Users\User\Documents\projects\label_printer\src\preview.html
2025-03-27 13:53:22,987 [INFO] File update detected: \\192.168.0.10\Files\03_IT\data\product_keys_Mar2025.csv
2025-03-27 13:53:22,987 [INFO] Processing product keys from: \\192.168.0.10\Files\03_IT\data\product_keys_Mar2025.csv
2025-03-27 13:53:23,015 [INFO] Found 234 records in CSV
2025-03-27 13:53:23,705 [INFO] Processed total: 234 records
2025-03-27 13:53:23,705 [INFO] Updated: 233 records
2025-03-27 13:53:23,705 [INFO] Added: 1 new records
2025-03-27 13:53:24,085 [INFO] Updated preview: C:\Users\User\Documents\projects\label_printer\src\preview.html
2025-03-27 13:53:54,060 [INFO] File update detected: \\192.168.0.10\Files\03_IT\data\system_records_Mar2025.csv
2025-03-27 13:53:54,060 [INFO] Processing system records: system_records_Mar2025.csv
2025-03-27 13:53:54,091 [INFO] Found 356 records
2025-03-27 13:53:54,114 [INFO] Latest record: PF29HB4K
2025-03-27 13:53:54,415 [INFO] Last processed time: 2025-03-27 13:52:00
2025-03-27 13:53:54,419 [INFO] Current record count - main database: 1613, development database: 1613
2025-03-27 13:53:54,419 [INFO] Found 1 new records to process
2025-03-27 13:53:54,419 [INFO] Updating zerodb database...
2025-03-27 13:53:54,490 [INFO] Processing record in zerodb: SerialNumber=PF29HB4K, Timestamp=2025-03-27 13:53:00
2025-03-27 13:53:54,495 [INFO] Inserting new record to zerodb: {'serialnumber': 'PF29HB4K', 'computername': 'DESKTOP-E97COVR', 'manufacturer': 'LENOVO', 'model': '20N3S94909', 'systemsku': 'LENOVO_MT_20N3_BU_Think_FM_ThinkPad T490', 'ram_gb': 16.0, 'disks': '256GB', 'created_at': '3/27/2025 13:53', 'operatingsystem': 'Microsoft Windows 11 Pro 10.0.26100', 'cpu': 'Intel(R) Core(TM) i5-8365U CPU @ 1.60GHz (4C/8T)', 'resolution': '1366x768', 'graphicscard': 'Intel(R) UHD Graphics 620 [1366x768]', 'touchscreen': 'Not Detected', 'design_capacity': '51000', 'full_charge_capacity': '43390', 'cycle_count': '42', 'battery_health': '85.08'}
2025-03-27 13:53:54,495 [INFO] Successfully inserted record with ID: 1615
2025-03-27 13:54:25,205 [INFO] Label printed: PF29HB4K
2025-03-27 13:54:25,981 [INFO] Successfully uploaded 1 records to API
2025-03-27 13:54:26,545 [INFO] Updated preview: C:\Users\User\Documents\projects\label_printer\src\preview.html
2025-03-27 13:54:26,545 [INFO] Processed 1 new records
2025-03-27 13:54:26,545 [INFO] Updating zerodev database...
2025-03-27 13:54:26,609 [INFO] Processing record in zerodev: SerialNumber=PF29HB4K, Timestamp=2025-03-27 13:53:00
2025-03-27 13:54:26,622 [INFO] Inserting new record to zerodev: {'serialnumber': 'PF29HB4K', 'computername': 'DESKTOP-E97COVR', 'manufacturer': 'LENOVO', 'model': '20N3S94909', 'systemsku': 'LENOVO_MT_20N3_BU_Think_FM_ThinkPad T490', 'ram_gb': 16.0, 'disks': '256GB', 'created_at': '3/27/2025 13:53', 'operatingsystem': 'Microsoft Windows 11 Pro 10.0.26100', 'cpu': 'Intel(R) Core(TM) i5-8365U CPU @ 1.60GHz (4C/8T)', 'resolution': '1366x768', 'graphicscard': 'Intel(R) UHD Graphics 620 [1366x768]', 'touchscreen': 'Not Detected', 'design_capacity': '51000', 'full_charge_capacity': '43390', 'cycle_count': '42', 'battery_health': '85.08'}
2025-03-27 13:54:26,628 [INFO] Successfully inserted record with ID: 1615
2025-03-27 13:54:27,080 [INFO] Updated preview: C:\Users\User\Documents\projects\label_printer\src\preview.html
2025-03-27 13:54:27,080 [INFO] Processed 1 new records
2025-03-27 13:54:27,222 [INFO] Updated record counts - zerodb: 1614, zerodev: 1614
2025-03-27 13:54:27,632 [INFO] Updated preview: C:\Users\User\Documents\projects\label_printer\src\preview.html
2025-03-27 13:54:29,746 [INFO] File update detected: \\192.168.0.10\Files\03_IT\data\product_keys_Mar2025.csv
2025-03-27 13:54:29,746 [INFO] Processing product keys from: \\192.168.0.10\Files\03_IT\data\product_keys_Mar2025.csv
2025-03-27 13:54:29,770 [INFO] Found 235 records in CSV
2025-03-27 13:54:30,468 [INFO] Processed total: 235 records
2025-03-27 13:54:30,468 [INFO] Updated: 234 records
2025-03-27 13:54:30,468 [INFO] Added: 1 new records
2025-03-27 13:54:30,846 [INFO] Updated preview: C:\Users\User\Documents\projects\label_printer\src\preview.html
2025-03-27 14:00:48,213 [INFO] File update detected: \\192.168.0.10\Files\03_IT\data\system_records_Mar2025.csv
2025-03-27 14:00:48,213 [INFO] Processing system records: system_records_Mar2025.csv
2025-03-27 14:00:48,251 [INFO] Found 356 records
2025-03-27 14:00:48,277 [INFO] Latest record: PF27YST0
2025-03-27 14:00:48,464 [INFO] Last processed time: 2025-03-27 13:53:00
2025-03-27 14:00:48,465 [INFO] Current record count - main database: 1614, development database: 1614
2025-03-27 14:00:48,465 [INFO] Found 1 new records to process
2025-03-27 14:00:48,465 [INFO] Updating zerodb database...
2025-03-27 14:00:48,543 [INFO] Processing record in zerodb: SerialNumber=PF27YST0, Timestamp=2025-03-27 14:00:00
2025-03-27 14:00:48,544 [INFO] Inserting new record to zerodb: {'serialnumber': 'PF27YST0', 'computername': 'DESKTOP-HTK63BP', 'manufacturer': 'LENOVO', 'model': '20N3S94909', 'systemsku': 'LENOVO_MT_20N3_BU_Think_FM_ThinkPad T490', 'ram_gb': 8.0, 'disks': '256GB', 'created_at': '3/27/2025 14:00', 'operatingsystem': 'Microsoft Windows 11 Pro 10.0.22631', 'cpu': 'Intel(R) Core(TM) i5-8365U CPU @ 1.60GHz (4C/8T)', 'resolution': '1366x768', 'graphicscard': 'Intel(R) UHD Graphics 620 [1366x768]', 'touchscreen': 'Not Detected', 'design_capacity': '51000', 'full_charge_capacity': '43400', 'cycle_count': '13', 'battery_health': '85.1'}
2025-03-27 14:00:48,569 [INFO] Successfully inserted record with ID: 1616
2025-03-27 14:01:19,282 [INFO] Label printed: PF27YST0
2025-03-27 14:01:19,732 [INFO] Successfully uploaded 1 records to API
2025-03-27 14:01:20,274 [INFO] Updated preview: C:\Users\User\Documents\projects\label_printer\src\preview.html
2025-03-27 14:01:20,274 [INFO] Processed 1 new records
2025-03-27 14:01:20,274 [INFO] Updating zerodev database...
2025-03-27 14:01:20,343 [INFO] Processing record in zerodev: SerialNumber=PF27YST0, Timestamp=2025-03-27 14:00:00
2025-03-27 14:01:20,357 [INFO] Inserting new record to zerodev: {'serialnumber': 'PF27YST0', 'computername': 'DESKTOP-HTK63BP', 'manufacturer': 'LENOVO', 'model': '20N3S94909', 'systemsku': 'LENOVO_MT_20N3_BU_Think_FM_ThinkPad T490', 'ram_gb': 8.0, 'disks': '256GB', 'created_at': '3/27/2025 14:00', 'operatingsystem': 'Microsoft Windows 11 Pro 10.0.22631', 'cpu': 'Intel(R) Core(TM) i5-8365U CPU @ 1.60GHz (4C/8T)', 'resolution': '1366x768', 'graphicscard': 'Intel(R) UHD Graphics 620 [1366x768]', 'touchscreen': 'Not Detected', 'design_capacity': '51000', 'full_charge_capacity': '43400', 'cycle_count': '13', 'battery_health': '85.1'}
2025-03-27 14:01:20,359 [INFO] Successfully inserted record with ID: 1616
2025-03-27 14:01:20,837 [INFO] Updated preview: C:\Users\User\Documents\projects\label_printer\src\preview.html
2025-03-27 14:01:20,837 [INFO] Processed 1 new records
2025-03-27 14:01:20,964 [INFO] Updated record counts - zerodb: 1615, zerodev: 1615
2025-03-27 14:01:21,397 [INFO] Updated preview: C:\Users\User\Documents\projects\label_printer\src\preview.html
2025-03-27 14:01:23,508 [INFO] File update detected: \\192.168.0.10\Files\03_IT\data\product_keys_Mar2025.csv
2025-03-27 14:01:23,508 [INFO] Processing product keys from: \\192.168.0.10\Files\03_IT\data\product_keys_Mar2025.csv
2025-03-27 14:01:23,530 [INFO] Found 235 records in CSV
2025-03-27 14:01:24,238 [INFO] Processed total: 235 records
2025-03-27 14:01:24,238 [INFO] Updated: 235 records
2025-03-27 14:01:24,238 [INFO] Added: 0 new records
2025-03-27 14:01:24,606 [INFO] Updated preview: C:\Users\User\Documents\projects\label_printer\src\preview.html
2025-03-27 14:06:11,413 [INFO] File update detected: \\192.168.0.10\Files\03_IT\data\system_records_Mar2025.csv
2025-03-27 14:06:11,413 [INFO] Processing system records: system_records_Mar2025.csv
2025-03-27 14:06:11,443 [INFO] Found 356 records
2025-03-27 14:06:11,475 [INFO] Latest record: PF27YST0
2025-03-27 14:06:11,698 [INFO] Last processed time: 2025-03-27 14:00:00
2025-03-27 14:06:11,713 [INFO] Current record count - main database: 1615, development database: 1615
2025-03-27 14:06:11,713 [INFO] Found 1 new records to process
2025-03-27 14:06:11,713 [INFO] Updating zerodb database...
2025-03-27 14:06:11,777 [INFO] Processing record in zerodb: SerialNumber=PF27YST0, Timestamp=2025-03-27 14:06:00
2025-03-27 14:06:11,777 [INFO] Inserting new record to zerodb: {'serialnumber': 'PF27YST0', 'computername': 'DESKTOP-HTK63BP', 'manufacturer': 'LENOVO', 'model': '20N3S94909', 'systemsku': 'LENOVO_MT_20N3_BU_Think_FM_ThinkPad T490', 'ram_gb': 16.0, 'disks': '256GB', 'created_at': '3/27/2025 14:06', 'operatingsystem': 'Microsoft Windows 11 Pro 10.0.22631', 'cpu': 'Intel(R) Core(TM) i5-8365U CPU @ 1.60GHz (4C/8T)', 'resolution': '1366x768', 'graphicscard': 'Intel(R) UHD Graphics 620 [1366x768]', 'touchscreen': 'Not Detected', 'design_capacity': '51000', 'full_charge_capacity': '43400', 'cycle_count': '13', 'battery_health': '85.1'}
2025-03-27 14:06:11,841 [INFO] Successfully inserted record with ID: 1617
2025-03-27 14:06:42,651 [INFO] Label printed: PF27YST0
2025-03-27 14:06:43,184 [INFO] Successfully uploaded 1 records to API
2025-03-27 14:06:43,600 [INFO] Updated preview: C:\Users\User\Documents\projects\label_printer\src\preview.html
2025-03-27 14:06:43,600 [INFO] Processed 1 new records
2025-03-27 14:06:43,600 [INFO] Updating zerodev database...
2025-03-27 14:06:43,671 [INFO] Processing record in zerodev: SerialNumber=PF27YST0, Timestamp=2025-03-27 14:06:00
2025-03-27 14:06:43,679 [INFO] Inserting new record to zerodev: {'serialnumber': 'PF27YST0', 'computername': 'DESKTOP-HTK63BP', 'manufacturer': 'LENOVO', 'model': '20N3S94909', 'systemsku': 'LENOVO_MT_20N3_BU_Think_FM_ThinkPad T490', 'ram_gb': 16.0, 'disks': '256GB', 'created_at': '3/27/2025 14:06', 'operatingsystem': 'Microsoft Windows 11 Pro 10.0.22631', 'cpu': 'Intel(R) Core(TM) i5-8365U CPU @ 1.60GHz (4C/8T)', 'resolution': '1366x768', 'graphicscard': 'Intel(R) UHD Graphics 620 [1366x768]', 'touchscreen': 'Not Detected', 'design_capacity': '51000', 'full_charge_capacity': '43400', 'cycle_count': '13', 'battery_health': '85.1'}
2025-03-27 14:06:43,679 [INFO] Successfully inserted record with ID: 1617
2025-03-27 14:06:44,152 [INFO] Updated preview: C:\Users\User\Documents\projects\label_printer\src\preview.html
2025-03-27 14:06:44,153 [INFO] Processed 1 new records
2025-03-27 14:06:44,280 [INFO] Updated record counts - zerodb: 1616, zerodev: 1616
2025-03-27 14:06:44,732 [INFO] Updated preview: C:\Users\User\Documents\projects\label_printer\src\preview.html
2025-03-27 14:06:46,846 [INFO] File update detected: \\192.168.0.10\Files\03_IT\data\product_keys_Mar2025.csv
2025-03-27 14:06:46,846 [INFO] Processing product keys from: \\192.168.0.10\Files\03_IT\data\product_keys_Mar2025.csv
2025-03-27 14:06:46,869 [INFO] Found 235 records in CSV
2025-03-27 14:06:47,537 [INFO] Processed total: 235 records
2025-03-27 14:06:47,537 [INFO] Updated: 235 records
2025-03-27 14:06:47,537 [INFO] Added: 0 new records
2025-03-27 14:06:47,917 [INFO] Updated preview: C:\Users\User\Documents\projects\label_printer\src\preview.html
2025-03-27 14:07:14,081 [INFO] File update detected: \\192.168.0.10\Files\03_IT\data\system_records_Mar2025.csv
2025-03-27 14:07:14,081 [INFO] Processing system records: system_records_Mar2025.csv
2025-03-27 14:07:14,126 [INFO] Found 357 records
2025-03-27 14:07:14,158 [INFO] Latest record: PF28V88E
2025-03-27 14:07:14,322 [INFO] Last processed time: 2025-03-27 14:06:00
2025-03-27 14:07:14,322 [INFO] Current record count - main database: 1616, development database: 1616
2025-03-27 14:07:14,333 [INFO] Found 1 new records to process
2025-03-27 14:07:14,333 [INFO] Updating zerodb database...
2025-03-27 14:07:14,397 [INFO] Processing record in zerodb: SerialNumber=PF28V88E, Timestamp=2025-03-27 14:07:00
2025-03-27 14:07:14,397 [INFO] Inserting new record to zerodb: {'serialnumber': 'PF28V88E', 'computername': 'DESKTOP-HTK63BP', 'manufacturer': 'LENOVO', 'model': '20N3S94909', 'systemsku': 'LENOVO_MT_20N3_BU_Think_FM_ThinkPad T490', 'ram_gb': 16.0, 'disks': '256GB', 'created_at': '3/27/2025 14:07', 'operatingsystem': 'Microsoft Windows 11 Pro 10.0.22631', 'cpu': 'Intel(R) Core(TM) i5-8365U CPU @ 1.60GHz (4C/8T)', 'resolution': '1366x768', 'graphicscard': 'Intel(R) UHD Graphics 620 [1366x768]', 'touchscreen': 'Not Detected', 'design_capacity': '50450', 'full_charge_capacity': '43750', 'cycle_count': '114', 'battery_health': '86.72'}
2025-03-27 14:07:14,416 [INFO] Successfully inserted record with ID: 1618
2025-03-27 14:07:45,141 [INFO] Label printed: PF28V88E
2025-03-27 14:07:45,443 [INFO] Successfully uploaded 1 records to API
2025-03-27 14:07:45,871 [INFO] Updated preview: C:\Users\User\Documents\projects\label_printer\src\preview.html
2025-03-27 14:07:45,871 [INFO] Processed 1 new records
2025-03-27 14:07:45,871 [INFO] Updating zerodev database...
2025-03-27 14:07:45,944 [INFO] Processing record in zerodev: SerialNumber=PF28V88E, Timestamp=2025-03-27 14:07:00
2025-03-27 14:07:45,944 [INFO] Inserting new record to zerodev: {'serialnumber': 'PF28V88E', 'computername': 'DESKTOP-HTK63BP', 'manufacturer': 'LENOVO', 'model': '20N3S94909', 'systemsku': 'LENOVO_MT_20N3_BU_Think_FM_ThinkPad T490', 'ram_gb': 16.0, 'disks': '256GB', 'created_at': '3/27/2025 14:07', 'operatingsystem': 'Microsoft Windows 11 Pro 10.0.22631', 'cpu': 'Intel(R) Core(TM) i5-8365U CPU @ 1.60GHz (4C/8T)', 'resolution': '1366x768', 'graphicscard': 'Intel(R) UHD Graphics 620 [1366x768]', 'touchscreen': 'Not Detected', 'design_capacity': '50450', 'full_charge_capacity': '43750', 'cycle_count': '114', 'battery_health': '86.72'}
2025-03-27 14:07:45,956 [INFO] Successfully inserted record with ID: 1618
2025-03-27 14:07:46,415 [INFO] Updated preview: C:\Users\User\Documents\projects\label_printer\src\preview.html
2025-03-27 14:07:46,415 [INFO] Processed 1 new records
2025-03-27 14:07:46,571 [INFO] Updated record counts - zerodb: 1617, zerodev: 1617
2025-03-27 14:07:47,017 [INFO] Updated preview: C:\Users\User\Documents\projects\label_printer\src\preview.html
2025-03-27 14:07:49,132 [INFO] File update detected: \\192.168.0.10\Files\03_IT\data\product_keys_Mar2025.csv
2025-03-27 14:07:49,132 [INFO] Processing product keys from: \\192.168.0.10\Files\03_IT\data\product_keys_Mar2025.csv
2025-03-27 14:07:49,152 [INFO] Found 236 records in CSV
2025-03-27 14:07:49,856 [INFO] Processed total: 236 records
2025-03-27 14:07:49,856 [INFO] Updated: 235 records
2025-03-27 14:07:49,856 [INFO] Added: 1 new records
2025-03-27 14:07:50,236 [INFO] Updated preview: C:\Users\User\Documents\projects\label_printer\src\preview.html
2025-03-27 14:13:51,855 [INFO] File update detected: \\192.168.0.10\Files\03_IT\data\system_records_Mar2025.csv
2025-03-27 14:13:51,856 [INFO] Processing system records: system_records_Mar2025.csv
2025-03-27 14:13:51,880 [INFO] Found 357 records
2025-03-27 14:13:51,912 [INFO] Latest record: PF25A7XW
2025-03-27 14:13:52,089 [INFO] Last processed time: 2025-03-27 14:07:00
2025-03-27 14:13:52,089 [INFO] Current record count - main database: 1617, development database: 1617
2025-03-27 14:13:52,089 [INFO] Found 1 new records to process
2025-03-27 14:13:52,089 [INFO] Updating zerodb database...
2025-03-27 14:13:52,170 [INFO] Processing record in zerodb: SerialNumber=PF25A7XW, Timestamp=2025-03-27 14:13:00
2025-03-27 14:13:52,170 [INFO] Inserting new record to zerodb: {'serialnumber': 'PF25A7XW', 'computername': 'DESKTOP-HTK63BP', 'manufacturer': 'LENOVO', 'model': '20N3S94909', 'systemsku': 'LENOVO_MT_20N3_BU_Think_FM_ThinkPad T490', 'ram_gb': 16.0, 'disks': '256GB', 'created_at': '3/27/2025 14:13', 'operatingsystem': 'Microsoft Windows 11 Pro 10.0.22631', 'cpu': 'Intel(R) Core(TM) i5-8365U CPU @ 1.60GHz (4C/8T)', 'resolution': '1366x768', 'graphicscard': 'Intel(R) UHD Graphics 620 [1366x768]', 'touchscreen': 'Not Detected', 'design_capacity': '51000', 'full_charge_capacity': '40650', 'cycle_count': '66', 'battery_health': '79.71'}
2025-03-27 14:13:52,186 [INFO] Successfully inserted record with ID: 1619
2025-03-27 14:14:22,866 [INFO] Label printed: PF25A7XW
2025-03-27 14:14:25,572 [INFO] Successfully uploaded 1 records to API
2025-03-27 14:14:26,011 [INFO] Updated preview: C:\Users\User\Documents\projects\label_printer\src\preview.html
2025-03-27 14:14:26,011 [INFO] Processed 1 new records
2025-03-27 14:14:26,011 [INFO] Updating zerodev database...
2025-03-27 14:14:26,078 [INFO] Processing record in zerodev: SerialNumber=PF25A7XW, Timestamp=2025-03-27 14:13:00
2025-03-27 14:14:26,088 [INFO] Inserting new record to zerodev: {'serialnumber': 'PF25A7XW', 'computername': 'DESKTOP-HTK63BP', 'manufacturer': 'LENOVO', 'model': '20N3S94909', 'systemsku': 'LENOVO_MT_20N3_BU_Think_FM_ThinkPad T490', 'ram_gb': 16.0, 'disks': '256GB', 'created_at': '3/27/2025 14:13', 'operatingsystem': 'Microsoft Windows 11 Pro 10.0.22631', 'cpu': 'Intel(R) Core(TM) i5-8365U CPU @ 1.60GHz (4C/8T)', 'resolution': '1366x768', 'graphicscard': 'Intel(R) UHD Graphics 620 [1366x768]', 'touchscreen': 'Not Detected', 'design_capacity': '51000', 'full_charge_capacity': '40650', 'cycle_count': '66', 'battery_health': '79.71'}
2025-03-27 14:14:26,094 [INFO] Successfully inserted record with ID: 1619
2025-03-27 14:14:26,510 [INFO] Updated preview: C:\Users\User\Documents\projects\label_printer\src\preview.html
2025-03-27 14:14:26,510 [INFO] Processed 1 new records
2025-03-27 14:14:26,638 [INFO] Updated record counts - zerodb: 1618, zerodev: 1618
2025-03-27 14:14:27,059 [INFO] Updated preview: C:\Users\User\Documents\projects\label_printer\src\preview.html
2025-03-27 14:14:29,175 [INFO] File update detected: \\192.168.0.10\Files\03_IT\data\product_keys_Mar2025.csv
2025-03-27 14:14:29,175 [INFO] Processing product keys from: \\192.168.0.10\Files\03_IT\data\product_keys_Mar2025.csv
2025-03-27 14:14:29,196 [INFO] Found 237 records in CSV
2025-03-27 14:14:29,892 [INFO] Processed total: 237 records
2025-03-27 14:14:29,900 [INFO] Updated: 236 records
2025-03-27 14:14:29,900 [INFO] Added: 1 new records
2025-03-27 14:14:30,273 [INFO] Updated preview: C:\Users\User\Documents\projects\label_printer\src\preview.html
2025-03-27 14:14:31,383 [INFO] File update detected: \\192.168.0.10\Files\03_IT\data\system_records_Mar2025.csv
2025-03-27 14:14:31,384 [INFO] Processing system records: system_records_Mar2025.csv
2025-03-27 14:14:31,413 [INFO] Found 357 records
2025-03-27 14:14:31,429 [INFO] Latest record: PF27NQNX
2025-03-27 14:14:31,605 [INFO] Last processed time: 2025-03-27 14:13:00
2025-03-27 14:14:31,605 [INFO] Current record count - main database: 1618, development database: 1618
2025-03-27 14:14:31,605 [INFO] Found 1 new records to process
2025-03-27 14:14:31,605 [INFO] Updating zerodb database...
2025-03-27 14:14:31,685 [INFO] Processing record in zerodb: SerialNumber=PF27NQNX, Timestamp=2025-03-27 14:14:00
2025-03-27 14:14:31,685 [INFO] Inserting new record to zerodb: {'serialnumber': 'PF27NQNX', 'computername': 'DESKTOP-HTK63BP', 'manufacturer': 'LENOVO', 'model': '20N3S94909', 'systemsku': 'LENOVO_MT_20N3_BU_Think_FM_ThinkPad T490', 'ram_gb': 16.0, 'disks': '256GB', 'created_at': '3/27/2025 14:14', 'operatingsystem': 'Microsoft Windows 11 Pro 10.0.22631', 'cpu': 'Intel(R) Core(TM) i5-8365U CPU @ 1.60GHz (4C/8T)', 'resolution': '1366x768', 'graphicscard': 'Intel(R) UHD Graphics 620 [1366x768]', 'touchscreen': 'Not Detected', 'design_capacity': '50450', 'full_charge_capacity': '44090', 'cycle_count': '121', 'battery_health': '87.39'}
2025-03-27 14:14:31,701 [INFO] Successfully inserted record with ID: 1620
2025-03-27 14:15:02,370 [INFO] Label printed: PF27NQNX
2025-03-27 14:15:04,195 [INFO] Successfully uploaded 1 records to API
2025-03-27 14:15:04,631 [INFO] Updated preview: C:\Users\User\Documents\projects\label_printer\src\preview.html
2025-03-27 14:15:04,632 [INFO] Processed 1 new records
2025-03-27 14:15:04,632 [INFO] Updating zerodev database...
2025-03-27 14:15:04,698 [INFO] Processing record in zerodev: SerialNumber=PF27NQNX, Timestamp=2025-03-27 14:14:00
2025-03-27 14:15:04,703 [INFO] Inserting new record to zerodev: {'serialnumber': 'PF27NQNX', 'computername': 'DESKTOP-HTK63BP', 'manufacturer': 'LENOVO', 'model': '20N3S94909', 'systemsku': 'LENOVO_MT_20N3_BU_Think_FM_ThinkPad T490', 'ram_gb': 16.0, 'disks': '256GB', 'created_at': '3/27/2025 14:14', 'operatingsystem': 'Microsoft Windows 11 Pro 10.0.22631', 'cpu': 'Intel(R) Core(TM) i5-8365U CPU @ 1.60GHz (4C/8T)', 'resolution': '1366x768', 'graphicscard': 'Intel(R) UHD Graphics 620 [1366x768]', 'touchscreen': 'Not Detected', 'design_capacity': '50450', 'full_charge_capacity': '44090', 'cycle_count': '121', 'battery_health': '87.39'}
2025-03-27 14:15:04,708 [INFO] Successfully inserted record with ID: 1620
2025-03-27 14:15:05,142 [INFO] Updated preview: C:\Users\User\Documents\projects\label_printer\src\preview.html
2025-03-27 14:15:05,142 [INFO] Processed 1 new records
2025-03-27 14:15:05,287 [INFO] Updated record counts - zerodb: 1619, zerodev: 1619
2025-03-27 14:15:05,701 [INFO] Updated preview: C:\Users\User\Documents\projects\label_printer\src\preview.html
2025-03-27 14:15:06,820 [INFO] File update detected: \\192.168.0.10\Files\03_IT\data\product_keys_Mar2025.csv
2025-03-27 14:15:06,820 [INFO] Processing product keys from: \\192.168.0.10\Files\03_IT\data\product_keys_Mar2025.csv
2025-03-27 14:15:06,843 [INFO] Found 237 records in CSV
2025-03-27 14:15:07,540 [INFO] Processed total: 237 records
2025-03-27 14:15:07,540 [INFO] Updated: 237 records
2025-03-27 14:15:07,540 [INFO] Added: 0 new records
2025-03-27 14:15:07,916 [INFO] Updated preview: C:\Users\User\Documents\projects\label_printer\src\preview.html
