2025-03-18 16:51:46,657 - werkzeug - INFO - [31m[1mWARNING: This is a development server. Do not use it in a production deployment. Use a production WSGI server instead.[0m
 * Running on all addresses (0.0.0.0)
 * Running on http://127.0.0.1:5000
 * Running on http://192.168.0.239:5000
2025-03-18 16:51:46,657 - werkzeug - INFO - [33mPress CTRL+C to quit[0m
2025-03-18 16:51:47,868 - werkzeug - INFO - 127.0.0.1 - - [18/Mar/2025 16:51:47] "GET / HTTP/1.1" 200 -
2025-03-18 16:51:49,931 - werkzeug - INFO - 127.0.0.1 - - [18/Mar/2025 16:51:49] "[33mGET /api/failed_uploads HTTP/1.1[0m" 404 -
2025-03-18 16:52:05,725 - werkzeug - INFO - 127.0.0.1 - - [18/Mar/2025 16:52:05] "[33mGET /api/failed_uploads HTTP/1.1[0m" 404 -
2025-03-18 17:17:09,407 - werkzeug - INFO - [31m[1mWARNING: This is a development server. Do not use it in a production deployment. Use a production WSGI server instead.[0m
 * Running on all addresses (0.0.0.0)
 * Running on http://127.0.0.1:5000
 * Running on http://192.168.0.239:5000
2025-03-18 17:17:09,407 - werkzeug - INFO - [33mPress CTRL+C to quit[0m
2025-03-18 17:17:10,606 - werkzeug - INFO - 127.0.0.1 - - [18/Mar/2025 17:17:10] "GET / HTTP/1.1" 200 -
2025-03-18 17:20:35,674 - werkzeug - INFO - [31m[1mWARNING: This is a development server. Do not use it in a production deployment. Use a production WSGI server instead.[0m
 * Running on http://127.0.0.1:5000
2025-03-18 17:20:35,674 - werkzeug - INFO - [33mPress CTRL+C to quit[0m
2025-03-18 17:23:45,193 - werkzeug - INFO - [31m[1mWARNING: This is a development server. Do not use it in a production deployment. Use a production WSGI server instead.[0m
 * Running on all addresses (0.0.0.0)
 * Running on http://127.0.0.1:5000
 * Running on http://192.168.0.239:5000
2025-03-18 17:23:45,193 - werkzeug - INFO - [33mPress CTRL+C to quit[0m
2025-03-18 17:23:46,373 - werkzeug - INFO - 127.0.0.1 - - [18/Mar/2025 17:23:46] "GET / HTTP/1.1" 200 -
2025-03-18 17:23:49,511 - werkzeug - INFO - 127.0.0.1 - - [18/Mar/2025 17:23:49] "[36mGET / HTTP/1.1[0m" 304 -
2025-03-18 17:25:21,945 - werkzeug - INFO - [31m[1mWARNING: This is a development server. Do not use it in a production deployment. Use a production WSGI server instead.[0m
 * Running on http://127.0.0.1:5000
2025-03-18 17:25:21,946 - werkzeug - INFO - [33mPress CTRL+C to quit[0m
2025-03-18 17:26:13,450 - werkzeug - INFO - [31m[1mWARNING: This is a development server. Do not use it in a production deployment. Use a production WSGI server instead.[0m
 * Running on http://127.0.0.1:5000
2025-03-18 17:26:13,451 - werkzeug - INFO - [33mPress CTRL+C to quit[0m
2025-03-18 17:26:42,302 - werkzeug - INFO - [31m[1mWARNING: This is a development server. Do not use it in a production deployment. Use a production WSGI server instead.[0m
 * Running on all addresses (0.0.0.0)
 * Running on http://127.0.0.1:5000
 * Running on http://192.168.0.239:5000
2025-03-18 17:26:42,302 - werkzeug - INFO - [33mPress CTRL+C to quit[0m
2025-03-18 17:26:43,711 - werkzeug - INFO - 127.0.0.1 - - [18/Mar/2025 17:26:43] "GET / HTTP/1.1" 200 -
2025-03-18 17:27:49,487 - werkzeug - INFO - [31m[1mWARNING: This is a development server. Do not use it in a production deployment. Use a production WSGI server instead.[0m
 * Running on http://127.0.0.1:5000
2025-03-18 17:27:49,487 - werkzeug - INFO - [33mPress CTRL+C to quit[0m
2025-03-18 17:32:21,493 - werkzeug - INFO - [31m[1mWARNING: This is a development server. Do not use it in a production deployment. Use a production WSGI server instead.[0m
 * Running on http://127.0.0.1:5000
2025-03-18 17:32:21,493 - werkzeug - INFO - [33mPress CTRL+C to quit[0m
2025-03-18 17:32:42,484 - werkzeug - INFO - [31m[1mWARNING: This is a development server. Do not use it in a production deployment. Use a production WSGI server instead.[0m
 * Running on all addresses (0.0.0.0)
 * Running on http://127.0.0.1:5000
 * Running on http://192.168.0.239:5000
2025-03-18 17:32:42,485 - werkzeug - INFO - [33mPress CTRL+C to quit[0m
2025-03-18 17:32:43,597 - werkzeug - INFO - 127.0.0.1 - - [18/Mar/2025 17:32:43] "GET / HTTP/1.1" 200 -
2025-03-18 17:33:22,034 - werkzeug - INFO - 127.0.0.1 - - [18/Mar/2025 17:33:22] "GET / HTTP/1.1" 200 -
2025-03-18 17:34:15,001 - werkzeug - INFO - [31m[1mWARNING: This is a development server. Do not use it in a production deployment. Use a production WSGI server instead.[0m
 * Running on all addresses (0.0.0.0)
 * Running on http://127.0.0.1:5000
 * Running on http://192.168.0.239:5000
2025-03-18 17:34:15,001 - werkzeug - INFO - [33mPress CTRL+C to quit[0m
2025-03-18 17:34:16,100 - werkzeug - INFO - 127.0.0.1 - - [18/Mar/2025 17:34:16] "GET / HTTP/1.1" 200 -
2025-03-18 17:34:20,527 - werkzeug - INFO - 127.0.0.1 - - [18/Mar/2025 17:34:20] "[36mGET / HTTP/1.1[0m" 304 -
2025-03-19 09:34:01,920 [INFO] æŸ¥æ‰¾è¿‘ 7 å¤©å…§çš„å¤±æ•—ä¸Šå‚³...
2025-03-19 09:34:01,922 [INFO] æ‰¾åˆ° 2 å€‹æ—¥èªŒæ–‡ä»¶é€²è¡Œåˆ†æ
2025-03-19 09:34:01,923 [INFO] åˆ†ææ—¥èªŒæ–‡ä»¶: sync_20250318.log
2025-03-19 09:34:01,924 [INFO] åˆ†ææ—¥èªŒæ–‡ä»¶: sync_20250319.log
2025-03-19 09:34:01,924 [INFO] ç¸½å…±æ‰¾åˆ° 0 æ¢å¤±æ•—çš„APIä¸Šå‚³
2025-03-19 09:35:00,152 [INFO] ===== é–‹å§‹APIä¸Šå‚³é‡è©¦æµç¨‹ =====
2025-03-19 09:35:00,152 [INFO] æŸ¥æ‰¾è¿‘ 4 å¤©å…§çš„å¤±æ•—ä¸Šå‚³...
2025-03-19 09:35:00,155 [INFO] æ‰¾åˆ° 2 å€‹æ—¥èªŒæ–‡ä»¶é€²è¡Œåˆ†æ
2025-03-19 09:35:00,155 [INFO] åˆ†ææ—¥èªŒæ–‡ä»¶: sync_20250318.log
2025-03-19 09:35:00,156 [INFO] åˆ†ææ—¥èªŒæ–‡ä»¶: sync_20250319.log
2025-03-19 09:35:00,156 [INFO] ç¸½å…±æ‰¾åˆ° 0 æ¢å¤±æ•—çš„APIä¸Šå‚³
2025-03-19 09:35:00,157 [INFO] æ²’æœ‰æ‰¾åˆ°å¤±æ•—çš„APIä¸Šå‚³è¨˜éŒ„
2025-03-19 09:35:26,032 [INFO] ===== é–‹å§‹APIä¸Šå‚³é‡è©¦æµç¨‹ =====
2025-03-19 09:35:26,032 [INFO] æŸ¥æ‰¾è¿‘ 7 å¤©å…§çš„å¤±æ•—ä¸Šå‚³...
2025-03-19 09:35:26,035 [INFO] æ‰¾åˆ° 2 å€‹æ—¥èªŒæ–‡ä»¶é€²è¡Œåˆ†æ
2025-03-19 09:35:26,035 [INFO] åˆ†ææ—¥èªŒæ–‡ä»¶: sync_20250318.log
2025-03-19 09:35:26,037 [INFO] åˆ†ææ—¥èªŒæ–‡ä»¶: sync_20250319.log
2025-03-19 09:35:26,037 [INFO] ç¸½å…±æ‰¾åˆ° 0 æ¢å¤±æ•—çš„APIä¸Šå‚³
2025-03-19 09:35:26,037 [INFO] æ²’æœ‰æ‰¾åˆ°å¤±æ•—çš„APIä¸Šå‚³è¨˜éŒ„
2025-03-19 09:35:30,223 [INFO] ===== é–‹å§‹APIä¸Šå‚³é‡è©¦æµç¨‹ =====
2025-03-19 09:35:30,224 [INFO] æŸ¥æ‰¾è¿‘ 8 å¤©å…§çš„å¤±æ•—ä¸Šå‚³...
2025-03-19 09:35:30,226 [INFO] æ‰¾åˆ° 3 å€‹æ—¥èªŒæ–‡ä»¶é€²è¡Œåˆ†æ
2025-03-19 09:35:30,227 [INFO] åˆ†ææ—¥èªŒæ–‡ä»¶: sync_20250312.log
2025-03-19 09:35:30,245 [INFO] åœ¨æ­¤æ–‡ä»¶ä¸­æ‰¾åˆ° 31 æ¢å¤±æ•—è¨˜éŒ„
2025-03-19 09:35:30,245 [INFO] åˆ†ææ—¥èªŒæ–‡ä»¶: sync_20250318.log
2025-03-19 09:35:30,246 [INFO] åˆ†ææ—¥èªŒæ–‡ä»¶: sync_20250319.log
2025-03-19 09:35:30,247 [INFO] ç¸½å…±æ‰¾åˆ° 31 æ¢å¤±æ•—çš„APIä¸Šå‚³
2025-03-19 09:35:30,247 [INFO] other éŒ¯èª¤: 9 æ¢
2025-03-19 09:35:30,248 [INFO] authentication éŒ¯èª¤: 22 æ¢
2025-03-19 09:35:30,248 [INFO] æ‰¾åˆ° 31 æ¢æ–°çš„å¤±æ•—ä¸Šå‚³
2025-03-19 09:35:30,250 [INFO] çµæœå·²ä¿å­˜åˆ° C:\Users\Zerouniquqe\Documents\projects\label_printer\results\api_retry_results.json
2025-03-19 09:35:30,263 [INFO] æ‰¾åˆ° 31 æ¢å¾…è™•ç†çš„å¤±æ•—ä¸Šå‚³
2025-03-19 09:35:30,263 [INFO] æº–å‚™é‡è©¦ä¸Šå‚³è¨˜éŒ„ID: 1482
2025-03-19 09:35:37,360 [INFO] APIé€£æ¥æˆåŠŸ
2025-03-19 09:35:37,361 [ERROR] é‡è©¦ä¸Šå‚³æ™‚å‡ºéŒ¯: Object of type Decimal is not JSON serializable
2025-03-19 09:35:37,362 [INFO] è¨˜éŒ„ 1482 é‡è©¦å¤±æ•—: ä¸Šå‚³éç¨‹ä¸­å‡ºéŒ¯: Object of type Decimal is not JSON serializable
2025-03-19 09:35:37,364 [INFO] çµæœå·²ä¿å­˜åˆ° C:\Users\Zerouniquqe\Documents\projects\label_printer\results\api_retry_results.json
2025-03-19 09:35:39,365 [INFO] æº–å‚™é‡è©¦ä¸Šå‚³è¨˜éŒ„ID: 1483
2025-03-19 09:35:39,443 [ERROR] é‡è©¦ä¸Šå‚³æ™‚å‡ºéŒ¯: Object of type Decimal is not JSON serializable
2025-03-19 09:35:39,443 [INFO] è¨˜éŒ„ 1483 é‡è©¦å¤±æ•—: ä¸Šå‚³éç¨‹ä¸­å‡ºéŒ¯: Object of type Decimal is not JSON serializable
2025-03-19 09:35:39,445 [INFO] çµæœå·²ä¿å­˜åˆ° C:\Users\Zerouniquqe\Documents\projects\label_printer\results\api_retry_results.json
2025-03-19 09:35:41,448 [INFO] æº–å‚™é‡è©¦ä¸Šå‚³è¨˜éŒ„ID: 1484
2025-03-19 09:35:41,539 [ERROR] é‡è©¦ä¸Šå‚³æ™‚å‡ºéŒ¯: Object of type Decimal is not JSON serializable
2025-03-19 09:35:41,540 [INFO] è¨˜éŒ„ 1484 é‡è©¦å¤±æ•—: ä¸Šå‚³éç¨‹ä¸­å‡ºéŒ¯: Object of type Decimal is not JSON serializable
2025-03-19 09:35:41,542 [INFO] çµæœå·²ä¿å­˜åˆ° C:\Users\Zerouniquqe\Documents\projects\label_printer\results\api_retry_results.json
2025-03-19 09:35:43,546 [INFO] æº–å‚™é‡è©¦ä¸Šå‚³è¨˜éŒ„ID: 1485
2025-03-19 09:35:43,625 [ERROR] é‡è©¦ä¸Šå‚³æ™‚å‡ºéŒ¯: Object of type Decimal is not JSON serializable
2025-03-19 09:35:43,626 [INFO] è¨˜éŒ„ 1485 é‡è©¦å¤±æ•—: ä¸Šå‚³éç¨‹ä¸­å‡ºéŒ¯: Object of type Decimal is not JSON serializable
2025-03-19 09:35:43,627 [INFO] çµæœå·²ä¿å­˜åˆ° C:\Users\Zerouniquqe\Documents\projects\label_printer\results\api_retry_results.json
2025-03-19 09:35:45,631 [INFO] æº–å‚™é‡è©¦ä¸Šå‚³è¨˜éŒ„ID: 1486
2025-03-19 09:35:45,714 [ERROR] é‡è©¦ä¸Šå‚³æ™‚å‡ºéŒ¯: Object of type Decimal is not JSON serializable
2025-03-19 09:35:45,714 [INFO] è¨˜éŒ„ 1486 é‡è©¦å¤±æ•—: ä¸Šå‚³éç¨‹ä¸­å‡ºéŒ¯: Object of type Decimal is not JSON serializable
2025-03-19 09:35:45,716 [INFO] çµæœå·²ä¿å­˜åˆ° C:\Users\Zerouniquqe\Documents\projects\label_printer\results\api_retry_results.json
2025-03-19 09:35:47,716 [INFO] æº–å‚™é‡è©¦ä¸Šå‚³è¨˜éŒ„ID: 1487
2025-03-19 09:35:47,791 [ERROR] é‡è©¦ä¸Šå‚³æ™‚å‡ºéŒ¯: Object of type Decimal is not JSON serializable
2025-03-19 09:35:47,791 [INFO] è¨˜éŒ„ 1487 é‡è©¦å¤±æ•—: ä¸Šå‚³éç¨‹ä¸­å‡ºéŒ¯: Object of type Decimal is not JSON serializable
2025-03-19 09:35:47,794 [INFO] çµæœå·²ä¿å­˜åˆ° C:\Users\Zerouniquqe\Documents\projects\label_printer\results\api_retry_results.json
2025-03-19 09:35:49,796 [INFO] æº–å‚™é‡è©¦ä¸Šå‚³è¨˜éŒ„ID: 1488
2025-03-19 09:35:49,890 [ERROR] é‡è©¦ä¸Šå‚³æ™‚å‡ºéŒ¯: Object of type Decimal is not JSON serializable
2025-03-19 09:35:49,891 [INFO] è¨˜éŒ„ 1488 é‡è©¦å¤±æ•—: ä¸Šå‚³éç¨‹ä¸­å‡ºéŒ¯: Object of type Decimal is not JSON serializable
2025-03-19 09:35:49,893 [INFO] çµæœå·²ä¿å­˜åˆ° C:\Users\Zerouniquqe\Documents\projects\label_printer\results\api_retry_results.json
2025-03-19 09:35:51,894 [INFO] æº–å‚™é‡è©¦ä¸Šå‚³è¨˜éŒ„ID: 1489
2025-03-19 09:35:51,976 [ERROR] é‡è©¦ä¸Šå‚³æ™‚å‡ºéŒ¯: Object of type Decimal is not JSON serializable
2025-03-19 09:35:51,977 [INFO] è¨˜éŒ„ 1489 é‡è©¦å¤±æ•—: ä¸Šå‚³éç¨‹ä¸­å‡ºéŒ¯: Object of type Decimal is not JSON serializable
2025-03-19 09:35:51,978 [INFO] çµæœå·²ä¿å­˜åˆ° C:\Users\Zerouniquqe\Documents\projects\label_printer\results\api_retry_results.json
2025-03-19 09:35:53,981 [INFO] æº–å‚™é‡è©¦ä¸Šå‚³è¨˜éŒ„ID: 1490
2025-03-19 09:35:54,059 [ERROR] é‡è©¦ä¸Šå‚³æ™‚å‡ºéŒ¯: Object of type Decimal is not JSON serializable
2025-03-19 09:35:54,059 [INFO] è¨˜éŒ„ 1490 é‡è©¦å¤±æ•—: ä¸Šå‚³éç¨‹ä¸­å‡ºéŒ¯: Object of type Decimal is not JSON serializable
2025-03-19 09:35:54,060 [INFO] çµæœå·²ä¿å­˜åˆ° C:\Users\Zerouniquqe\Documents\projects\label_printer\results\api_retry_results.json
2025-03-19 09:35:56,061 [INFO] æº–å‚™é‡è©¦ä¸Šå‚³è¨˜éŒ„ID: 1491
2025-03-19 09:35:56,154 [ERROR] é‡è©¦ä¸Šå‚³æ™‚å‡ºéŒ¯: Object of type Decimal is not JSON serializable
2025-03-19 09:35:56,154 [INFO] è¨˜éŒ„ 1491 é‡è©¦å¤±æ•—: ä¸Šå‚³éç¨‹ä¸­å‡ºéŒ¯: Object of type Decimal is not JSON serializable
2025-03-19 09:35:56,156 [INFO] çµæœå·²ä¿å­˜åˆ° C:\Users\Zerouniquqe\Documents\projects\label_printer\results\api_retry_results.json
2025-03-19 09:35:58,160 [INFO] æº–å‚™é‡è©¦ä¸Šå‚³è¨˜éŒ„ID: 1492
2025-03-19 09:35:58,239 [ERROR] é‡è©¦ä¸Šå‚³æ™‚å‡ºéŒ¯: Object of type Decimal is not JSON serializable
2025-03-19 09:35:58,239 [INFO] è¨˜éŒ„ 1492 é‡è©¦å¤±æ•—: ä¸Šå‚³éç¨‹ä¸­å‡ºéŒ¯: Object of type Decimal is not JSON serializable
2025-03-19 09:35:58,240 [INFO] çµæœå·²ä¿å­˜åˆ° C:\Users\Zerouniquqe\Documents\projects\label_printer\results\api_retry_results.json
2025-03-19 09:36:00,241 [INFO] æº–å‚™é‡è©¦ä¸Šå‚³è¨˜éŒ„ID: 1493
2025-03-19 09:36:00,322 [ERROR] é‡è©¦ä¸Šå‚³æ™‚å‡ºéŒ¯: Object of type Decimal is not JSON serializable
2025-03-19 09:36:00,322 [INFO] è¨˜éŒ„ 1493 é‡è©¦å¤±æ•—: ä¸Šå‚³éç¨‹ä¸­å‡ºéŒ¯: Object of type Decimal is not JSON serializable
2025-03-19 09:36:00,324 [INFO] çµæœå·²ä¿å­˜åˆ° C:\Users\Zerouniquqe\Documents\projects\label_printer\results\api_retry_results.json
2025-03-19 09:36:02,326 [INFO] æº–å‚™é‡è©¦ä¸Šå‚³è¨˜éŒ„ID: 1494
2025-03-19 09:36:02,402 [ERROR] é‡è©¦ä¸Šå‚³æ™‚å‡ºéŒ¯: Object of type Decimal is not JSON serializable
2025-03-19 09:36:02,402 [INFO] è¨˜éŒ„ 1494 é‡è©¦å¤±æ•—: ä¸Šå‚³éç¨‹ä¸­å‡ºéŒ¯: Object of type Decimal is not JSON serializable
2025-03-19 09:36:02,404 [INFO] çµæœå·²ä¿å­˜åˆ° C:\Users\Zerouniquqe\Documents\projects\label_printer\results\api_retry_results.json
2025-03-19 09:36:04,407 [INFO] æº–å‚™é‡è©¦ä¸Šå‚³è¨˜éŒ„ID: 1495
2025-03-19 09:36:04,496 [ERROR] é‡è©¦ä¸Šå‚³æ™‚å‡ºéŒ¯: Object of type Decimal is not JSON serializable
2025-03-19 09:36:04,496 [INFO] è¨˜éŒ„ 1495 é‡è©¦å¤±æ•—: ä¸Šå‚³éç¨‹ä¸­å‡ºéŒ¯: Object of type Decimal is not JSON serializable
2025-03-19 09:36:04,497 [INFO] çµæœå·²ä¿å­˜åˆ° C:\Users\Zerouniquqe\Documents\projects\label_printer\results\api_retry_results.json
2025-03-19 09:36:06,498 [INFO] æº–å‚™é‡è©¦ä¸Šå‚³è¨˜éŒ„ID: 1496
2025-03-19 09:36:06,576 [ERROR] é‡è©¦ä¸Šå‚³æ™‚å‡ºéŒ¯: Object of type Decimal is not JSON serializable
2025-03-19 09:36:06,577 [INFO] è¨˜éŒ„ 1496 é‡è©¦å¤±æ•—: ä¸Šå‚³éç¨‹ä¸­å‡ºéŒ¯: Object of type Decimal is not JSON serializable
2025-03-19 09:36:06,579 [INFO] çµæœå·²ä¿å­˜åˆ° C:\Users\Zerouniquqe\Documents\projects\label_printer\results\api_retry_results.json
2025-03-19 09:36:08,581 [INFO] æº–å‚™é‡è©¦ä¸Šå‚³è¨˜éŒ„ID: 1497
2025-03-19 09:36:08,664 [ERROR] é‡è©¦ä¸Šå‚³æ™‚å‡ºéŒ¯: Object of type Decimal is not JSON serializable
2025-03-19 09:36:08,664 [INFO] è¨˜éŒ„ 1497 é‡è©¦å¤±æ•—: ä¸Šå‚³éç¨‹ä¸­å‡ºéŒ¯: Object of type Decimal is not JSON serializable
2025-03-19 09:36:08,665 [INFO] çµæœå·²ä¿å­˜åˆ° C:\Users\Zerouniquqe\Documents\projects\label_printer\results\api_retry_results.json
2025-03-19 09:36:10,666 [INFO] æº–å‚™é‡è©¦ä¸Šå‚³è¨˜éŒ„ID: 1498
2025-03-19 09:36:10,746 [ERROR] é‡è©¦ä¸Šå‚³æ™‚å‡ºéŒ¯: Object of type Decimal is not JSON serializable
2025-03-19 09:36:10,746 [INFO] è¨˜éŒ„ 1498 é‡è©¦å¤±æ•—: ä¸Šå‚³éç¨‹ä¸­å‡ºéŒ¯: Object of type Decimal is not JSON serializable
2025-03-19 09:36:10,749 [INFO] çµæœå·²ä¿å­˜åˆ° C:\Users\Zerouniquqe\Documents\projects\label_printer\results\api_retry_results.json
2025-03-19 09:36:12,750 [INFO] æº–å‚™é‡è©¦ä¸Šå‚³è¨˜éŒ„ID: 1499
2025-03-19 09:36:12,825 [ERROR] é‡è©¦ä¸Šå‚³æ™‚å‡ºéŒ¯: Object of type Decimal is not JSON serializable
2025-03-19 09:36:12,825 [INFO] è¨˜éŒ„ 1499 é‡è©¦å¤±æ•—: ä¸Šå‚³éç¨‹ä¸­å‡ºéŒ¯: Object of type Decimal is not JSON serializable
2025-03-19 09:36:12,827 [INFO] çµæœå·²ä¿å­˜åˆ° C:\Users\Zerouniquqe\Documents\projects\label_printer\results\api_retry_results.json
2025-03-19 09:36:14,827 [INFO] æº–å‚™é‡è©¦ä¸Šå‚³è¨˜éŒ„ID: 1500
2025-03-19 09:36:15,028 [ERROR] é‡è©¦ä¸Šå‚³æ™‚å‡ºéŒ¯: Object of type Decimal is not JSON serializable
2025-03-19 09:36:15,029 [INFO] è¨˜éŒ„ 1500 é‡è©¦å¤±æ•—: ä¸Šå‚³éç¨‹ä¸­å‡ºéŒ¯: Object of type Decimal is not JSON serializable
2025-03-19 09:36:15,031 [INFO] çµæœå·²ä¿å­˜åˆ° C:\Users\Zerouniquqe\Documents\projects\label_printer\results\api_retry_results.json
2025-03-19 09:36:17,033 [INFO] æº–å‚™é‡è©¦ä¸Šå‚³è¨˜éŒ„ID: 1501
2025-03-19 09:36:17,118 [ERROR] é‡è©¦ä¸Šå‚³æ™‚å‡ºéŒ¯: Object of type Decimal is not JSON serializable
2025-03-19 09:36:17,119 [INFO] è¨˜éŒ„ 1501 é‡è©¦å¤±æ•—: ä¸Šå‚³éç¨‹ä¸­å‡ºéŒ¯: Object of type Decimal is not JSON serializable
2025-03-19 09:36:17,120 [INFO] çµæœå·²ä¿å­˜åˆ° C:\Users\Zerouniquqe\Documents\projects\label_printer\results\api_retry_results.json
2025-03-19 09:36:19,122 [INFO] æº–å‚™é‡è©¦ä¸Šå‚³è¨˜éŒ„ID: 1502
2025-03-19 09:36:19,213 [ERROR] é‡è©¦ä¸Šå‚³æ™‚å‡ºéŒ¯: Object of type Decimal is not JSON serializable
2025-03-19 09:36:19,214 [INFO] è¨˜éŒ„ 1502 é‡è©¦å¤±æ•—: ä¸Šå‚³éç¨‹ä¸­å‡ºéŒ¯: Object of type Decimal is not JSON serializable
2025-03-19 09:36:19,215 [INFO] çµæœå·²ä¿å­˜åˆ° C:\Users\Zerouniquqe\Documents\projects\label_printer\results\api_retry_results.json
2025-03-19 09:36:21,216 [INFO] æº–å‚™é‡è©¦ä¸Šå‚³è¨˜éŒ„ID: 1503
2025-03-19 09:36:21,295 [ERROR] é‡è©¦ä¸Šå‚³æ™‚å‡ºéŒ¯: Object of type Decimal is not JSON serializable
2025-03-19 09:36:21,296 [INFO] è¨˜éŒ„ 1503 é‡è©¦å¤±æ•—: ä¸Šå‚³éç¨‹ä¸­å‡ºéŒ¯: Object of type Decimal is not JSON serializable
2025-03-19 09:36:21,297 [INFO] çµæœå·²ä¿å­˜åˆ° C:\Users\Zerouniquqe\Documents\projects\label_printer\results\api_retry_results.json
2025-03-19 09:36:23,298 [INFO] æº–å‚™é‡è©¦ä¸Šå‚³è¨˜éŒ„ID: 1504
2025-03-19 09:36:23,387 [ERROR] é‡è©¦ä¸Šå‚³æ™‚å‡ºéŒ¯: Object of type Decimal is not JSON serializable
2025-03-19 09:36:23,388 [INFO] è¨˜éŒ„ 1504 é‡è©¦å¤±æ•—: ä¸Šå‚³éç¨‹ä¸­å‡ºéŒ¯: Object of type Decimal is not JSON serializable
2025-03-19 09:36:23,390 [INFO] çµæœå·²ä¿å­˜åˆ° C:\Users\Zerouniquqe\Documents\projects\label_printer\results\api_retry_results.json
2025-03-19 09:36:25,392 [INFO] æº–å‚™é‡è©¦ä¸Šå‚³è¨˜éŒ„ID: 1505
2025-03-19 09:36:25,471 [ERROR] é‡è©¦ä¸Šå‚³æ™‚å‡ºéŒ¯: Object of type Decimal is not JSON serializable
2025-03-19 09:36:25,472 [INFO] è¨˜éŒ„ 1505 é‡è©¦å¤±æ•—: ä¸Šå‚³éç¨‹ä¸­å‡ºéŒ¯: Object of type Decimal is not JSON serializable
2025-03-19 09:36:25,473 [INFO] çµæœå·²ä¿å­˜åˆ° C:\Users\Zerouniquqe\Documents\projects\label_printer\results\api_retry_results.json
2025-03-19 09:36:27,475 [INFO] æº–å‚™é‡è©¦ä¸Šå‚³è¨˜éŒ„ID: 1506
2025-03-19 09:36:27,564 [ERROR] é‡è©¦ä¸Šå‚³æ™‚å‡ºéŒ¯: Object of type Decimal is not JSON serializable
2025-03-19 09:36:27,565 [INFO] è¨˜éŒ„ 1506 é‡è©¦å¤±æ•—: ä¸Šå‚³éç¨‹ä¸­å‡ºéŒ¯: Object of type Decimal is not JSON serializable
2025-03-19 09:36:27,567 [INFO] çµæœå·²ä¿å­˜åˆ° C:\Users\Zerouniquqe\Documents\projects\label_printer\results\api_retry_results.json
2025-03-19 09:36:29,568 [INFO] æº–å‚™é‡è©¦ä¸Šå‚³è¨˜éŒ„ID: 1507
2025-03-19 09:36:29,639 [ERROR] é‡è©¦ä¸Šå‚³æ™‚å‡ºéŒ¯: Object of type Decimal is not JSON serializable
2025-03-19 09:36:29,639 [INFO] è¨˜éŒ„ 1507 é‡è©¦å¤±æ•—: ä¸Šå‚³éç¨‹ä¸­å‡ºéŒ¯: Object of type Decimal is not JSON serializable
2025-03-19 09:36:29,641 [INFO] çµæœå·²ä¿å­˜åˆ° C:\Users\Zerouniquqe\Documents\projects\label_printer\results\api_retry_results.json
2025-03-19 09:36:31,641 [INFO] æº–å‚™é‡è©¦ä¸Šå‚³è¨˜éŒ„ID: 1508
2025-03-19 09:36:31,718 [ERROR] é‡è©¦ä¸Šå‚³æ™‚å‡ºéŒ¯: Object of type Decimal is not JSON serializable
2025-03-19 09:36:31,718 [INFO] è¨˜éŒ„ 1508 é‡è©¦å¤±æ•—: ä¸Šå‚³éç¨‹ä¸­å‡ºéŒ¯: Object of type Decimal is not JSON serializable
2025-03-19 09:36:31,719 [INFO] çµæœå·²ä¿å­˜åˆ° C:\Users\Zerouniquqe\Documents\projects\label_printer\results\api_retry_results.json
2025-03-19 09:36:33,723 [INFO] æº–å‚™é‡è©¦ä¸Šå‚³è¨˜éŒ„ID: 1509
2025-03-19 09:36:33,806 [ERROR] é‡è©¦ä¸Šå‚³æ™‚å‡ºéŒ¯: Object of type Decimal is not JSON serializable
2025-03-19 09:36:33,807 [INFO] è¨˜éŒ„ 1509 é‡è©¦å¤±æ•—: ä¸Šå‚³éç¨‹ä¸­å‡ºéŒ¯: Object of type Decimal is not JSON serializable
2025-03-19 09:36:33,809 [INFO] çµæœå·²ä¿å­˜åˆ° C:\Users\Zerouniquqe\Documents\projects\label_printer\results\api_retry_results.json
2025-03-19 09:36:35,810 [INFO] æº–å‚™é‡è©¦ä¸Šå‚³è¨˜éŒ„ID: 1510
2025-03-19 09:36:35,890 [ERROR] é‡è©¦ä¸Šå‚³æ™‚å‡ºéŒ¯: Object of type Decimal is not JSON serializable
2025-03-19 09:36:35,890 [INFO] è¨˜éŒ„ 1510 é‡è©¦å¤±æ•—: ä¸Šå‚³éç¨‹ä¸­å‡ºéŒ¯: Object of type Decimal is not JSON serializable
2025-03-19 09:36:35,891 [INFO] çµæœå·²ä¿å­˜åˆ° C:\Users\Zerouniquqe\Documents\projects\label_printer\results\api_retry_results.json
2025-03-19 09:36:37,892 [INFO] æº–å‚™é‡è©¦ä¸Šå‚³è¨˜éŒ„ID: 1511
2025-03-19 09:36:37,978 [ERROR] é‡è©¦ä¸Šå‚³æ™‚å‡ºéŒ¯: Object of type Decimal is not JSON serializable
2025-03-19 09:36:37,979 [INFO] è¨˜éŒ„ 1511 é‡è©¦å¤±æ•—: ä¸Šå‚³éç¨‹ä¸­å‡ºéŒ¯: Object of type Decimal is not JSON serializable
2025-03-19 09:36:37,980 [INFO] çµæœå·²ä¿å­˜åˆ° C:\Users\Zerouniquqe\Documents\projects\label_printer\results\api_retry_results.json
2025-03-19 09:36:39,984 [INFO] æº–å‚™é‡è©¦ä¸Šå‚³è¨˜éŒ„ID: 1512
2025-03-19 09:36:40,061 [ERROR] é‡è©¦ä¸Šå‚³æ™‚å‡ºéŒ¯: Object of type Decimal is not JSON serializable
2025-03-19 09:36:40,062 [INFO] è¨˜éŒ„ 1512 é‡è©¦å¤±æ•—: ä¸Šå‚³éç¨‹ä¸­å‡ºéŒ¯: Object of type Decimal is not JSON serializable
2025-03-19 09:36:40,064 [INFO] çµæœå·²ä¿å­˜åˆ° C:\Users\Zerouniquqe\Documents\projects\label_printer\results\api_retry_results.json
2025-03-19 09:36:42,066 [INFO] é‡è©¦å®Œæˆ: ç¸½è¨ˆ 31, æˆåŠŸ 0, å¤±æ•— 31, è·³é 0
2025-03-19 09:36:42,067 [INFO] ===== APIä¸Šå‚³é‡è©¦æµç¨‹å®Œæˆ =====
2025-03-19 09:37:53,103 [INFO] ===== é–‹å§‹APIä¸Šå‚³é‡è©¦æµç¨‹ =====
2025-03-19 09:37:53,104 [INFO] æŸ¥æ‰¾è¿‘ 8 å¤©å…§çš„å¤±æ•—ä¸Šå‚³...
2025-03-19 09:37:53,106 [INFO] æ‰¾åˆ° 3 å€‹æ—¥èªŒæ–‡ä»¶é€²è¡Œåˆ†æ
2025-03-19 09:37:53,107 [INFO] åˆ†ææ—¥èªŒæ–‡ä»¶: sync_20250312.log
2025-03-19 09:37:53,124 [INFO] åœ¨æ­¤æ–‡ä»¶ä¸­æ‰¾åˆ° 31 æ¢å¤±æ•—è¨˜éŒ„
2025-03-19 09:37:53,125 [INFO] åˆ†ææ—¥èªŒæ–‡ä»¶: sync_20250318.log
2025-03-19 09:37:53,127 [INFO] åˆ†ææ—¥èªŒæ–‡ä»¶: sync_20250319.log
2025-03-19 09:37:53,128 [INFO] ç¸½å…±æ‰¾åˆ° 31 æ¢å¤±æ•—çš„APIä¸Šå‚³
2025-03-19 09:37:53,128 [INFO] other éŒ¯èª¤: 9 æ¢
2025-03-19 09:37:53,129 [INFO] authentication éŒ¯èª¤: 22 æ¢
2025-03-19 09:37:53,129 [INFO] æ‰¾åˆ° 0 æ¢æ–°çš„å¤±æ•—ä¸Šå‚³
2025-03-19 09:37:53,131 [INFO] çµæœå·²ä¿å­˜åˆ° C:\Users\Zerouniquqe\Documents\projects\label_printer\results\api_retry_results.json
2025-03-19 09:37:53,141 [INFO] æ‰¾åˆ° 31 æ¢å¾…è™•ç†çš„å¤±æ•—ä¸Šå‚³
2025-03-19 09:37:53,141 [INFO] æº–å‚™é‡è©¦ä¸Šå‚³è¨˜éŒ„ID: 1482
2025-03-19 09:37:53,590 [INFO] APIé€£æ¥æˆåŠŸ
2025-03-19 09:37:53,591 [ERROR] é‡è©¦ä¸Šå‚³æ™‚å‡ºéŒ¯: Object of type datetime is not JSON serializable
2025-03-19 09:37:53,592 [INFO] è¨˜éŒ„ 1482 é‡è©¦å¤±æ•—: ä¸Šå‚³éç¨‹ä¸­å‡ºéŒ¯: Object of type datetime is not JSON serializable
2025-03-19 09:37:53,594 [INFO] çµæœå·²ä¿å­˜åˆ° C:\Users\Zerouniquqe\Documents\projects\label_printer\results\api_retry_results.json
2025-03-19 09:37:55,596 [INFO] æº–å‚™é‡è©¦ä¸Šå‚³è¨˜éŒ„ID: 1483
2025-03-19 09:37:55,680 [ERROR] é‡è©¦ä¸Šå‚³æ™‚å‡ºéŒ¯: Object of type datetime is not JSON serializable
2025-03-19 09:37:55,680 [INFO] è¨˜éŒ„ 1483 é‡è©¦å¤±æ•—: ä¸Šå‚³éç¨‹ä¸­å‡ºéŒ¯: Object of type datetime is not JSON serializable
2025-03-19 09:37:55,682 [INFO] çµæœå·²ä¿å­˜åˆ° C:\Users\Zerouniquqe\Documents\projects\label_printer\results\api_retry_results.json
2025-03-19 09:37:57,683 [INFO] æº–å‚™é‡è©¦ä¸Šå‚³è¨˜éŒ„ID: 1484
2025-03-19 09:37:57,762 [ERROR] é‡è©¦ä¸Šå‚³æ™‚å‡ºéŒ¯: Object of type datetime is not JSON serializable
2025-03-19 09:37:57,763 [INFO] è¨˜éŒ„ 1484 é‡è©¦å¤±æ•—: ä¸Šå‚³éç¨‹ä¸­å‡ºéŒ¯: Object of type datetime is not JSON serializable
2025-03-19 09:37:57,764 [INFO] çµæœå·²ä¿å­˜åˆ° C:\Users\Zerouniquqe\Documents\projects\label_printer\results\api_retry_results.json
2025-03-19 09:39:43,838 [INFO] ===== é–‹å§‹APIä¸Šå‚³é‡è©¦æµç¨‹ =====
2025-03-19 09:39:43,839 [INFO] æŸ¥æ‰¾è¿‘ 8 å¤©å…§çš„å¤±æ•—ä¸Šå‚³...
2025-03-19 09:39:43,841 [INFO] æ‰¾åˆ° 3 å€‹æ—¥èªŒæ–‡ä»¶é€²è¡Œåˆ†æ
2025-03-19 09:39:43,842 [INFO] åˆ†ææ—¥èªŒæ–‡ä»¶: sync_20250312.log
2025-03-19 09:39:43,861 [INFO] åœ¨æ­¤æ–‡ä»¶ä¸­æ‰¾åˆ° 31 æ¢å¤±æ•—è¨˜éŒ„
2025-03-19 09:39:43,862 [INFO] åˆ†ææ—¥èªŒæ–‡ä»¶: sync_20250318.log
2025-03-19 09:39:43,862 [INFO] åˆ†ææ—¥èªŒæ–‡ä»¶: sync_20250319.log
2025-03-19 09:39:43,863 [INFO] ç¸½å…±æ‰¾åˆ° 31 æ¢å¤±æ•—çš„APIä¸Šå‚³
2025-03-19 09:39:43,863 [INFO] other éŒ¯èª¤: 9 æ¢
2025-03-19 09:39:43,863 [INFO] authentication éŒ¯èª¤: 22 æ¢
2025-03-19 09:39:43,873 [INFO] æ‰¾åˆ° 0 æ¢æ–°çš„å¤±æ•—ä¸Šå‚³
2025-03-19 09:39:43,875 [INFO] çµæœå·²ä¿å­˜åˆ° C:\Users\Zerouniquqe\Documents\projects\label_printer\results\api_retry_results.json
2025-03-19 09:39:43,884 [INFO] æ‰¾åˆ° 31 æ¢å¾…è™•ç†çš„å¤±æ•—ä¸Šå‚³
2025-03-19 09:39:43,884 [INFO] æº–å‚™é‡è©¦ä¸Šå‚³è¨˜éŒ„ID: 1482
2025-03-19 09:39:44,285 [INFO] APIé€£æ¥æˆåŠŸ
2025-03-19 09:39:44,285 [ERROR] é‡è©¦ä¸Šå‚³æ™‚å‡ºéŒ¯: Object of type datetime is not JSON serializable
2025-03-19 09:39:44,286 [INFO] è¨˜éŒ„ 1482 é‡è©¦å¤±æ•—: ä¸Šå‚³éç¨‹ä¸­å‡ºéŒ¯: Object of type datetime is not JSON serializable
2025-03-19 09:39:44,287 [INFO] çµæœå·²ä¿å­˜åˆ° C:\Users\Zerouniquqe\Documents\projects\label_printer\results\api_retry_results.json
2025-03-19 09:39:46,291 [INFO] æº–å‚™é‡è©¦ä¸Šå‚³è¨˜éŒ„ID: 1483
2025-03-19 09:39:46,390 [ERROR] é‡è©¦ä¸Šå‚³æ™‚å‡ºéŒ¯: Object of type datetime is not JSON serializable
2025-03-19 09:39:46,391 [INFO] è¨˜éŒ„ 1483 é‡è©¦å¤±æ•—: ä¸Šå‚³éç¨‹ä¸­å‡ºéŒ¯: Object of type datetime is not JSON serializable
2025-03-19 09:39:46,393 [INFO] çµæœå·²ä¿å­˜åˆ° C:\Users\Zerouniquqe\Documents\projects\label_printer\results\api_retry_results.json
2025-03-19 09:40:00,587 [INFO] ===== é–‹å§‹APIä¸Šå‚³é‡è©¦æµç¨‹ =====
2025-03-19 09:40:00,587 [INFO] æŸ¥æ‰¾è¿‘ 8 å¤©å…§çš„å¤±æ•—ä¸Šå‚³...
2025-03-19 09:40:00,589 [INFO] æ‰¾åˆ° 3 å€‹æ—¥èªŒæ–‡ä»¶é€²è¡Œåˆ†æ
2025-03-19 09:40:00,589 [INFO] åˆ†ææ—¥èªŒæ–‡ä»¶: sync_20250312.log
2025-03-19 09:40:00,607 [INFO] åœ¨æ­¤æ–‡ä»¶ä¸­æ‰¾åˆ° 31 æ¢å¤±æ•—è¨˜éŒ„
2025-03-19 09:40:00,607 [INFO] åˆ†ææ—¥èªŒæ–‡ä»¶: sync_20250318.log
2025-03-19 09:40:00,608 [INFO] åˆ†ææ—¥èªŒæ–‡ä»¶: sync_20250319.log
2025-03-19 09:40:00,609 [INFO] ç¸½å…±æ‰¾åˆ° 31 æ¢å¤±æ•—çš„APIä¸Šå‚³
2025-03-19 09:40:00,610 [INFO] other éŒ¯èª¤: 9 æ¢
2025-03-19 09:40:00,610 [INFO] authentication éŒ¯èª¤: 22 æ¢
2025-03-19 09:40:00,619 [INFO] æ‰¾åˆ° 0 æ¢æ–°çš„å¤±æ•—ä¸Šå‚³
2025-03-19 09:40:00,621 [INFO] çµæœå·²ä¿å­˜åˆ° C:\Users\Zerouniquqe\Documents\projects\label_printer\results\api_retry_results.json
2025-03-19 09:40:00,631 [INFO] æ‰¾åˆ° 29 æ¢å¾…è™•ç†çš„å¤±æ•—ä¸Šå‚³
2025-03-19 09:40:00,632 [INFO] æº–å‚™é‡è©¦ä¸Šå‚³è¨˜éŒ„ID: 1484
2025-03-19 09:40:01,035 [INFO] APIé€£æ¥æˆåŠŸ
2025-03-19 09:40:01,037 [ERROR] é‡è©¦ä¸Šå‚³æ™‚å‡ºéŒ¯: Object of type datetime is not JSON serializable
2025-03-19 09:40:01,038 [INFO] è¨˜éŒ„ 1484 é‡è©¦å¤±æ•—: ä¸Šå‚³éç¨‹ä¸­å‡ºéŒ¯: Object of type datetime is not JSON serializable
2025-03-19 09:40:01,040 [INFO] çµæœå·²ä¿å­˜åˆ° C:\Users\Zerouniquqe\Documents\projects\label_printer\results\api_retry_results.json
2025-03-19 09:40:03,041 [INFO] æº–å‚™é‡è©¦ä¸Šå‚³è¨˜éŒ„ID: 1485
2025-03-19 09:40:03,123 [ERROR] é‡è©¦ä¸Šå‚³æ™‚å‡ºéŒ¯: Object of type datetime is not JSON serializable
2025-03-19 09:40:03,123 [INFO] è¨˜éŒ„ 1485 é‡è©¦å¤±æ•—: ä¸Šå‚³éç¨‹ä¸­å‡ºéŒ¯: Object of type datetime is not JSON serializable
2025-03-19 09:40:03,124 [INFO] çµæœå·²ä¿å­˜åˆ° C:\Users\Zerouniquqe\Documents\projects\label_printer\results\api_retry_results.json
2025-03-19 09:41:35,327 [INFO] ===== é–‹å§‹APIä¸Šå‚³é‡è©¦æµç¨‹ =====
2025-03-19 09:41:35,327 [INFO] æŸ¥æ‰¾è¿‘ 8 å¤©å…§çš„å¤±æ•—ä¸Šå‚³...
2025-03-19 09:41:35,329 [INFO] æ‰¾åˆ° 3 å€‹æ—¥èªŒæ–‡ä»¶é€²è¡Œåˆ†æ
2025-03-19 09:41:35,330 [INFO] åˆ†ææ—¥èªŒæ–‡ä»¶: sync_20250312.log
2025-03-19 09:41:35,347 [INFO] åœ¨æ­¤æ–‡ä»¶ä¸­æ‰¾åˆ° 31 æ¢å¤±æ•—è¨˜éŒ„
2025-03-19 09:41:35,348 [INFO] åˆ†ææ—¥èªŒæ–‡ä»¶: sync_20250318.log
2025-03-19 09:41:35,348 [INFO] åˆ†ææ—¥èªŒæ–‡ä»¶: sync_20250319.log
2025-03-19 09:41:35,349 [INFO] ç¸½å…±æ‰¾åˆ° 31 æ¢å¤±æ•—çš„APIä¸Šå‚³
2025-03-19 09:41:35,349 [INFO] other éŒ¯èª¤: 9 æ¢
2025-03-19 09:41:35,349 [INFO] authentication éŒ¯èª¤: 22 æ¢
2025-03-19 09:41:35,361 [INFO] æ‰¾åˆ° 0 æ¢æ–°çš„å¤±æ•—ä¸Šå‚³
2025-03-19 09:41:35,363 [INFO] çµæœå·²ä¿å­˜åˆ° C:\Users\Zerouniquqe\Documents\projects\label_printer\results\api_retry_results.json
2025-03-19 09:41:35,374 [INFO] æ‰¾åˆ° 28 æ¢å¾…è™•ç†çš„å¤±æ•—ä¸Šå‚³
2025-03-19 09:41:35,374 [INFO] æº–å‚™é‡è©¦ä¸Šå‚³è¨˜éŒ„ID: 1485
2025-03-19 09:41:35,797 [INFO] APIé€£æ¥æˆåŠŸ
2025-03-19 09:41:36,027 [INFO] æˆåŠŸä¸Šå‚³è¨˜éŒ„ID: 1485
2025-03-19 09:41:36,028 [INFO] è¨˜éŒ„ 1485 é‡è©¦æˆåŠŸ
2025-03-19 09:41:36,030 [INFO] çµæœå·²ä¿å­˜åˆ° C:\Users\Zerouniquqe\Documents\projects\label_printer\results\api_retry_results.json
2025-03-19 09:41:38,032 [INFO] æº–å‚™é‡è©¦ä¸Šå‚³è¨˜éŒ„ID: 1486
2025-03-19 09:41:38,347 [INFO] æˆåŠŸä¸Šå‚³è¨˜éŒ„ID: 1486
2025-03-19 09:41:38,347 [INFO] è¨˜éŒ„ 1486 é‡è©¦æˆåŠŸ
2025-03-19 09:41:38,348 [INFO] çµæœå·²ä¿å­˜åˆ° C:\Users\Zerouniquqe\Documents\projects\label_printer\results\api_retry_results.json
2025-03-19 09:41:40,350 [INFO] æº–å‚™é‡è©¦ä¸Šå‚³è¨˜éŒ„ID: 1487
2025-03-19 09:41:40,770 [INFO] æˆåŠŸä¸Šå‚³è¨˜éŒ„ID: 1487
2025-03-19 09:41:40,771 [INFO] è¨˜éŒ„ 1487 é‡è©¦æˆåŠŸ
2025-03-19 09:41:40,773 [INFO] çµæœå·²ä¿å­˜åˆ° C:\Users\Zerouniquqe\Documents\projects\label_printer\results\api_retry_results.json
2025-03-19 09:41:42,777 [INFO] æº–å‚™é‡è©¦ä¸Šå‚³è¨˜éŒ„ID: 1488
2025-03-19 09:41:43,297 [INFO] æˆåŠŸä¸Šå‚³è¨˜éŒ„ID: 1488
2025-03-19 09:41:43,298 [INFO] è¨˜éŒ„ 1488 é‡è©¦æˆåŠŸ
2025-03-19 09:41:43,299 [INFO] çµæœå·²ä¿å­˜åˆ° C:\Users\Zerouniquqe\Documents\projects\label_printer\results\api_retry_results.json
2025-03-19 09:41:45,303 [INFO] æº–å‚™é‡è©¦ä¸Šå‚³è¨˜éŒ„ID: 1489
2025-03-19 09:41:45,755 [INFO] æˆåŠŸä¸Šå‚³è¨˜éŒ„ID: 1489
2025-03-19 09:41:45,756 [INFO] è¨˜éŒ„ 1489 é‡è©¦æˆåŠŸ
2025-03-19 09:41:45,758 [INFO] çµæœå·²ä¿å­˜åˆ° C:\Users\Zerouniquqe\Documents\projects\label_printer\results\api_retry_results.json
2025-03-19 09:41:47,761 [INFO] æº–å‚™é‡è©¦ä¸Šå‚³è¨˜éŒ„ID: 1490
2025-03-19 09:41:48,185 [INFO] æˆåŠŸä¸Šå‚³è¨˜éŒ„ID: 1490
2025-03-19 09:41:48,185 [INFO] è¨˜éŒ„ 1490 é‡è©¦æˆåŠŸ
2025-03-19 09:41:48,187 [INFO] çµæœå·²ä¿å­˜åˆ° C:\Users\Zerouniquqe\Documents\projects\label_printer\results\api_retry_results.json
2025-03-19 09:41:50,188 [INFO] æº–å‚™é‡è©¦ä¸Šå‚³è¨˜éŒ„ID: 1491
2025-03-19 09:41:50,763 [INFO] æˆåŠŸä¸Šå‚³è¨˜éŒ„ID: 1491
2025-03-19 09:41:50,763 [INFO] è¨˜éŒ„ 1491 é‡è©¦æˆåŠŸ
2025-03-19 09:41:50,766 [INFO] çµæœå·²ä¿å­˜åˆ° C:\Users\Zerouniquqe\Documents\projects\label_printer\results\api_retry_results.json
2025-03-19 09:41:52,766 [INFO] æº–å‚™é‡è©¦ä¸Šå‚³è¨˜éŒ„ID: 1492
2025-03-19 09:41:53,097 [INFO] æˆåŠŸä¸Šå‚³è¨˜éŒ„ID: 1492
2025-03-19 09:41:53,097 [INFO] è¨˜éŒ„ 1492 é‡è©¦æˆåŠŸ
2025-03-19 09:41:53,099 [INFO] çµæœå·²ä¿å­˜åˆ° C:\Users\Zerouniquqe\Documents\projects\label_printer\results\api_retry_results.json
2025-03-19 09:41:55,100 [INFO] æº–å‚™é‡è©¦ä¸Šå‚³è¨˜éŒ„ID: 1493
2025-03-19 09:41:55,622 [INFO] æˆåŠŸä¸Šå‚³è¨˜éŒ„ID: 1493
2025-03-19 09:41:55,622 [INFO] è¨˜éŒ„ 1493 é‡è©¦æˆåŠŸ
2025-03-19 09:41:55,624 [INFO] çµæœå·²ä¿å­˜åˆ° C:\Users\Zerouniquqe\Documents\projects\label_printer\results\api_retry_results.json
2025-03-19 09:41:57,625 [INFO] æº–å‚™é‡è©¦ä¸Šå‚³è¨˜éŒ„ID: 1494
2025-03-19 09:41:58,052 [INFO] æˆåŠŸä¸Šå‚³è¨˜éŒ„ID: 1494
2025-03-19 09:41:58,052 [INFO] è¨˜éŒ„ 1494 é‡è©¦æˆåŠŸ
2025-03-19 09:41:58,053 [INFO] çµæœå·²ä¿å­˜åˆ° C:\Users\Zerouniquqe\Documents\projects\label_printer\results\api_retry_results.json
2025-03-19 09:42:00,054 [INFO] æº–å‚™é‡è©¦ä¸Šå‚³è¨˜éŒ„ID: 1495
2025-03-19 09:42:00,513 [INFO] æˆåŠŸä¸Šå‚³è¨˜éŒ„ID: 1495
2025-03-19 09:42:00,514 [INFO] è¨˜éŒ„ 1495 é‡è©¦æˆåŠŸ
2025-03-19 09:42:00,517 [INFO] çµæœå·²ä¿å­˜åˆ° C:\Users\Zerouniquqe\Documents\projects\label_printer\results\api_retry_results.json
2025-03-19 09:42:02,521 [INFO] æº–å‚™é‡è©¦ä¸Šå‚³è¨˜éŒ„ID: 1496
2025-03-19 09:42:02,854 [INFO] æˆåŠŸä¸Šå‚³è¨˜éŒ„ID: 1496
2025-03-19 09:42:02,854 [INFO] è¨˜éŒ„ 1496 é‡è©¦æˆåŠŸ
2025-03-19 09:42:02,857 [INFO] çµæœå·²ä¿å­˜åˆ° C:\Users\Zerouniquqe\Documents\projects\label_printer\results\api_retry_results.json
2025-03-19 09:42:04,860 [INFO] æº–å‚™é‡è©¦ä¸Šå‚³è¨˜éŒ„ID: 1497
2025-03-19 09:42:05,320 [INFO] æˆåŠŸä¸Šå‚³è¨˜éŒ„ID: 1497
2025-03-19 09:42:05,320 [INFO] è¨˜éŒ„ 1497 é‡è©¦æˆåŠŸ
2025-03-19 09:42:05,321 [INFO] çµæœå·²ä¿å­˜åˆ° C:\Users\Zerouniquqe\Documents\projects\label_printer\results\api_retry_results.json
2025-03-19 09:42:07,324 [INFO] æº–å‚™é‡è©¦ä¸Šå‚³è¨˜éŒ„ID: 1498
2025-03-19 09:42:07,823 [INFO] æˆåŠŸä¸Šå‚³è¨˜éŒ„ID: 1498
2025-03-19 09:42:07,824 [INFO] è¨˜éŒ„ 1498 é‡è©¦æˆåŠŸ
2025-03-19 09:42:07,826 [INFO] çµæœå·²ä¿å­˜åˆ° C:\Users\Zerouniquqe\Documents\projects\label_printer\results\api_retry_results.json
2025-03-19 09:42:09,827 [INFO] æº–å‚™é‡è©¦ä¸Šå‚³è¨˜éŒ„ID: 1499
2025-03-19 09:42:10,343 [INFO] æˆåŠŸä¸Šå‚³è¨˜éŒ„ID: 1499
2025-03-19 09:42:10,343 [INFO] è¨˜éŒ„ 1499 é‡è©¦æˆåŠŸ
2025-03-19 09:42:10,345 [INFO] çµæœå·²ä¿å­˜åˆ° C:\Users\Zerouniquqe\Documents\projects\label_printer\results\api_retry_results.json
2025-03-19 09:42:12,346 [INFO] æº–å‚™é‡è©¦ä¸Šå‚³è¨˜éŒ„ID: 1500
2025-03-19 09:42:12,826 [INFO] æˆåŠŸä¸Šå‚³è¨˜éŒ„ID: 1500
2025-03-19 09:42:12,827 [INFO] è¨˜éŒ„ 1500 é‡è©¦æˆåŠŸ
2025-03-19 09:42:12,830 [INFO] çµæœå·²ä¿å­˜åˆ° C:\Users\Zerouniquqe\Documents\projects\label_printer\results\api_retry_results.json
2025-03-19 09:42:14,833 [INFO] æº–å‚™é‡è©¦ä¸Šå‚³è¨˜éŒ„ID: 1501
2025-03-19 09:42:15,290 [INFO] æˆåŠŸä¸Šå‚³è¨˜éŒ„ID: 1501
2025-03-19 09:42:15,290 [INFO] è¨˜éŒ„ 1501 é‡è©¦æˆåŠŸ
2025-03-19 09:42:15,292 [INFO] çµæœå·²ä¿å­˜åˆ° C:\Users\Zerouniquqe\Documents\projects\label_printer\results\api_retry_results.json
2025-03-19 09:42:17,292 [INFO] æº–å‚™é‡è©¦ä¸Šå‚³è¨˜éŒ„ID: 1502
2025-03-19 09:42:17,915 [INFO] æˆåŠŸä¸Šå‚³è¨˜éŒ„ID: 1502
2025-03-19 09:42:17,915 [INFO] è¨˜éŒ„ 1502 é‡è©¦æˆåŠŸ
2025-03-19 09:42:17,917 [INFO] çµæœå·²ä¿å­˜åˆ° C:\Users\Zerouniquqe\Documents\projects\label_printer\results\api_retry_results.json
2025-03-19 09:42:19,920 [INFO] æº–å‚™é‡è©¦ä¸Šå‚³è¨˜éŒ„ID: 1503
2025-03-19 09:42:20,409 [INFO] æˆåŠŸä¸Šå‚³è¨˜éŒ„ID: 1503
2025-03-19 09:42:20,409 [INFO] è¨˜éŒ„ 1503 é‡è©¦æˆåŠŸ
2025-03-19 09:42:20,411 [INFO] çµæœå·²ä¿å­˜åˆ° C:\Users\Zerouniquqe\Documents\projects\label_printer\results\api_retry_results.json
2025-03-19 09:42:22,412 [INFO] æº–å‚™é‡è©¦ä¸Šå‚³è¨˜éŒ„ID: 1504
2025-03-19 09:42:22,872 [INFO] æˆåŠŸä¸Šå‚³è¨˜éŒ„ID: 1504
2025-03-19 09:42:22,872 [INFO] è¨˜éŒ„ 1504 é‡è©¦æˆåŠŸ
2025-03-19 09:42:22,874 [INFO] çµæœå·²ä¿å­˜åˆ° C:\Users\Zerouniquqe\Documents\projects\label_printer\results\api_retry_results.json
2025-03-19 09:42:24,875 [INFO] æº–å‚™é‡è©¦ä¸Šå‚³è¨˜éŒ„ID: 1505
2025-03-19 09:42:25,373 [INFO] æˆåŠŸä¸Šå‚³è¨˜éŒ„ID: 1505
2025-03-19 09:42:25,373 [INFO] è¨˜éŒ„ 1505 é‡è©¦æˆåŠŸ
2025-03-19 09:42:25,376 [INFO] çµæœå·²ä¿å­˜åˆ° C:\Users\Zerouniquqe\Documents\projects\label_printer\results\api_retry_results.json
2025-03-19 09:42:27,380 [INFO] æº–å‚™é‡è©¦ä¸Šå‚³è¨˜éŒ„ID: 1506
2025-03-19 09:42:27,804 [INFO] æˆåŠŸä¸Šå‚³è¨˜éŒ„ID: 1506
2025-03-19 09:42:27,804 [INFO] è¨˜éŒ„ 1506 é‡è©¦æˆåŠŸ
2025-03-19 09:42:27,806 [INFO] çµæœå·²ä¿å­˜åˆ° C:\Users\Zerouniquqe\Documents\projects\label_printer\results\api_retry_results.json
2025-03-19 09:42:29,807 [INFO] æº–å‚™é‡è©¦ä¸Šå‚³è¨˜éŒ„ID: 1507
2025-03-19 09:42:30,278 [INFO] æˆåŠŸä¸Šå‚³è¨˜éŒ„ID: 1507
2025-03-19 09:42:30,278 [INFO] è¨˜éŒ„ 1507 é‡è©¦æˆåŠŸ
2025-03-19 09:42:30,280 [INFO] çµæœå·²ä¿å­˜åˆ° C:\Users\Zerouniquqe\Documents\projects\label_printer\results\api_retry_results.json
2025-03-19 09:42:32,281 [INFO] æº–å‚™é‡è©¦ä¸Šå‚³è¨˜éŒ„ID: 1508
2025-03-19 09:42:32,818 [INFO] æˆåŠŸä¸Šå‚³è¨˜éŒ„ID: 1508
2025-03-19 09:42:32,818 [INFO] è¨˜éŒ„ 1508 é‡è©¦æˆåŠŸ
2025-03-19 09:42:32,820 [INFO] çµæœå·²ä¿å­˜åˆ° C:\Users\Zerouniquqe\Documents\projects\label_printer\results\api_retry_results.json
2025-03-19 09:42:34,822 [INFO] æº–å‚™é‡è©¦ä¸Šå‚³è¨˜éŒ„ID: 1509
2025-03-19 09:42:35,376 [INFO] æˆåŠŸä¸Šå‚³è¨˜éŒ„ID: 1509
2025-03-19 09:42:35,376 [INFO] è¨˜éŒ„ 1509 é‡è©¦æˆåŠŸ
2025-03-19 09:42:35,378 [INFO] çµæœå·²ä¿å­˜åˆ° C:\Users\Zerouniquqe\Documents\projects\label_printer\results\api_retry_results.json
2025-03-19 09:42:37,380 [INFO] æº–å‚™é‡è©¦ä¸Šå‚³è¨˜éŒ„ID: 1510
2025-03-19 09:42:37,916 [INFO] æˆåŠŸä¸Šå‚³è¨˜éŒ„ID: 1510
2025-03-19 09:42:37,916 [INFO] è¨˜éŒ„ 1510 é‡è©¦æˆåŠŸ
2025-03-19 09:42:37,918 [INFO] çµæœå·²ä¿å­˜åˆ° C:\Users\Zerouniquqe\Documents\projects\label_printer\results\api_retry_results.json
2025-03-19 09:42:39,921 [INFO] æº–å‚™é‡è©¦ä¸Šå‚³è¨˜éŒ„ID: 1511
2025-03-19 09:42:40,412 [INFO] æˆåŠŸä¸Šå‚³è¨˜éŒ„ID: 1511
2025-03-19 09:42:40,413 [INFO] è¨˜éŒ„ 1511 é‡è©¦æˆåŠŸ
2025-03-19 09:42:40,415 [INFO] çµæœå·²ä¿å­˜åˆ° C:\Users\Zerouniquqe\Documents\projects\label_printer\results\api_retry_results.json
2025-03-19 09:42:42,419 [INFO] æº–å‚™é‡è©¦ä¸Šå‚³è¨˜éŒ„ID: 1512
2025-03-19 09:42:42,753 [INFO] æˆåŠŸä¸Šå‚³è¨˜éŒ„ID: 1512
2025-03-19 09:42:42,754 [INFO] è¨˜éŒ„ 1512 é‡è©¦æˆåŠŸ
2025-03-19 09:42:42,756 [INFO] çµæœå·²ä¿å­˜åˆ° C:\Users\Zerouniquqe\Documents\projects\label_printer\results\api_retry_results.json
2025-03-19 09:42:44,757 [INFO] é‡è©¦å®Œæˆ: ç¸½è¨ˆ 28, æˆåŠŸ 28, å¤±æ•— 0, è·³é 0
2025-03-19 09:42:44,758 [INFO] ===== APIä¸Šå‚³é‡è©¦æµç¨‹å®Œæˆ =====
2025-03-19 09:46:38,551 [INFO] æº–å‚™é‡è©¦ä¸Šå‚³è¨˜éŒ„ID: 1482
2025-03-19 09:46:39,013 [INFO] APIé€£æ¥æˆåŠŸ
2025-03-19 09:46:39,447 [INFO] æˆåŠŸä¸Šå‚³è¨˜éŒ„ID: 1482
2025-03-19 09:46:39,449 [INFO] çµæœå·²ä¿å­˜åˆ° C:\Users\Zerouniquqe\Documents\projects\label_printer\results\api_retry_results.json
2025-03-19 09:46:50,385 [INFO] æº–å‚™é‡è©¦ä¸Šå‚³è¨˜éŒ„ID: 1483
2025-03-19 09:46:50,813 [INFO] APIé€£æ¥æˆåŠŸ
2025-03-19 09:46:51,067 [INFO] æˆåŠŸä¸Šå‚³è¨˜éŒ„ID: 1483
2025-03-19 09:46:51,070 [INFO] çµæœå·²ä¿å­˜åˆ° C:\Users\Zerouniquqe\Documents\projects\label_printer\results\api_retry_results.json
2025-03-19 09:47:03,448 [INFO] æº–å‚™é‡è©¦ä¸Šå‚³è¨˜éŒ„ID: 1484
2025-03-19 09:47:03,952 [INFO] APIé€£æ¥æˆåŠŸ
2025-03-19 09:47:04,209 [INFO] æˆåŠŸä¸Šå‚³è¨˜éŒ„ID: 1484
2025-03-19 09:47:04,213 [INFO] çµæœå·²ä¿å­˜åˆ° C:\Users\Zerouniquqe\Documents\projects\label_printer\results\api_retry_results.json
